{"/home/pavelpivo/Documents/KP/GetTogether/Back/app.js": {"path":"/home/pavelpivo/Documents/KP/GetTogether/Back/app.js","statementMap":{"0":{"start":{"line":1,"column":16},"end":{"line":1,"column":34}},"1":{"start":{"line":2,"column":13},"end":{"line":2,"column":28}},"2":{"start":{"line":3,"column":21},"end":{"line":3,"column":45}},"3":{"start":{"line":4,"column":19},"end":{"line":4,"column":49}},"4":{"start":{"line":5,"column":20},"end":{"line":5,"column":51}},"5":{"start":{"line":6,"column":19},"end":{"line":6,"column":49}},"6":{"start":{"line":7,"column":20},"end":{"line":7,"column":51}},"7":{"start":{"line":8,"column":24},"end":{"line":8,"column":59}},"8":{"start":{"line":9,"column":33},"end":{"line":9,"column":71}},"9":{"start":{"line":10,"column":13},"end":{"line":10,"column":51}},"10":{"start":{"line":12,"column":12},"end":{"line":12,"column":21}},"11":{"start":{"line":15,"column":28},"end":{"line":15,"column":72}},"12":{"start":{"line":16,"column":0},"end":{"line":16,"column":110}},"13":{"start":{"line":18,"column":0},"end":{"line":18,"column":24}},"14":{"start":{"line":19,"column":0},"end":{"line":19,"column":24}},"15":{"start":{"line":21,"column":0},"end":{"line":24,"column":4}},"16":{"start":{"line":27,"column":0},"end":{"line":27,"column":33}},"17":{"start":{"line":28,"column":0},"end":{"line":28,"column":35}},"18":{"start":{"line":31,"column":0},"end":{"line":31,"column":39}},"19":{"start":{"line":34,"column":0},"end":{"line":34,"column":62}},"20":{"start":{"line":37,"column":0},"end":{"line":37,"column":50}},"21":{"start":{"line":40,"column":0},"end":{"line":52,"column":3}},"22":{"start":{"line":41,"column":2},"end":{"line":46,"column":3}},"23":{"start":{"line":42,"column":4},"end":{"line":44,"column":5}},"24":{"start":{"line":43,"column":6},"end":{"line":43,"column":97}},"25":{"start":{"line":45,"column":4},"end":{"line":45,"column":84}},"26":{"start":{"line":47,"column":2},"end":{"line":49,"column":3}},"27":{"start":{"line":48,"column":4},"end":{"line":48,"column":56}},"28":{"start":{"line":50,"column":2},"end":{"line":50,"column":41}},"29":{"start":{"line":51,"column":2},"end":{"line":51,"column":63}},"30":{"start":{"line":54,"column":0},"end":{"line":54,"column":21}}},"fnMap":{"0":{"name":"(anonymous_0)","decl":{"start":{"line":40,"column":8},"end":{"line":40,"column":9}},"loc":{"start":{"line":40,"column":35},"end":{"line":52,"column":1}},"line":40}},"branchMap":{"0":{"loc":{"start":{"line":41,"column":2},"end":{"line":46,"column":3}},"type":"if","locations":[{"start":{"line":41,"column":2},"end":{"line":46,"column":3}},{"start":{},"end":{}}],"line":41},"1":{"loc":{"start":{"line":42,"column":4},"end":{"line":44,"column":5}},"type":"if","locations":[{"start":{"line":42,"column":4},"end":{"line":44,"column":5}},{"start":{},"end":{}}],"line":42},"2":{"loc":{"start":{"line":47,"column":2},"end":{"line":49,"column":3}},"type":"if","locations":[{"start":{"line":47,"column":2},"end":{"line":49,"column":3}},{"start":{},"end":{}}],"line":47},"3":{"loc":{"start":{"line":47,"column":6},"end":{"line":47,"column":73}},"type":"binary-expr","locations":[{"start":{"line":47,"column":6},"end":{"line":47,"column":17}},{"start":{"line":47,"column":21},"end":{"line":47,"column":73}}],"line":47}},"s":{"0":7,"1":7,"2":7,"3":7,"4":7,"5":7,"6":7,"7":7,"8":7,"9":7,"10":7,"11":7,"12":7,"13":7,"14":7,"15":7,"16":7,"17":7,"18":7,"19":7,"20":7,"21":7,"22":0,"23":0,"24":0,"25":0,"26":0,"27":0,"28":0,"29":0,"30":7},"f":{"0":0},"b":{"0":[0,0],"1":[0,0],"2":[0,0],"3":[0,0]},"_coverageSchema":"1a1c01bbd47fc00a2c39e90264f33305004495a9","hash":"0416552d2093c150317bfee0e475a4074ece71a5"}
,"/home/pavelpivo/Documents/KP/GetTogether/Back/controllers/adminController.js": {"path":"/home/pavelpivo/Documents/KP/GetTogether/Back/controllers/adminController.js","statementMap":{"0":{"start":{"line":1,"column":24},"end":{"line":1,"column":66}},"1":{"start":{"line":2,"column":24},"end":{"line":2,"column":50}},"2":{"start":{"line":4,"column":23},"end":{"line":4,"column":75}},"3":{"start":{"line":5,"column":30},"end":{"line":5,"column":89}},"4":{"start":{"line":7,"column":19},"end":{"line":7,"column":56}},"5":{"start":{"line":8,"column":23},"end":{"line":8,"column":60}},"6":{"start":{"line":9,"column":15},"end":{"line":9,"column":35}},"7":{"start":{"line":16,"column":4},"end":{"line":25,"column":5}},"8":{"start":{"line":17,"column":32},"end":{"line":17,"column":40}},"9":{"start":{"line":18,"column":6},"end":{"line":20,"column":7}},"10":{"start":{"line":19,"column":8},"end":{"line":19,"column":81}},"11":{"start":{"line":21,"column":6},"end":{"line":21,"column":59}},"12":{"start":{"line":22,"column":6},"end":{"line":22,"column":63}},"13":{"start":{"line":24,"column":6},"end":{"line":24,"column":53}},"14":{"start":{"line":29,"column":4},"end":{"line":39,"column":5}},"15":{"start":{"line":30,"column":30},"end":{"line":30,"column":40}},"16":{"start":{"line":31,"column":32},"end":{"line":31,"column":40}},"17":{"start":{"line":32,"column":6},"end":{"line":34,"column":7}},"18":{"start":{"line":33,"column":8},"end":{"line":33,"column":87}},"19":{"start":{"line":35,"column":6},"end":{"line":35,"column":71}},"20":{"start":{"line":36,"column":6},"end":{"line":36,"column":67}},"21":{"start":{"line":38,"column":6},"end":{"line":38,"column":53}},"22":{"start":{"line":44,"column":4},"end":{"line":50,"column":5}},"23":{"start":{"line":45,"column":30},"end":{"line":45,"column":40}},"24":{"start":{"line":46,"column":6},"end":{"line":46,"column":56}},"25":{"start":{"line":47,"column":6},"end":{"line":47,"column":61}},"26":{"start":{"line":49,"column":6},"end":{"line":49,"column":53}},"27":{"start":{"line":54,"column":4},"end":{"line":59,"column":5}},"28":{"start":{"line":55,"column":20},"end":{"line":55,"column":52}},"29":{"start":{"line":56,"column":6},"end":{"line":56,"column":34}},"30":{"start":{"line":58,"column":6},"end":{"line":58,"column":53}},"31":{"start":{"line":63,"column":4},"end":{"line":70,"column":5}},"32":{"start":{"line":64,"column":26},"end":{"line":64,"column":36}},"33":{"start":{"line":65,"column":24},"end":{"line":65,"column":32}},"34":{"start":{"line":66,"column":6},"end":{"line":66,"column":52}},"35":{"start":{"line":67,"column":6},"end":{"line":67,"column":83}},"36":{"start":{"line":69,"column":6},"end":{"line":69,"column":53}},"37":{"start":{"line":74,"column":4},"end":{"line":79,"column":5}},"38":{"start":{"line":75,"column":23},"end":{"line":75,"column":67}},"39":{"start":{"line":76,"column":6},"end":{"line":76,"column":37}},"40":{"start":{"line":78,"column":6},"end":{"line":78,"column":53}},"41":{"start":{"line":83,"column":4},"end":{"line":90,"column":5}},"42":{"start":{"line":84,"column":29},"end":{"line":84,"column":39}},"43":{"start":{"line":85,"column":28},"end":{"line":85,"column":36}},"44":{"start":{"line":86,"column":6},"end":{"line":86,"column":69}},"45":{"start":{"line":87,"column":6},"end":{"line":87,"column":79}},"46":{"start":{"line":89,"column":6},"end":{"line":89,"column":53}},"47":{"start":{"line":94,"column":4},"end":{"line":100,"column":5}},"48":{"start":{"line":95,"column":26},"end":{"line":95,"column":36}},"49":{"start":{"line":96,"column":6},"end":{"line":96,"column":55}},"50":{"start":{"line":97,"column":6},"end":{"line":97,"column":87}},"51":{"start":{"line":99,"column":6},"end":{"line":99,"column":53}},"52":{"start":{"line":104,"column":4},"end":{"line":109,"column":5}},"53":{"start":{"line":105,"column":21},"end":{"line":105,"column":54}},"54":{"start":{"line":106,"column":6},"end":{"line":106,"column":35}},"55":{"start":{"line":108,"column":6},"end":{"line":108,"column":53}},"56":{"start":{"line":113,"column":4},"end":{"line":149,"column":5}},"57":{"start":{"line":114,"column":130},"end":{"line":114,"column":138}},"58":{"start":{"line":115,"column":20},"end":{"line":115,"column":36}},"59":{"start":{"line":116,"column":27},"end":{"line":116,"column":37}},"60":{"start":{"line":118,"column":23},"end":{"line":118,"column":32}},"61":{"start":{"line":119,"column":6},"end":{"line":125,"column":7}},"62":{"start":{"line":120,"column":8},"end":{"line":124,"column":9}},"63":{"start":{"line":121,"column":10},"end":{"line":121,"column":74}},"64":{"start":{"line":123,"column":10},"end":{"line":123,"column":49}},"65":{"start":{"line":127,"column":25},"end":{"line":129,"column":8}},"66":{"start":{"line":131,"column":6},"end":{"line":133,"column":7}},"67":{"start":{"line":132,"column":8},"end":{"line":132,"column":142}},"68":{"start":{"line":135,"column":20},"end":{"line":135,"column":189}},"69":{"start":{"line":137,"column":6},"end":{"line":145,"column":7}},"70":{"start":{"line":138,"column":29},"end":{"line":138,"column":74}},"71":{"start":{"line":139,"column":8},"end":{"line":143,"column":9}},"72":{"start":{"line":140,"column":34},"end":{"line":140,"column":63}},"73":{"start":{"line":141,"column":23},"end":{"line":141,"column":60}},"74":{"start":{"line":142,"column":10},"end":{"line":142,"column":105}},"75":{"start":{"line":144,"column":8},"end":{"line":144,"column":95}},"76":{"start":{"line":146,"column":6},"end":{"line":146,"column":78}},"77":{"start":{"line":148,"column":6},"end":{"line":148,"column":60}},"78":{"start":{"line":153,"column":4},"end":{"line":164,"column":5}},"79":{"start":{"line":154,"column":27},"end":{"line":154,"column":37}},"80":{"start":{"line":156,"column":6},"end":{"line":158,"column":7}},"81":{"start":{"line":157,"column":8},"end":{"line":157,"column":78}},"82":{"start":{"line":160,"column":6},"end":{"line":160,"column":50}},"83":{"start":{"line":161,"column":6},"end":{"line":161,"column":36}},"84":{"start":{"line":163,"column":6},"end":{"line":163,"column":60}},"85":{"start":{"line":169,"column":4},"end":{"line":174,"column":5}},"86":{"start":{"line":170,"column":20},"end":{"line":170,"column":54}},"87":{"start":{"line":171,"column":6},"end":{"line":171,"column":22}},"88":{"start":{"line":173,"column":6},"end":{"line":173,"column":53}},"89":{"start":{"line":178,"column":4},"end":{"line":205,"column":5}},"90":{"start":{"line":179,"column":121},"end":{"line":179,"column":129}},"91":{"start":{"line":180,"column":6},"end":{"line":182,"column":7}},"92":{"start":{"line":181,"column":8},"end":{"line":181,"column":75}},"93":{"start":{"line":183,"column":24},"end":{"line":183,"column":28}},"94":{"start":{"line":184,"column":6},"end":{"line":191,"column":7}},"95":{"start":{"line":185,"column":8},"end":{"line":190,"column":9}},"96":{"start":{"line":186,"column":25},"end":{"line":186,"column":80}},"97":{"start":{"line":187,"column":10},"end":{"line":187,"column":54}},"98":{"start":{"line":189,"column":10},"end":{"line":189,"column":77}},"99":{"start":{"line":192,"column":19},"end":{"line":201,"column":8}},"100":{"start":{"line":202,"column":6},"end":{"line":202,"column":33}},"101":{"start":{"line":204,"column":6},"end":{"line":204,"column":53}},"102":{"start":{"line":209,"column":4},"end":{"line":234,"column":5}},"103":{"start":{"line":210,"column":33},"end":{"line":210,"column":43}},"104":{"start":{"line":211,"column":121},"end":{"line":211,"column":129}},"105":{"start":{"line":212,"column":6},"end":{"line":214,"column":7}},"106":{"start":{"line":213,"column":8},"end":{"line":213,"column":76}},"107":{"start":{"line":215,"column":24},"end":{"line":215,"column":33}},"108":{"start":{"line":216,"column":6},"end":{"line":227,"column":7}},"109":{"start":{"line":217,"column":8},"end":{"line":226,"column":9}},"110":{"start":{"line":218,"column":10},"end":{"line":218,"column":29}},"111":{"start":{"line":220,"column":10},"end":{"line":225,"column":11}},"112":{"start":{"line":221,"column":27},"end":{"line":221,"column":82}},"113":{"start":{"line":222,"column":12},"end":{"line":222,"column":56}},"114":{"start":{"line":224,"column":12},"end":{"line":224,"column":79}},"115":{"start":{"line":228,"column":6},"end":{"line":228,"column":178}},"116":{"start":{"line":229,"column":22},"end":{"line":229,"column":69}},"117":{"start":{"line":230,"column":6},"end":{"line":230,"column":84}},"118":{"start":{"line":230,"column":20},"end":{"line":230,"column":84}},"119":{"start":{"line":231,"column":6},"end":{"line":231,"column":24}},"120":{"start":{"line":233,"column":6},"end":{"line":233,"column":53}},"121":{"start":{"line":238,"column":4},"end":{"line":244,"column":5}},"122":{"start":{"line":239,"column":33},"end":{"line":239,"column":43}},"123":{"start":{"line":240,"column":6},"end":{"line":240,"column":57}},"124":{"start":{"line":241,"column":6},"end":{"line":241,"column":29}},"125":{"start":{"line":243,"column":6},"end":{"line":243,"column":53}},"126":{"start":{"line":248,"column":0},"end":{"line":248,"column":50}}},"fnMap":{"0":{"name":"(anonymous_0)","decl":{"start":{"line":15,"column":2},"end":{"line":15,"column":3}},"loc":{"start":{"line":15,"column":30},"end":{"line":26,"column":3}},"line":15},"1":{"name":"(anonymous_1)","decl":{"start":{"line":28,"column":2},"end":{"line":28,"column":3}},"loc":{"start":{"line":28,"column":33},"end":{"line":40,"column":3}},"line":28},"2":{"name":"(anonymous_2)","decl":{"start":{"line":43,"column":2},"end":{"line":43,"column":3}},"loc":{"start":{"line":43,"column":33},"end":{"line":51,"column":3}},"line":43},"3":{"name":"(anonymous_3)","decl":{"start":{"line":53,"column":2},"end":{"line":53,"column":3}},"loc":{"start":{"line":53,"column":27},"end":{"line":60,"column":3}},"line":53},"4":{"name":"(anonymous_4)","decl":{"start":{"line":62,"column":2},"end":{"line":62,"column":3}},"loc":{"start":{"line":62,"column":26},"end":{"line":71,"column":3}},"line":62},"5":{"name":"(anonymous_5)","decl":{"start":{"line":73,"column":2},"end":{"line":73,"column":3}},"loc":{"start":{"line":73,"column":39},"end":{"line":80,"column":3}},"line":73},"6":{"name":"(anonymous_6)","decl":{"start":{"line":82,"column":2},"end":{"line":82,"column":3}},"loc":{"start":{"line":82,"column":36},"end":{"line":91,"column":3}},"line":82},"7":{"name":"(anonymous_7)","decl":{"start":{"line":93,"column":2},"end":{"line":93,"column":3}},"loc":{"start":{"line":93,"column":36},"end":{"line":101,"column":3}},"line":93},"8":{"name":"(anonymous_8)","decl":{"start":{"line":103,"column":2},"end":{"line":103,"column":3}},"loc":{"start":{"line":103,"column":28},"end":{"line":110,"column":3}},"line":103},"9":{"name":"(anonymous_9)","decl":{"start":{"line":112,"column":2},"end":{"line":112,"column":3}},"loc":{"start":{"line":112,"column":30},"end":{"line":150,"column":3}},"line":112},"10":{"name":"(anonymous_10)","decl":{"start":{"line":152,"column":2},"end":{"line":152,"column":3}},"loc":{"start":{"line":152,"column":30},"end":{"line":165,"column":3}},"line":152},"11":{"name":"(anonymous_11)","decl":{"start":{"line":168,"column":2},"end":{"line":168,"column":3}},"loc":{"start":{"line":168,"column":35},"end":{"line":175,"column":3}},"line":168},"12":{"name":"(anonymous_12)","decl":{"start":{"line":177,"column":2},"end":{"line":177,"column":3}},"loc":{"start":{"line":177,"column":36},"end":{"line":206,"column":3}},"line":177},"13":{"name":"(anonymous_13)","decl":{"start":{"line":208,"column":2},"end":{"line":208,"column":3}},"loc":{"start":{"line":208,"column":36},"end":{"line":235,"column":3}},"line":208},"14":{"name":"(anonymous_14)","decl":{"start":{"line":237,"column":2},"end":{"line":237,"column":3}},"loc":{"start":{"line":237,"column":36},"end":{"line":245,"column":3}},"line":237}},"branchMap":{"0":{"loc":{"start":{"line":18,"column":6},"end":{"line":20,"column":7}},"type":"if","locations":[{"start":{"line":18,"column":6},"end":{"line":20,"column":7}},{"start":{},"end":{}}],"line":18},"1":{"loc":{"start":{"line":32,"column":6},"end":{"line":34,"column":7}},"type":"if","locations":[{"start":{"line":32,"column":6},"end":{"line":34,"column":7}},{"start":{},"end":{}}],"line":32},"2":{"loc":{"start":{"line":119,"column":6},"end":{"line":125,"column":7}},"type":"if","locations":[{"start":{"line":119,"column":6},"end":{"line":125,"column":7}},{"start":{},"end":{}}],"line":119},"3":{"loc":{"start":{"line":121,"column":23},"end":{"line":121,"column":73}},"type":"cond-expr","locations":[{"start":{"line":121,"column":50},"end":{"line":121,"column":66}},{"start":{"line":121,"column":69},"end":{"line":121,"column":73}}],"line":121},"4":{"loc":{"start":{"line":131,"column":6},"end":{"line":133,"column":7}},"type":"if","locations":[{"start":{"line":131,"column":6},"end":{"line":133,"column":7}},{"start":{},"end":{}}],"line":131},"5":{"loc":{"start":{"line":131,"column":10},"end":{"line":131,"column":67}},"type":"binary-expr","locations":[{"start":{"line":131,"column":10},"end":{"line":131,"column":46}},{"start":{"line":131,"column":50},"end":{"line":131,"column":67}}],"line":131},"6":{"loc":{"start":{"line":132,"column":45},"end":{"line":132,"column":138}},"type":"cond-expr","locations":[{"start":{"line":132,"column":65},"end":{"line":132,"column":93}},{"start":{"line":132,"column":96},"end":{"line":132,"column":138}}],"line":132},"7":{"loc":{"start":{"line":137,"column":6},"end":{"line":145,"column":7}},"type":"if","locations":[{"start":{"line":137,"column":6},"end":{"line":145,"column":7}},{"start":{},"end":{}}],"line":137},"8":{"loc":{"start":{"line":139,"column":8},"end":{"line":143,"column":9}},"type":"if","locations":[{"start":{"line":139,"column":8},"end":{"line":143,"column":9}},{"start":{},"end":{}}],"line":139},"9":{"loc":{"start":{"line":156,"column":6},"end":{"line":158,"column":7}},"type":"if","locations":[{"start":{"line":156,"column":6},"end":{"line":158,"column":7}},{"start":{},"end":{}}],"line":156},"10":{"loc":{"start":{"line":180,"column":6},"end":{"line":182,"column":7}},"type":"if","locations":[{"start":{"line":180,"column":6},"end":{"line":182,"column":7}},{"start":{},"end":{}}],"line":180},"11":{"loc":{"start":{"line":180,"column":10},"end":{"line":180,"column":25}},"type":"binary-expr","locations":[{"start":{"line":180,"column":10},"end":{"line":180,"column":15}},{"start":{"line":180,"column":19},"end":{"line":180,"column":25}}],"line":180},"12":{"loc":{"start":{"line":184,"column":6},"end":{"line":191,"column":7}},"type":"if","locations":[{"start":{"line":184,"column":6},"end":{"line":191,"column":7}},{"start":{},"end":{}}],"line":184},"13":{"loc":{"start":{"line":186,"column":25},"end":{"line":186,"column":80}},"type":"cond-expr","locations":[{"start":{"line":186,"column":53},"end":{"line":186,"column":72}},{"start":{"line":186,"column":75},"end":{"line":186,"column":80}}],"line":186},"14":{"loc":{"start":{"line":212,"column":6},"end":{"line":214,"column":7}},"type":"if","locations":[{"start":{"line":212,"column":6},"end":{"line":214,"column":7}},{"start":{},"end":{}}],"line":212},"15":{"loc":{"start":{"line":216,"column":6},"end":{"line":227,"column":7}},"type":"if","locations":[{"start":{"line":216,"column":6},"end":{"line":227,"column":7}},{"start":{},"end":{}}],"line":216},"16":{"loc":{"start":{"line":217,"column":8},"end":{"line":226,"column":9}},"type":"if","locations":[{"start":{"line":217,"column":8},"end":{"line":226,"column":9}},{"start":{"line":219,"column":15},"end":{"line":226,"column":9}}],"line":217},"17":{"loc":{"start":{"line":217,"column":12},"end":{"line":217,"column":42}},"type":"binary-expr","locations":[{"start":{"line":217,"column":12},"end":{"line":217,"column":26}},{"start":{"line":217,"column":30},"end":{"line":217,"column":42}}],"line":217},"18":{"loc":{"start":{"line":221,"column":27},"end":{"line":221,"column":82}},"type":"cond-expr","locations":[{"start":{"line":221,"column":55},"end":{"line":221,"column":74}},{"start":{"line":221,"column":77},"end":{"line":221,"column":82}}],"line":221},"19":{"loc":{"start":{"line":230,"column":6},"end":{"line":230,"column":84}},"type":"if","locations":[{"start":{"line":230,"column":6},"end":{"line":230,"column":84}},{"start":{},"end":{}}],"line":230}},"s":{"0":7,"1":7,"2":7,"3":7,"4":7,"5":7,"6":7,"7":2,"8":2,"9":2,"10":1,"11":1,"12":1,"13":0,"14":2,"15":2,"16":2,"17":2,"18":1,"19":1,"20":1,"21":0,"22":2,"23":2,"24":2,"25":1,"26":1,"27":1,"28":1,"29":1,"30":0,"31":1,"32":1,"33":1,"34":1,"35":1,"36":0,"37":1,"38":1,"39":1,"40":0,"41":1,"42":1,"43":1,"44":1,"45":1,"46":0,"47":1,"48":1,"49":1,"50":1,"51":0,"52":0,"53":0,"54":0,"55":0,"56":6,"57":6,"58":6,"59":6,"60":6,"61":6,"62":2,"63":2,"64":1,"65":6,"66":6,"67":2,"68":4,"69":4,"70":3,"71":3,"72":1,"73":1,"74":1,"75":3,"76":1,"77":0,"78":2,"79":2,"80":2,"81":1,"82":1,"83":1,"84":0,"85":0,"86":0,"87":0,"88":0,"89":6,"90":6,"91":6,"92":1,"93":5,"94":5,"95":4,"96":4,"97":2,"98":2,"99":3,"100":3,"101":0,"102":3,"103":3,"104":3,"105":3,"106":0,"107":3,"108":3,"109":1,"110":0,"111":1,"112":1,"113":0,"114":1,"115":2,"116":2,"117":2,"118":1,"119":1,"120":0,"121":1,"122":1,"123":1,"124":1,"125":0,"126":7},"f":{"0":2,"1":2,"2":2,"3":1,"4":1,"5":1,"6":1,"7":1,"8":0,"9":6,"10":2,"11":0,"12":6,"13":3,"14":1},"b":{"0":[1,1],"1":[1,1],"2":[2,4],"3":[2,0],"4":[2,4],"5":[6,6],"6":[2,0],"7":[3,1],"8":[1,2],"9":[1,1],"10":[1,5],"11":[6,6],"12":[4,1],"13":[2,0],"14":[0,3],"15":[1,2],"16":[0,1],"17":[1,1],"18":[0,0],"19":[1,1]},"_coverageSchema":"1a1c01bbd47fc00a2c39e90264f33305004495a9","hash":"f44561f4d5b8a4d374162fa4fcc36bbd76443019"}
,"/home/pavelpivo/Documents/KP/GetTogether/Back/controllers/authController.js": {"path":"/home/pavelpivo/Documents/KP/GetTogether/Back/controllers/authController.js","statementMap":{"0":{"start":{"line":1,"column":15},"end":{"line":1,"column":34}},"1":{"start":{"line":2,"column":12},"end":{"line":2,"column":35}},"2":{"start":{"line":3,"column":15},"end":{"line":3,"column":35}},"3":{"start":{"line":7,"column":32},"end":{"line":7,"column":40}},"4":{"start":{"line":9,"column":4},"end":{"line":63,"column":5}},"5":{"start":{"line":10,"column":27},"end":{"line":10,"column":74}},"6":{"start":{"line":11,"column":6},"end":{"line":13,"column":7}},"7":{"start":{"line":12,"column":8},"end":{"line":12,"column":96}},"8":{"start":{"line":15,"column":19},"end":{"line":15,"column":43}},"9":{"start":{"line":16,"column":28},"end":{"line":16,"column":61}},"10":{"start":{"line":18,"column":19},"end":{"line":18,"column":81}},"11":{"start":{"line":21,"column":26},"end":{"line":27,"column":8}},"12":{"start":{"line":29,"column":27},"end":{"line":35,"column":8}},"13":{"start":{"line":38,"column":6},"end":{"line":43,"column":9}},"14":{"start":{"line":45,"column":6},"end":{"line":50,"column":9}},"15":{"start":{"line":52,"column":6},"end":{"line":60,"column":9}},"16":{"start":{"line":62,"column":6},"end":{"line":62,"column":88}},"17":{"start":{"line":67,"column":32},"end":{"line":67,"column":40}},"18":{"start":{"line":69,"column":4},"end":{"line":127,"column":5}},"19":{"start":{"line":70,"column":19},"end":{"line":70,"column":66}},"20":{"start":{"line":71,"column":6},"end":{"line":73,"column":7}},"21":{"start":{"line":72,"column":8},"end":{"line":72,"column":78}},"22":{"start":{"line":75,"column":6},"end":{"line":77,"column":7}},"23":{"start":{"line":76,"column":8},"end":{"line":76,"column":77}},"24":{"start":{"line":79,"column":22},"end":{"line":79,"column":72}},"25":{"start":{"line":80,"column":6},"end":{"line":82,"column":7}},"26":{"start":{"line":81,"column":8},"end":{"line":81,"column":78}},"27":{"start":{"line":85,"column":26},"end":{"line":91,"column":8}},"28":{"start":{"line":93,"column":27},"end":{"line":99,"column":8}},"29":{"start":{"line":102,"column":6},"end":{"line":107,"column":9}},"30":{"start":{"line":109,"column":6},"end":{"line":114,"column":9}},"31":{"start":{"line":116,"column":6},"end":{"line":124,"column":9}},"32":{"start":{"line":126,"column":6},"end":{"line":126,"column":88}},"33":{"start":{"line":131,"column":25},"end":{"line":131,"column":50}},"34":{"start":{"line":133,"column":4},"end":{"line":135,"column":5}},"35":{"start":{"line":134,"column":6},"end":{"line":134,"column":76}},"36":{"start":{"line":137,"column":4},"end":{"line":168,"column":5}},"37":{"start":{"line":138,"column":22},"end":{"line":138,"column":78}},"38":{"start":{"line":139,"column":19},"end":{"line":139,"column":58}},"39":{"start":{"line":141,"column":6},"end":{"line":143,"column":7}},"40":{"start":{"line":142,"column":8},"end":{"line":142,"column":75}},"41":{"start":{"line":145,"column":6},"end":{"line":147,"column":7}},"42":{"start":{"line":146,"column":8},"end":{"line":146,"column":77}},"43":{"start":{"line":150,"column":26},"end":{"line":156,"column":8}},"44":{"start":{"line":158,"column":6},"end":{"line":163,"column":9}},"45":{"start":{"line":165,"column":6},"end":{"line":165,"column":66}},"46":{"start":{"line":167,"column":6},"end":{"line":167,"column":81}},"47":{"start":{"line":174,"column":4},"end":{"line":174,"column":35}},"48":{"start":{"line":175,"column":4},"end":{"line":175,"column":36}},"49":{"start":{"line":176,"column":4},"end":{"line":176,"column":67}},"50":{"start":{"line":180,"column":0},"end":{"line":180,"column":38}}},"fnMap":{"0":{"name":"(anonymous_0)","decl":{"start":{"line":6,"column":2},"end":{"line":6,"column":3}},"loc":{"start":{"line":6,"column":33},"end":{"line":64,"column":3}},"line":6},"1":{"name":"(anonymous_1)","decl":{"start":{"line":66,"column":2},"end":{"line":66,"column":3}},"loc":{"start":{"line":66,"column":31},"end":{"line":128,"column":3}},"line":66},"2":{"name":"(anonymous_2)","decl":{"start":{"line":130,"column":2},"end":{"line":130,"column":3}},"loc":{"start":{"line":130,"column":31},"end":{"line":169,"column":3}},"line":130},"3":{"name":"(anonymous_3)","decl":{"start":{"line":173,"column":2},"end":{"line":173,"column":3}},"loc":{"start":{"line":173,"column":25},"end":{"line":177,"column":3}},"line":173}},"branchMap":{"0":{"loc":{"start":{"line":11,"column":6},"end":{"line":13,"column":7}},"type":"if","locations":[{"start":{"line":11,"column":6},"end":{"line":13,"column":7}},{"start":{},"end":{}}],"line":11},"1":{"loc":{"start":{"line":71,"column":6},"end":{"line":73,"column":7}},"type":"if","locations":[{"start":{"line":71,"column":6},"end":{"line":73,"column":7}},{"start":{},"end":{}}],"line":71},"2":{"loc":{"start":{"line":75,"column":6},"end":{"line":77,"column":7}},"type":"if","locations":[{"start":{"line":75,"column":6},"end":{"line":77,"column":7}},{"start":{},"end":{}}],"line":75},"3":{"loc":{"start":{"line":80,"column":6},"end":{"line":82,"column":7}},"type":"if","locations":[{"start":{"line":80,"column":6},"end":{"line":82,"column":7}},{"start":{},"end":{}}],"line":80},"4":{"loc":{"start":{"line":133,"column":4},"end":{"line":135,"column":5}},"type":"if","locations":[{"start":{"line":133,"column":4},"end":{"line":135,"column":5}},{"start":{},"end":{}}],"line":133},"5":{"loc":{"start":{"line":141,"column":6},"end":{"line":143,"column":7}},"type":"if","locations":[{"start":{"line":141,"column":6},"end":{"line":143,"column":7}},{"start":{},"end":{}}],"line":141},"6":{"loc":{"start":{"line":145,"column":6},"end":{"line":147,"column":7}},"type":"if","locations":[{"start":{"line":145,"column":6},"end":{"line":147,"column":7}},{"start":{},"end":{}}],"line":145}},"s":{"0":7,"1":7,"2":7,"3":2,"4":2,"5":2,"6":2,"7":1,"8":1,"9":1,"10":1,"11":1,"12":1,"13":1,"14":1,"15":1,"16":0,"17":9,"18":9,"19":9,"20":9,"21":1,"22":8,"23":1,"24":7,"25":7,"26":1,"27":6,"28":6,"29":6,"30":6,"31":6,"32":0,"33":6,"34":6,"35":2,"36":4,"37":4,"38":3,"39":3,"40":1,"41":2,"42":1,"43":1,"44":1,"45":1,"46":1,"47":1,"48":1,"49":1,"50":7},"f":{"0":2,"1":9,"2":6,"3":1},"b":{"0":[1,1],"1":[1,8],"2":[1,7],"3":[1,6],"4":[2,4],"5":[1,2],"6":[1,1]},"_coverageSchema":"1a1c01bbd47fc00a2c39e90264f33305004495a9","hash":"9bf4d0c2d7fe5a090d0dd7e83da58468052eaf1c"}
,"/home/pavelpivo/Documents/KP/GetTogether/Back/controllers/eventViewController.js": {"path":"/home/pavelpivo/Documents/KP/GetTogether/Back/controllers/eventViewController.js","statementMap":{"0":{"start":{"line":1,"column":28},"end":{"line":1,"column":72}},"1":{"start":{"line":5,"column":4},"end":{"line":5,"column":53}},"2":{"start":{"line":6,"column":4},"end":{"line":6,"column":49}},"3":{"start":{"line":7,"column":4},"end":{"line":7,"column":45}},"4":{"start":{"line":11,"column":4},"end":{"line":21,"column":5}},"5":{"start":{"line":12,"column":27},"end":{"line":12,"column":37}},"6":{"start":{"line":13,"column":22},"end":{"line":13,"column":42}},"7":{"start":{"line":14,"column":17},"end":{"line":14,"column":84}},"8":{"start":{"line":16,"column":6},"end":{"line":16,"column":62}},"9":{"start":{"line":17,"column":6},"end":{"line":17,"column":47}},"10":{"start":{"line":19,"column":6},"end":{"line":19,"column":49}},"11":{"start":{"line":20,"column":6},"end":{"line":20,"column":75}},"12":{"start":{"line":25,"column":4},"end":{"line":32,"column":5}},"13":{"start":{"line":26,"column":25},"end":{"line":26,"column":36}},"14":{"start":{"line":27,"column":20},"end":{"line":27,"column":71}},"15":{"start":{"line":28,"column":6},"end":{"line":28,"column":22}},"16":{"start":{"line":30,"column":6},"end":{"line":30,"column":47}},"17":{"start":{"line":31,"column":6},"end":{"line":31,"column":72}},"18":{"start":{"line":36,"column":0},"end":{"line":36,"column":43}}},"fnMap":{"0":{"name":"(anonymous_0)","decl":{"start":{"line":4,"column":2},"end":{"line":4,"column":3}},"loc":{"start":{"line":4,"column":16},"end":{"line":8,"column":3}},"line":4},"1":{"name":"(anonymous_1)","decl":{"start":{"line":10,"column":2},"end":{"line":10,"column":3}},"loc":{"start":{"line":10,"column":29},"end":{"line":22,"column":3}},"line":10},"2":{"name":"(anonymous_2)","decl":{"start":{"line":24,"column":2},"end":{"line":24,"column":3}},"loc":{"start":{"line":24,"column":27},"end":{"line":33,"column":3}},"line":24}},"branchMap":{"0":{"loc":{"start":{"line":13,"column":22},"end":{"line":13,"column":42}},"type":"binary-expr","locations":[{"start":{"line":13,"column":22},"end":{"line":13,"column":34}},{"start":{"line":13,"column":38},"end":{"line":13,"column":42}}],"line":13},"1":{"loc":{"start":{"line":14,"column":17},"end":{"line":14,"column":84}},"type":"binary-expr","locations":[{"start":{"line":14,"column":17},"end":{"line":14,"column":47}},{"start":{"line":14,"column":51},"end":{"line":14,"column":76}},{"start":{"line":14,"column":80},"end":{"line":14,"column":84}}],"line":14}},"s":{"0":7,"1":7,"2":7,"3":7,"4":2,"5":2,"6":2,"7":2,"8":2,"9":2,"10":0,"11":0,"12":2,"13":2,"14":2,"15":2,"16":0,"17":0,"18":7},"f":{"0":7,"1":2,"2":2},"b":{"0":[2,2],"1":[2,0,0]},"_coverageSchema":"1a1c01bbd47fc00a2c39e90264f33305004495a9","hash":"2047d05c175a838c2be74c6541416803b693d36c"}
,"/home/pavelpivo/Documents/KP/GetTogether/Back/controllers/organizerController.js": {"path":"/home/pavelpivo/Documents/KP/GetTogether/Back/controllers/organizerController.js","statementMap":{"0":{"start":{"line":1,"column":28},"end":{"line":1,"column":74}},"1":{"start":{"line":2,"column":19},"end":{"line":2,"column":56}},"2":{"start":{"line":3,"column":23},"end":{"line":3,"column":60}},"3":{"start":{"line":4,"column":23},"end":{"line":4,"column":38}},"4":{"start":{"line":5,"column":28},"end":{"line":5,"column":70}},"5":{"start":{"line":10,"column":8},"end":{"line":10,"column":66}},"6":{"start":{"line":12,"column":8},"end":{"line":12,"column":55}},"7":{"start":{"line":13,"column":8},"end":{"line":13,"column":57}},"8":{"start":{"line":14,"column":8},"end":{"line":14,"column":55}},"9":{"start":{"line":15,"column":8},"end":{"line":15,"column":55}},"10":{"start":{"line":16,"column":8},"end":{"line":16,"column":55}},"11":{"start":{"line":17,"column":8},"end":{"line":17,"column":77}},"12":{"start":{"line":18,"column":8},"end":{"line":18,"column":65}},"13":{"start":{"line":19,"column":8},"end":{"line":19,"column":79}},"14":{"start":{"line":23,"column":8},"end":{"line":71,"column":9}},"15":{"start":{"line":24,"column":136},"end":{"line":24,"column":144}},"16":{"start":{"line":25,"column":31},"end":{"line":25,"column":42}},"17":{"start":{"line":26,"column":26},"end":{"line":26,"column":42}},"18":{"start":{"line":28,"column":29},"end":{"line":28,"column":31}},"19":{"start":{"line":29,"column":12},"end":{"line":36,"column":13}},"20":{"start":{"line":30,"column":16},"end":{"line":35,"column":17}},"21":{"start":{"line":32,"column":20},"end":{"line":32,"column":84}},"22":{"start":{"line":34,"column":20},"end":{"line":34,"column":59}},"23":{"start":{"line":38,"column":31},"end":{"line":40,"column":14}},"24":{"start":{"line":42,"column":12},"end":{"line":44,"column":13}},"25":{"start":{"line":43,"column":16},"end":{"line":43,"column":85}},"26":{"start":{"line":45,"column":47},"end":{"line":45,"column":55}},"27":{"start":{"line":47,"column":26},"end":{"line":47,"column":234}},"28":{"start":{"line":49,"column":12},"end":{"line":53,"column":13}},"29":{"start":{"line":50,"column":40},"end":{"line":50,"column":69}},"30":{"start":{"line":51,"column":29},"end":{"line":51,"column":59}},"31":{"start":{"line":52,"column":16},"end":{"line":52,"column":97}},"32":{"start":{"line":56,"column":12},"end":{"line":56,"column":60}},"33":{"start":{"line":58,"column":12},"end":{"line":61,"column":15}},"34":{"start":{"line":63,"column":12},"end":{"line":63,"column":56}},"35":{"start":{"line":64,"column":12},"end":{"line":66,"column":13}},"36":{"start":{"line":65,"column":16},"end":{"line":65,"column":130}},"37":{"start":{"line":65,"column":105},"end":{"line":65,"column":114}},"38":{"start":{"line":67,"column":12},"end":{"line":69,"column":13}},"39":{"start":{"line":68,"column":16},"end":{"line":68,"column":87}},"40":{"start":{"line":70,"column":12},"end":{"line":70,"column":118}},"41":{"start":{"line":75,"column":8},"end":{"line":90,"column":9}},"42":{"start":{"line":76,"column":31},"end":{"line":76,"column":42}},"43":{"start":{"line":77,"column":27},"end":{"line":77,"column":82}},"44":{"start":{"line":79,"column":12},"end":{"line":85,"column":13}},"45":{"start":{"line":80,"column":16},"end":{"line":84,"column":17}},"46":{"start":{"line":81,"column":44},"end":{"line":81,"column":73}},"47":{"start":{"line":82,"column":33},"end":{"line":82,"column":63}},"48":{"start":{"line":83,"column":20},"end":{"line":83,"column":101}},"49":{"start":{"line":87,"column":12},"end":{"line":87,"column":36}},"50":{"start":{"line":89,"column":12},"end":{"line":89,"column":66}},"51":{"start":{"line":94,"column":8},"end":{"line":115,"column":9}},"52":{"start":{"line":95,"column":33},"end":{"line":95,"column":43}},"53":{"start":{"line":96,"column":31},"end":{"line":96,"column":42}},"54":{"start":{"line":97,"column":12},"end":{"line":99,"column":13}},"55":{"start":{"line":98,"column":16},"end":{"line":98,"column":86}},"56":{"start":{"line":101,"column":26},"end":{"line":101,"column":90}},"57":{"start":{"line":102,"column":12},"end":{"line":104,"column":13}},"58":{"start":{"line":103,"column":16},"end":{"line":103,"column":81}},"59":{"start":{"line":106,"column":12},"end":{"line":110,"column":13}},"60":{"start":{"line":107,"column":40},"end":{"line":107,"column":69}},"61":{"start":{"line":108,"column":29},"end":{"line":108,"column":59}},"62":{"start":{"line":109,"column":16},"end":{"line":109,"column":97}},"63":{"start":{"line":112,"column":12},"end":{"line":112,"column":35}},"64":{"start":{"line":114,"column":12},"end":{"line":114,"column":66}},"65":{"start":{"line":119,"column":8},"end":{"line":165,"column":9}},"66":{"start":{"line":120,"column":136},"end":{"line":120,"column":144}},"67":{"start":{"line":121,"column":33},"end":{"line":121,"column":43}},"68":{"start":{"line":122,"column":31},"end":{"line":122,"column":42}},"69":{"start":{"line":123,"column":26},"end":{"line":123,"column":42}},"70":{"start":{"line":125,"column":29},"end":{"line":125,"column":38}},"71":{"start":{"line":126,"column":12},"end":{"line":133,"column":13}},"72":{"start":{"line":128,"column":16},"end":{"line":132,"column":17}},"73":{"start":{"line":129,"column":20},"end":{"line":129,"column":84}},"74":{"start":{"line":131,"column":20},"end":{"line":131,"column":59}},"75":{"start":{"line":135,"column":12},"end":{"line":137,"column":13}},"76":{"start":{"line":136,"column":16},"end":{"line":136,"column":86}},"77":{"start":{"line":139,"column":31},"end":{"line":141,"column":14}},"78":{"start":{"line":143,"column":12},"end":{"line":145,"column":13}},"79":{"start":{"line":144,"column":16},"end":{"line":144,"column":85}},"80":{"start":{"line":147,"column":26},"end":{"line":147,"column":216}},"81":{"start":{"line":149,"column":12},"end":{"line":157,"column":13}},"82":{"start":{"line":150,"column":37},"end":{"line":150,"column":101}},"83":{"start":{"line":151,"column":16},"end":{"line":155,"column":17}},"84":{"start":{"line":152,"column":44},"end":{"line":152,"column":73}},"85":{"start":{"line":153,"column":33},"end":{"line":153,"column":70}},"86":{"start":{"line":154,"column":20},"end":{"line":154,"column":115}},"87":{"start":{"line":156,"column":16},"end":{"line":156,"column":91}},"88":{"start":{"line":158,"column":12},"end":{"line":158,"column":84}},"89":{"start":{"line":160,"column":12},"end":{"line":160,"column":56}},"90":{"start":{"line":161,"column":12},"end":{"line":163,"column":13}},"91":{"start":{"line":162,"column":16},"end":{"line":162,"column":130}},"92":{"start":{"line":162,"column":105},"end":{"line":162,"column":114}},"93":{"start":{"line":164,"column":12},"end":{"line":164,"column":98}},"94":{"start":{"line":169,"column":8},"end":{"line":182,"column":9}},"95":{"start":{"line":170,"column":33},"end":{"line":170,"column":43}},"96":{"start":{"line":171,"column":31},"end":{"line":171,"column":42}},"97":{"start":{"line":174,"column":12},"end":{"line":176,"column":13}},"98":{"start":{"line":175,"column":16},"end":{"line":175,"column":86}},"99":{"start":{"line":178,"column":12},"end":{"line":178,"column":77}},"100":{"start":{"line":179,"column":12},"end":{"line":179,"column":42}},"101":{"start":{"line":181,"column":12},"end":{"line":181,"column":66}},"102":{"start":{"line":186,"column":8},"end":{"line":202,"column":9}},"103":{"start":{"line":187,"column":43},"end":{"line":187,"column":51}},"104":{"start":{"line":188,"column":33},"end":{"line":188,"column":43}},"105":{"start":{"line":189,"column":31},"end":{"line":189,"column":42}},"106":{"start":{"line":191,"column":12},"end":{"line":193,"column":13}},"107":{"start":{"line":192,"column":16},"end":{"line":192,"column":141}},"108":{"start":{"line":195,"column":29},"end":{"line":195,"column":124}},"109":{"start":{"line":196,"column":12},"end":{"line":196,"column":38}},"110":{"start":{"line":198,"column":12},"end":{"line":200,"column":13}},"111":{"start":{"line":199,"column":16},"end":{"line":199,"column":70}},"112":{"start":{"line":201,"column":12},"end":{"line":201,"column":66}},"113":{"start":{"line":206,"column":8},"end":{"line":218,"column":9}},"114":{"start":{"line":207,"column":33},"end":{"line":207,"column":43}},"115":{"start":{"line":208,"column":31},"end":{"line":208,"column":42}},"116":{"start":{"line":210,"column":12},"end":{"line":212,"column":13}},"117":{"start":{"line":211,"column":16},"end":{"line":211,"column":86}},"118":{"start":{"line":214,"column":29},"end":{"line":214,"column":98}},"119":{"start":{"line":215,"column":12},"end":{"line":215,"column":38}},"120":{"start":{"line":217,"column":12},"end":{"line":217,"column":66}},"121":{"start":{"line":222,"column":8},"end":{"line":253,"column":9}},"122":{"start":{"line":223,"column":31},"end":{"line":223,"column":39}},"123":{"start":{"line":224,"column":31},"end":{"line":224,"column":42}},"124":{"start":{"line":226,"column":12},"end":{"line":228,"column":13}},"125":{"start":{"line":227,"column":16},"end":{"line":227,"column":76}},"126":{"start":{"line":231,"column":12},"end":{"line":235,"column":13}},"127":{"start":{"line":232,"column":16},"end":{"line":232,"column":48}},"128":{"start":{"line":234,"column":16},"end":{"line":234,"column":86}},"129":{"start":{"line":237,"column":56},"end":{"line":237,"column":66}},"130":{"start":{"line":239,"column":12},"end":{"line":241,"column":13}},"131":{"start":{"line":240,"column":16},"end":{"line":240,"column":82}},"132":{"start":{"line":243,"column":27},"end":{"line":243,"column":121}},"133":{"start":{"line":244,"column":12},"end":{"line":244,"column":36}},"134":{"start":{"line":247,"column":12},"end":{"line":251,"column":13}},"135":{"start":{"line":250,"column":16},"end":{"line":250,"column":70}},"136":{"start":{"line":252,"column":12},"end":{"line":252,"column":66}},"137":{"start":{"line":257,"column":0},"end":{"line":257,"column":43}}},"fnMap":{"0":{"name":"(anonymous_0)","decl":{"start":{"line":9,"column":4},"end":{"line":9,"column":5}},"loc":{"start":{"line":9,"column":18},"end":{"line":20,"column":5}},"line":9},"1":{"name":"(anonymous_1)","decl":{"start":{"line":22,"column":4},"end":{"line":22,"column":5}},"loc":{"start":{"line":22,"column":32},"end":{"line":72,"column":5}},"line":22},"2":{"name":"(anonymous_2)","decl":{"start":{"line":65,"column":100},"end":{"line":65,"column":101}},"loc":{"start":{"line":65,"column":105},"end":{"line":65,"column":114}},"line":65},"3":{"name":"(anonymous_3)","decl":{"start":{"line":74,"column":4},"end":{"line":74,"column":5}},"loc":{"start":{"line":74,"column":33},"end":{"line":91,"column":5}},"line":74},"4":{"name":"(anonymous_4)","decl":{"start":{"line":93,"column":4},"end":{"line":93,"column":5}},"loc":{"start":{"line":93,"column":32},"end":{"line":116,"column":5}},"line":93},"5":{"name":"(anonymous_5)","decl":{"start":{"line":118,"column":4},"end":{"line":118,"column":5}},"loc":{"start":{"line":118,"column":32},"end":{"line":166,"column":5}},"line":118},"6":{"name":"(anonymous_6)","decl":{"start":{"line":162,"column":100},"end":{"line":162,"column":101}},"loc":{"start":{"line":162,"column":105},"end":{"line":162,"column":114}},"line":162},"7":{"name":"(anonymous_7)","decl":{"start":{"line":168,"column":4},"end":{"line":168,"column":5}},"loc":{"start":{"line":168,"column":32},"end":{"line":183,"column":5}},"line":168},"8":{"name":"(anonymous_8)","decl":{"start":{"line":185,"column":4},"end":{"line":185,"column":5}},"loc":{"start":{"line":185,"column":43},"end":{"line":203,"column":5}},"line":185},"9":{"name":"(anonymous_9)","decl":{"start":{"line":205,"column":4},"end":{"line":205,"column":5}},"loc":{"start":{"line":205,"column":37},"end":{"line":219,"column":5}},"line":205},"10":{"name":"(anonymous_10)","decl":{"start":{"line":221,"column":4},"end":{"line":221,"column":5}},"loc":{"start":{"line":221,"column":44},"end":{"line":254,"column":5}},"line":221}},"branchMap":{"0":{"loc":{"start":{"line":29,"column":12},"end":{"line":36,"column":13}},"type":"if","locations":[{"start":{"line":29,"column":12},"end":{"line":36,"column":13}},{"start":{},"end":{}}],"line":29},"1":{"loc":{"start":{"line":32,"column":33},"end":{"line":32,"column":83}},"type":"cond-expr","locations":[{"start":{"line":32,"column":60},"end":{"line":32,"column":76}},{"start":{"line":32,"column":79},"end":{"line":32,"column":83}}],"line":32},"2":{"loc":{"start":{"line":42,"column":12},"end":{"line":44,"column":13}},"type":"if","locations":[{"start":{"line":42,"column":12},"end":{"line":44,"column":13}},{"start":{},"end":{}}],"line":42},"3":{"loc":{"start":{"line":49,"column":12},"end":{"line":53,"column":13}},"type":"if","locations":[{"start":{"line":49,"column":12},"end":{"line":53,"column":13}},{"start":{},"end":{}}],"line":49},"4":{"loc":{"start":{"line":64,"column":12},"end":{"line":66,"column":13}},"type":"if","locations":[{"start":{"line":64,"column":12},"end":{"line":66,"column":13}},{"start":{},"end":{}}],"line":64},"5":{"loc":{"start":{"line":67,"column":12},"end":{"line":69,"column":13}},"type":"if","locations":[{"start":{"line":67,"column":12},"end":{"line":69,"column":13}},{"start":{},"end":{}}],"line":67},"6":{"loc":{"start":{"line":80,"column":16},"end":{"line":84,"column":17}},"type":"if","locations":[{"start":{"line":80,"column":16},"end":{"line":84,"column":17}},{"start":{},"end":{}}],"line":80},"7":{"loc":{"start":{"line":97,"column":12},"end":{"line":99,"column":13}},"type":"if","locations":[{"start":{"line":97,"column":12},"end":{"line":99,"column":13}},{"start":{},"end":{}}],"line":97},"8":{"loc":{"start":{"line":102,"column":12},"end":{"line":104,"column":13}},"type":"if","locations":[{"start":{"line":102,"column":12},"end":{"line":104,"column":13}},{"start":{},"end":{}}],"line":102},"9":{"loc":{"start":{"line":106,"column":12},"end":{"line":110,"column":13}},"type":"if","locations":[{"start":{"line":106,"column":12},"end":{"line":110,"column":13}},{"start":{},"end":{}}],"line":106},"10":{"loc":{"start":{"line":126,"column":12},"end":{"line":133,"column":13}},"type":"if","locations":[{"start":{"line":126,"column":12},"end":{"line":133,"column":13}},{"start":{},"end":{}}],"line":126},"11":{"loc":{"start":{"line":129,"column":33},"end":{"line":129,"column":83}},"type":"cond-expr","locations":[{"start":{"line":129,"column":60},"end":{"line":129,"column":76}},{"start":{"line":129,"column":79},"end":{"line":129,"column":83}}],"line":129},"12":{"loc":{"start":{"line":135,"column":12},"end":{"line":137,"column":13}},"type":"if","locations":[{"start":{"line":135,"column":12},"end":{"line":137,"column":13}},{"start":{},"end":{}}],"line":135},"13":{"loc":{"start":{"line":143,"column":12},"end":{"line":145,"column":13}},"type":"if","locations":[{"start":{"line":143,"column":12},"end":{"line":145,"column":13}},{"start":{},"end":{}}],"line":143},"14":{"loc":{"start":{"line":149,"column":12},"end":{"line":157,"column":13}},"type":"if","locations":[{"start":{"line":149,"column":12},"end":{"line":157,"column":13}},{"start":{},"end":{}}],"line":149},"15":{"loc":{"start":{"line":151,"column":16},"end":{"line":155,"column":17}},"type":"if","locations":[{"start":{"line":151,"column":16},"end":{"line":155,"column":17}},{"start":{},"end":{}}],"line":151},"16":{"loc":{"start":{"line":161,"column":12},"end":{"line":163,"column":13}},"type":"if","locations":[{"start":{"line":161,"column":12},"end":{"line":163,"column":13}},{"start":{},"end":{}}],"line":161},"17":{"loc":{"start":{"line":174,"column":12},"end":{"line":176,"column":13}},"type":"if","locations":[{"start":{"line":174,"column":12},"end":{"line":176,"column":13}},{"start":{},"end":{}}],"line":174},"18":{"loc":{"start":{"line":191,"column":12},"end":{"line":193,"column":13}},"type":"if","locations":[{"start":{"line":191,"column":12},"end":{"line":193,"column":13}},{"start":{},"end":{}}],"line":191},"19":{"loc":{"start":{"line":191,"column":16},"end":{"line":191,"column":134}},"type":"binary-expr","locations":[{"start":{"line":191,"column":16},"end":{"line":191,"column":52}},{"start":{"line":191,"column":56},"end":{"line":191,"column":91}},{"start":{"line":191,"column":95},"end":{"line":191,"column":134}}],"line":191},"20":{"loc":{"start":{"line":198,"column":12},"end":{"line":200,"column":13}},"type":"if","locations":[{"start":{"line":198,"column":12},"end":{"line":200,"column":13}},{"start":{},"end":{}}],"line":198},"21":{"loc":{"start":{"line":198,"column":16},"end":{"line":198,"column":138}},"type":"binary-expr","locations":[{"start":{"line":198,"column":16},"end":{"line":198,"column":92}},{"start":{"line":198,"column":96},"end":{"line":198,"column":138}}],"line":198},"22":{"loc":{"start":{"line":210,"column":12},"end":{"line":212,"column":13}},"type":"if","locations":[{"start":{"line":210,"column":12},"end":{"line":212,"column":13}},{"start":{},"end":{}}],"line":210},"23":{"loc":{"start":{"line":226,"column":12},"end":{"line":228,"column":13}},"type":"if","locations":[{"start":{"line":226,"column":12},"end":{"line":228,"column":13}},{"start":{},"end":{}}],"line":226},"24":{"loc":{"start":{"line":239,"column":12},"end":{"line":241,"column":13}},"type":"if","locations":[{"start":{"line":239,"column":12},"end":{"line":241,"column":13}},{"start":{},"end":{}}],"line":239},"25":{"loc":{"start":{"line":239,"column":16},"end":{"line":239,"column":54}},"type":"binary-expr","locations":[{"start":{"line":239,"column":16},"end":{"line":239,"column":31}},{"start":{"line":239,"column":35},"end":{"line":239,"column":43}},{"start":{"line":239,"column":47},"end":{"line":239,"column":54}}],"line":239},"26":{"loc":{"start":{"line":247,"column":12},"end":{"line":251,"column":13}},"type":"if","locations":[{"start":{"line":247,"column":12},"end":{"line":251,"column":13}},{"start":{},"end":{}}],"line":247},"27":{"loc":{"start":{"line":247,"column":16},"end":{"line":249,"column":63}},"type":"binary-expr","locations":[{"start":{"line":247,"column":16},"end":{"line":247,"column":92}},{"start":{"line":248,"column":16},"end":{"line":248,"column":58}},{"start":{"line":249,"column":16},"end":{"line":249,"column":63}}],"line":247}},"s":{"0":7,"1":7,"2":7,"3":7,"4":7,"5":7,"6":7,"7":7,"8":7,"9":7,"10":7,"11":7,"12":7,"13":7,"14":5,"15":5,"16":5,"17":5,"18":5,"19":5,"20":2,"21":2,"22":1,"23":5,"24":5,"25":1,"26":4,"27":4,"28":4,"29":2,"30":2,"31":2,"32":4,"33":4,"34":0,"35":0,"36":0,"37":0,"38":0,"39":0,"40":0,"41":1,"42":1,"43":1,"44":1,"45":1,"46":0,"47":0,"48":0,"49":1,"50":0,"51":1,"52":1,"53":1,"54":1,"55":0,"56":1,"57":1,"58":0,"59":1,"60":0,"61":0,"62":0,"63":1,"64":0,"65":2,"66":2,"67":2,"68":2,"69":2,"70":2,"71":2,"72":0,"73":0,"74":0,"75":2,"76":0,"77":2,"78":2,"79":0,"80":2,"81":2,"82":2,"83":2,"84":1,"85":1,"86":1,"87":2,"88":0,"89":0,"90":0,"91":0,"92":0,"93":0,"94":2,"95":2,"96":2,"97":2,"98":1,"99":1,"100":1,"101":0,"102":2,"103":2,"104":2,"105":2,"106":2,"107":1,"108":1,"109":1,"110":0,"111":0,"112":0,"113":2,"114":2,"115":2,"116":2,"117":1,"118":1,"119":1,"120":0,"121":9,"122":9,"123":9,"124":9,"125":1,"126":8,"127":8,"128":2,"129":6,"130":6,"131":2,"132":4,"133":1,"134":3,"135":3,"136":0,"137":7},"f":{"0":7,"1":5,"2":0,"3":1,"4":1,"5":2,"6":0,"7":2,"8":2,"9":2,"10":9},"b":{"0":[2,3],"1":[2,0],"2":[1,4],"3":[2,2],"4":[0,0],"5":[0,0],"6":[0,1],"7":[0,1],"8":[0,1],"9":[0,1],"10":[0,2],"11":[0,0],"12":[0,2],"13":[0,2],"14":[2,0],"15":[1,1],"16":[0,0],"17":[1,1],"18":[1,1],"19":[2,1,1],"20":[0,0],"21":[0,0],"22":[1,1],"23":[1,8],"24":[2,4],"25":[6,6,4],"26":[3,0],"27":[3,2,1]},"_coverageSchema":"1a1c01bbd47fc00a2c39e90264f33305004495a9","hash":"e76553564c313156c197aaf1135db9e392c21500"}
,"/home/pavelpivo/Documents/KP/GetTogether/Back/controllers/promotionController.js": {"path":"/home/pavelpivo/Documents/KP/GetTogether/Back/controllers/promotionController.js","statementMap":{"0":{"start":{"line":3,"column":15},"end":{"line":3,"column":63}},"1":{"start":{"line":4,"column":46},"end":{"line":4,"column":90}},"2":{"start":{"line":5,"column":15},"end":{"line":5,"column":35}},"3":{"start":{"line":6,"column":29},"end":{"line":6,"column":35}},"4":{"start":{"line":8,"column":21},"end":{"line":8,"column":72}},"5":{"start":{"line":10,"column":20},"end":{"line":15,"column":1}},"6":{"start":{"line":20,"column":4},"end":{"line":70,"column":5}},"7":{"start":{"line":21,"column":48},"end":{"line":21,"column":56}},"8":{"start":{"line":22,"column":25},"end":{"line":22,"column":36}},"9":{"start":{"line":24,"column":6},"end":{"line":26,"column":7}},"10":{"start":{"line":25,"column":8},"end":{"line":25,"column":78}},"11":{"start":{"line":28,"column":20},"end":{"line":28,"column":80}},"12":{"start":{"line":29,"column":6},"end":{"line":31,"column":7}},"13":{"start":{"line":30,"column":8},"end":{"line":30,"column":89}},"14":{"start":{"line":33,"column":6},"end":{"line":35,"column":7}},"15":{"start":{"line":34,"column":8},"end":{"line":34,"column":79}},"16":{"start":{"line":37,"column":19},"end":{"line":37,"column":88}},"17":{"start":{"line":38,"column":20},"end":{"line":38,"column":68}},"18":{"start":{"line":40,"column":22},"end":{"line":61,"column":8}},"19":{"start":{"line":63,"column":6},"end":{"line":63,"column":43}},"20":{"start":{"line":64,"column":6},"end":{"line":64,"column":25}},"21":{"start":{"line":66,"column":6},"end":{"line":66,"column":68}},"22":{"start":{"line":68,"column":6},"end":{"line":68,"column":46}},"23":{"start":{"line":69,"column":6},"end":{"line":69,"column":60}},"24":{"start":{"line":74,"column":16},"end":{"line":74,"column":47}},"25":{"start":{"line":77,"column":4},"end":{"line":82,"column":5}},"26":{"start":{"line":78,"column":6},"end":{"line":78,"column":95}},"27":{"start":{"line":80,"column":6},"end":{"line":80,"column":75}},"28":{"start":{"line":81,"column":6},"end":{"line":81,"column":68}},"29":{"start":{"line":84,"column":4},"end":{"line":103,"column":5}},"30":{"start":{"line":85,"column":6},"end":{"line":93,"column":7}},"31":{"start":{"line":86,"column":24},"end":{"line":86,"column":41}},"32":{"start":{"line":87,"column":28},"end":{"line":87,"column":58}},"33":{"start":{"line":88,"column":32},"end":{"line":88,"column":54}},"34":{"start":{"line":90,"column":8},"end":{"line":92,"column":9}},"35":{"start":{"line":91,"column":10},"end":{"line":91,"column":77}},"36":{"start":{"line":95,"column":6},"end":{"line":100,"column":7}},"37":{"start":{"line":96,"column":24},"end":{"line":96,"column":41}},"38":{"start":{"line":97,"column":8},"end":{"line":99,"column":9}},"39":{"start":{"line":98,"column":10},"end":{"line":98,"column":60}},"40":{"start":{"line":102,"column":6},"end":{"line":102,"column":51}},"41":{"start":{"line":105,"column":4},"end":{"line":105,"column":33}},"42":{"start":{"line":109,"column":4},"end":{"line":115,"column":5}},"43":{"start":{"line":110,"column":25},"end":{"line":110,"column":36}},"44":{"start":{"line":111,"column":25},"end":{"line":111,"column":73}},"45":{"start":{"line":112,"column":6},"end":{"line":112,"column":34}},"46":{"start":{"line":114,"column":6},"end":{"line":114,"column":60}},"47":{"start":{"line":119,"column":4},"end":{"line":119,"column":28}},"48":{"start":{"line":123,"column":0},"end":{"line":123,"column":43}}},"fnMap":{"0":{"name":"(anonymous_0)","decl":{"start":{"line":19,"column":2},"end":{"line":19,"column":3}},"loc":{"start":{"line":19,"column":27},"end":{"line":71,"column":3}},"line":19},"1":{"name":"(anonymous_1)","decl":{"start":{"line":73,"column":2},"end":{"line":73,"column":3}},"loc":{"start":{"line":73,"column":26},"end":{"line":106,"column":3}},"line":73},"2":{"name":"(anonymous_2)","decl":{"start":{"line":108,"column":2},"end":{"line":108,"column":3}},"loc":{"start":{"line":108,"column":23},"end":{"line":116,"column":3}},"line":108},"3":{"name":"(anonymous_3)","decl":{"start":{"line":118,"column":2},"end":{"line":118,"column":3}},"loc":{"start":{"line":118,"column":29},"end":{"line":120,"column":3}},"line":118}},"branchMap":{"0":{"loc":{"start":{"line":8,"column":21},"end":{"line":8,"column":72}},"type":"binary-expr","locations":[{"start":{"line":8,"column":21},"end":{"line":8,"column":45}},{"start":{"line":8,"column":49},"end":{"line":8,"column":72}}],"line":8},"1":{"loc":{"start":{"line":24,"column":6},"end":{"line":26,"column":7}},"type":"if","locations":[{"start":{"line":24,"column":6},"end":{"line":26,"column":7}},{"start":{},"end":{}}],"line":24},"2":{"loc":{"start":{"line":24,"column":10},"end":{"line":24,"column":28}},"type":"binary-expr","locations":[{"start":{"line":24,"column":10},"end":{"line":24,"column":19}},{"start":{"line":24,"column":23},"end":{"line":24,"column":28}}],"line":24},"3":{"loc":{"start":{"line":29,"column":6},"end":{"line":31,"column":7}},"type":"if","locations":[{"start":{"line":29,"column":6},"end":{"line":31,"column":7}},{"start":{},"end":{}}],"line":29},"4":{"loc":{"start":{"line":33,"column":6},"end":{"line":35,"column":7}},"type":"if","locations":[{"start":{"line":33,"column":6},"end":{"line":35,"column":7}},{"start":{},"end":{}}],"line":33},"5":{"loc":{"start":{"line":37,"column":19},"end":{"line":37,"column":88}},"type":"binary-expr","locations":[{"start":{"line":37,"column":19},"end":{"line":37,"column":32}},{"start":{"line":37,"column":37},"end":{"line":37,"column":87}}],"line":37},"6":{"loc":{"start":{"line":37,"column":37},"end":{"line":37,"column":87}},"type":"cond-expr","locations":[{"start":{"line":37,"column":56},"end":{"line":37,"column":57}},{"start":{"line":37,"column":60},"end":{"line":37,"column":87}}],"line":37},"7":{"loc":{"start":{"line":37,"column":60},"end":{"line":37,"column":87}},"type":"cond-expr","locations":[{"start":{"line":37,"column":82},"end":{"line":37,"column":83}},{"start":{"line":37,"column":86},"end":{"line":37,"column":87}}],"line":37},"8":{"loc":{"start":{"line":85,"column":6},"end":{"line":93,"column":7}},"type":"if","locations":[{"start":{"line":85,"column":6},"end":{"line":93,"column":7}},{"start":{},"end":{}}],"line":85},"9":{"loc":{"start":{"line":90,"column":8},"end":{"line":92,"column":9}},"type":"if","locations":[{"start":{"line":90,"column":8},"end":{"line":92,"column":9}},{"start":{},"end":{}}],"line":90},"10":{"loc":{"start":{"line":95,"column":6},"end":{"line":100,"column":7}},"type":"if","locations":[{"start":{"line":95,"column":6},"end":{"line":100,"column":7}},{"start":{},"end":{}}],"line":95},"11":{"loc":{"start":{"line":97,"column":8},"end":{"line":99,"column":9}},"type":"if","locations":[{"start":{"line":97,"column":8},"end":{"line":99,"column":9}},{"start":{},"end":{}}],"line":97}},"s":{"0":8,"1":8,"2":8,"3":8,"4":8,"5":8,"6":4,"7":4,"8":4,"9":4,"10":1,"11":3,"12":3,"13":1,"14":2,"15":1,"16":1,"17":1,"18":1,"19":1,"20":1,"21":1,"22":0,"23":0,"24":3,"25":3,"26":3,"27":1,"28":1,"29":2,"30":2,"31":1,"32":1,"33":1,"34":1,"35":1,"36":2,"37":1,"38":1,"39":1,"40":0,"41":2,"42":1,"43":1,"44":1,"45":1,"46":0,"47":1,"48":8},"f":{"0":4,"1":3,"2":1,"3":1},"b":{"0":[8,8],"1":[1,3],"2":[4,3],"3":[1,2],"4":[1,1],"5":[1,1],"6":[1,0],"7":[0,0],"8":[1,1],"9":[1,0],"10":[1,1],"11":[1,0]},"_coverageSchema":"1a1c01bbd47fc00a2c39e90264f33305004495a9","hash":"db725f85cdd2684e218d133b9c59a04761853b21"}
,"/home/pavelpivo/Documents/KP/GetTogether/Back/controllers/subscriptionController.js": {"path":"/home/pavelpivo/Documents/KP/GetTogether/Back/controllers/subscriptionController.js","statementMap":{"0":{"start":{"line":1,"column":31},"end":{"line":1,"column":78}},"1":{"start":{"line":2,"column":19},"end":{"line":2,"column":56}},"2":{"start":{"line":6,"column":8},"end":{"line":6,"column":72}},"3":{"start":{"line":7,"column":8},"end":{"line":7,"column":69}},"4":{"start":{"line":8,"column":8},"end":{"line":8,"column":69}},"5":{"start":{"line":9,"column":8},"end":{"line":9,"column":65}},"6":{"start":{"line":13,"column":8},"end":{"line":36,"column":9}},"7":{"start":{"line":14,"column":74},"end":{"line":14,"column":82}},"8":{"start":{"line":15,"column":28},"end":{"line":15,"column":39}},"9":{"start":{"line":17,"column":12},"end":{"line":19,"column":13}},"10":{"start":{"line":18,"column":16},"end":{"line":18,"column":84}},"11":{"start":{"line":20,"column":12},"end":{"line":22,"column":13}},"12":{"start":{"line":21,"column":16},"end":{"line":21,"column":90}},"13":{"start":{"line":23,"column":12},"end":{"line":25,"column":13}},"14":{"start":{"line":24,"column":16},"end":{"line":24,"column":80}},"15":{"start":{"line":27,"column":33},"end":{"line":29,"column":13}},"16":{"start":{"line":30,"column":12},"end":{"line":30,"column":54}},"17":{"start":{"line":32,"column":12},"end":{"line":34,"column":13}},"18":{"start":{"line":33,"column":16},"end":{"line":33,"column":82}},"19":{"start":{"line":35,"column":12},"end":{"line":35,"column":66}},"20":{"start":{"line":40,"column":8},"end":{"line":51,"column":9}},"21":{"start":{"line":41,"column":40},"end":{"line":41,"column":50}},"22":{"start":{"line":42,"column":28},"end":{"line":42,"column":39}},"23":{"start":{"line":44,"column":28},"end":{"line":44,"column":106}},"24":{"start":{"line":45,"column":12},"end":{"line":47,"column":13}},"25":{"start":{"line":46,"column":16},"end":{"line":46,"column":78}},"26":{"start":{"line":48,"column":12},"end":{"line":48,"column":42}},"27":{"start":{"line":50,"column":12},"end":{"line":50,"column":66}},"28":{"start":{"line":55,"column":8},"end":{"line":61,"column":9}},"29":{"start":{"line":56,"column":28},"end":{"line":56,"column":39}},"30":{"start":{"line":57,"column":34},"end":{"line":57,"column":93}},"31":{"start":{"line":58,"column":12},"end":{"line":58,"column":43}},"32":{"start":{"line":60,"column":12},"end":{"line":60,"column":66}},"33":{"start":{"line":65,"column":0},"end":{"line":65,"column":46}}},"fnMap":{"0":{"name":"(anonymous_0)","decl":{"start":{"line":5,"column":4},"end":{"line":5,"column":5}},"loc":{"start":{"line":5,"column":18},"end":{"line":10,"column":5}},"line":5},"1":{"name":"(anonymous_1)","decl":{"start":{"line":12,"column":4},"end":{"line":12,"column":5}},"loc":{"start":{"line":12,"column":39},"end":{"line":37,"column":5}},"line":12},"2":{"name":"(anonymous_2)","decl":{"start":{"line":39,"column":4},"end":{"line":39,"column":5}},"loc":{"start":{"line":39,"column":39},"end":{"line":52,"column":5}},"line":39},"3":{"name":"(anonymous_3)","decl":{"start":{"line":54,"column":4},"end":{"line":54,"column":5}},"loc":{"start":{"line":54,"column":37},"end":{"line":62,"column":5}},"line":54}},"branchMap":{"0":{"loc":{"start":{"line":17,"column":12},"end":{"line":19,"column":13}},"type":"if","locations":[{"start":{"line":17,"column":12},"end":{"line":19,"column":13}},{"start":{},"end":{}}],"line":17},"1":{"loc":{"start":{"line":20,"column":12},"end":{"line":22,"column":13}},"type":"if","locations":[{"start":{"line":20,"column":12},"end":{"line":22,"column":13}},{"start":{},"end":{}}],"line":20},"2":{"loc":{"start":{"line":23,"column":12},"end":{"line":25,"column":13}},"type":"if","locations":[{"start":{"line":23,"column":12},"end":{"line":25,"column":13}},{"start":{},"end":{}}],"line":23},"3":{"loc":{"start":{"line":32,"column":12},"end":{"line":34,"column":13}},"type":"if","locations":[{"start":{"line":32,"column":12},"end":{"line":34,"column":13}},{"start":{},"end":{}}],"line":32},"4":{"loc":{"start":{"line":45,"column":12},"end":{"line":47,"column":13}},"type":"if","locations":[{"start":{"line":45,"column":12},"end":{"line":47,"column":13}},{"start":{},"end":{}}],"line":45}},"s":{"0":7,"1":7,"2":7,"3":7,"4":7,"5":7,"6":6,"7":6,"8":6,"9":6,"10":1,"11":5,"12":1,"13":4,"14":1,"15":3,"16":2,"17":1,"18":1,"19":0,"20":2,"21":2,"22":2,"23":2,"24":2,"25":1,"26":1,"27":0,"28":1,"29":1,"30":1,"31":1,"32":0,"33":7},"f":{"0":7,"1":6,"2":2,"3":1},"b":{"0":[1,5],"1":[1,4],"2":[1,3],"3":[1,0],"4":[1,1]},"_coverageSchema":"1a1c01bbd47fc00a2c39e90264f33305004495a9","hash":"a63605314e43453d708bc3a7444d8a3ceea2b7b6"}
,"/home/pavelpivo/Documents/KP/GetTogether/Back/controllers/tagController.js": {"path":"/home/pavelpivo/Documents/KP/GetTogether/Back/controllers/tagController.js","statementMap":{"0":{"start":{"line":1,"column":15},"end":{"line":1,"column":35}},"1":{"start":{"line":2,"column":19},"end":{"line":2,"column":56}},"2":{"start":{"line":6,"column":8},"end":{"line":21,"column":9}},"3":{"start":{"line":7,"column":29},"end":{"line":7,"column":37}},"4":{"start":{"line":8,"column":12},"end":{"line":10,"column":13}},"5":{"start":{"line":9,"column":16},"end":{"line":9,"column":79}},"6":{"start":{"line":12,"column":29},"end":{"line":12,"column":74}},"7":{"start":{"line":13,"column":12},"end":{"line":15,"column":13}},"8":{"start":{"line":14,"column":16},"end":{"line":14,"column":77}},"9":{"start":{"line":17,"column":24},"end":{"line":17,"column":57}},"10":{"start":{"line":18,"column":12},"end":{"line":18,"column":45}},"11":{"start":{"line":20,"column":12},"end":{"line":20,"column":66}},"12":{"start":{"line":25,"column":8},"end":{"line":33,"column":9}},"13":{"start":{"line":27,"column":25},"end":{"line":29,"column":14}},"14":{"start":{"line":30,"column":12},"end":{"line":30,"column":34}},"15":{"start":{"line":32,"column":12},"end":{"line":32,"column":66}},"16":{"start":{"line":37,"column":8},"end":{"line":62,"column":9}},"17":{"start":{"line":38,"column":31},"end":{"line":38,"column":41}},"18":{"start":{"line":39,"column":29},"end":{"line":39,"column":37}},"19":{"start":{"line":41,"column":12},"end":{"line":43,"column":13}},"20":{"start":{"line":42,"column":16},"end":{"line":42,"column":79}},"21":{"start":{"line":45,"column":24},"end":{"line":45,"column":57}},"22":{"start":{"line":46,"column":12},"end":{"line":48,"column":13}},"23":{"start":{"line":47,"column":16},"end":{"line":47,"column":72}},"24":{"start":{"line":50,"column":12},"end":{"line":55,"column":13}},"25":{"start":{"line":51,"column":33},"end":{"line":51,"column":78}},"26":{"start":{"line":52,"column":16},"end":{"line":54,"column":17}},"27":{"start":{"line":53,"column":20},"end":{"line":53,"column":99}},"28":{"start":{"line":57,"column":12},"end":{"line":57,"column":28}},"29":{"start":{"line":58,"column":12},"end":{"line":58,"column":29}},"30":{"start":{"line":59,"column":12},"end":{"line":59,"column":33}},"31":{"start":{"line":61,"column":12},"end":{"line":61,"column":66}},"32":{"start":{"line":66,"column":8},"end":{"line":76,"column":9}},"33":{"start":{"line":67,"column":31},"end":{"line":67,"column":41}},"34":{"start":{"line":68,"column":24},"end":{"line":68,"column":57}},"35":{"start":{"line":69,"column":12},"end":{"line":71,"column":13}},"36":{"start":{"line":70,"column":16},"end":{"line":70,"column":72}},"37":{"start":{"line":72,"column":12},"end":{"line":72,"column":32}},"38":{"start":{"line":73,"column":12},"end":{"line":73,"column":67}},"39":{"start":{"line":75,"column":12},"end":{"line":75,"column":66}},"40":{"start":{"line":80,"column":0},"end":{"line":80,"column":37}}},"fnMap":{"0":{"name":"(anonymous_0)","decl":{"start":{"line":5,"column":4},"end":{"line":5,"column":5}},"loc":{"start":{"line":5,"column":30},"end":{"line":22,"column":5}},"line":5},"1":{"name":"(anonymous_1)","decl":{"start":{"line":24,"column":4},"end":{"line":24,"column":5}},"loc":{"start":{"line":24,"column":31},"end":{"line":34,"column":5}},"line":24},"2":{"name":"(anonymous_2)","decl":{"start":{"line":36,"column":4},"end":{"line":36,"column":5}},"loc":{"start":{"line":36,"column":30},"end":{"line":63,"column":5}},"line":36},"3":{"name":"(anonymous_3)","decl":{"start":{"line":65,"column":4},"end":{"line":65,"column":5}},"loc":{"start":{"line":65,"column":30},"end":{"line":77,"column":5}},"line":65}},"branchMap":{"0":{"loc":{"start":{"line":8,"column":12},"end":{"line":10,"column":13}},"type":"if","locations":[{"start":{"line":8,"column":12},"end":{"line":10,"column":13}},{"start":{},"end":{}}],"line":8},"1":{"loc":{"start":{"line":13,"column":12},"end":{"line":15,"column":13}},"type":"if","locations":[{"start":{"line":13,"column":12},"end":{"line":15,"column":13}},{"start":{},"end":{}}],"line":13},"2":{"loc":{"start":{"line":41,"column":12},"end":{"line":43,"column":13}},"type":"if","locations":[{"start":{"line":41,"column":12},"end":{"line":43,"column":13}},{"start":{},"end":{}}],"line":41},"3":{"loc":{"start":{"line":46,"column":12},"end":{"line":48,"column":13}},"type":"if","locations":[{"start":{"line":46,"column":12},"end":{"line":48,"column":13}},{"start":{},"end":{}}],"line":46},"4":{"loc":{"start":{"line":50,"column":12},"end":{"line":55,"column":13}},"type":"if","locations":[{"start":{"line":50,"column":12},"end":{"line":55,"column":13}},{"start":{},"end":{}}],"line":50},"5":{"loc":{"start":{"line":52,"column":16},"end":{"line":54,"column":17}},"type":"if","locations":[{"start":{"line":52,"column":16},"end":{"line":54,"column":17}},{"start":{},"end":{}}],"line":52},"6":{"loc":{"start":{"line":69,"column":12},"end":{"line":71,"column":13}},"type":"if","locations":[{"start":{"line":69,"column":12},"end":{"line":71,"column":13}},{"start":{},"end":{}}],"line":69}},"s":{"0":7,"1":7,"2":3,"3":3,"4":3,"5":1,"6":2,"7":2,"8":1,"9":1,"10":1,"11":0,"12":1,"13":1,"14":1,"15":0,"16":4,"17":4,"18":4,"19":4,"20":1,"21":3,"22":3,"23":1,"24":2,"25":2,"26":2,"27":1,"28":1,"29":1,"30":1,"31":0,"32":2,"33":2,"34":2,"35":2,"36":1,"37":1,"38":1,"39":0,"40":7},"f":{"0":3,"1":1,"2":4,"3":2},"b":{"0":[1,2],"1":[1,1],"2":[1,3],"3":[1,2],"4":[2,0],"5":[1,1],"6":[1,1]},"_coverageSchema":"1a1c01bbd47fc00a2c39e90264f33305004495a9","hash":"23c4a5fccfc1be7c98a9316ff90d388dc6a2c687"}
,"/home/pavelpivo/Documents/KP/GetTogether/Back/controllers/userController.js": {"path":"/home/pavelpivo/Documents/KP/GetTogether/Back/controllers/userController.js","statementMap":{"0":{"start":{"line":1,"column":23},"end":{"line":1,"column":62}},"1":{"start":{"line":2,"column":19},"end":{"line":2,"column":56}},"2":{"start":{"line":3,"column":22},"end":{"line":3,"column":58}},"3":{"start":{"line":4,"column":15},"end":{"line":4,"column":35}},"4":{"start":{"line":5,"column":27},"end":{"line":5,"column":68}},"5":{"start":{"line":8,"column":24},"end":{"line":11,"column":1}},"6":{"start":{"line":13,"column":19},"end":{"line":13,"column":21}},"7":{"start":{"line":14,"column":0},"end":{"line":18,"column":1}},"8":{"start":{"line":15,"column":4},"end":{"line":15,"column":112}},"9":{"start":{"line":17,"column":4},"end":{"line":17,"column":22}},"10":{"start":{"line":22,"column":8},"end":{"line":22,"column":56}},"11":{"start":{"line":24,"column":8},"end":{"line":24,"column":59}},"12":{"start":{"line":25,"column":8},"end":{"line":25,"column":51}},"13":{"start":{"line":26,"column":8},"end":{"line":26,"column":49}},"14":{"start":{"line":27,"column":8},"end":{"line":27,"column":79}},"15":{"start":{"line":28,"column":8},"end":{"line":28,"column":57}},"16":{"start":{"line":29,"column":8},"end":{"line":29,"column":53}},"17":{"start":{"line":30,"column":8},"end":{"line":30,"column":81}},"18":{"start":{"line":31,"column":8},"end":{"line":31,"column":77}},"19":{"start":{"line":32,"column":8},"end":{"line":32,"column":79}},"20":{"start":{"line":33,"column":8},"end":{"line":33,"column":57}},"21":{"start":{"line":34,"column":8},"end":{"line":34,"column":79}},"22":{"start":{"line":35,"column":8},"end":{"line":35,"column":43}},"23":{"start":{"line":36,"column":8},"end":{"line":36,"column":75}},"24":{"start":{"line":40,"column":8},"end":{"line":45,"column":9}},"25":{"start":{"line":41,"column":31},"end":{"line":41,"column":72}},"26":{"start":{"line":42,"column":12},"end":{"line":42,"column":40}},"27":{"start":{"line":44,"column":12},"end":{"line":44,"column":66}},"28":{"start":{"line":49,"column":8},"end":{"line":88,"column":9}},"29":{"start":{"line":50,"column":29},"end":{"line":50,"column":38}},"30":{"start":{"line":51,"column":28},"end":{"line":51,"column":30}},"31":{"start":{"line":52,"column":12},"end":{"line":67,"column":13}},"32":{"start":{"line":56,"column":16},"end":{"line":66,"column":17}},"33":{"start":{"line":57,"column":20},"end":{"line":57,"column":60}},"34":{"start":{"line":57,"column":49},"end":{"line":57,"column":58}},"35":{"start":{"line":60,"column":20},"end":{"line":65,"column":21}},"36":{"start":{"line":61,"column":39},"end":{"line":61,"column":55}},"37":{"start":{"line":62,"column":24},"end":{"line":62,"column":81}},"38":{"start":{"line":64,"column":24},"end":{"line":64,"column":75}},"39":{"start":{"line":64,"column":64},"end":{"line":64,"column":73}},"40":{"start":{"line":69,"column":27},"end":{"line":69,"column":71}},"41":{"start":{"line":70,"column":31},"end":{"line":83,"column":13}},"42":{"start":{"line":72,"column":39},"end":{"line":72,"column":98}},"43":{"start":{"line":74,"column":20},"end":{"line":79,"column":21}},"44":{"start":{"line":75,"column":55},"end":{"line":75,"column":80}},"45":{"start":{"line":76,"column":41},"end":{"line":76,"column":83}},"46":{"start":{"line":77,"column":37},"end":{"line":77,"column":67}},"47":{"start":{"line":78,"column":24},"end":{"line":78,"column":104}},"48":{"start":{"line":81,"column":20},"end":{"line":81,"column":38}},"49":{"start":{"line":84,"column":12},"end":{"line":84,"column":40}},"50":{"start":{"line":86,"column":12},"end":{"line":86,"column":62}},"51":{"start":{"line":87,"column":12},"end":{"line":87,"column":66}},"52":{"start":{"line":92,"column":8},"end":{"line":126,"column":9}},"53":{"start":{"line":93,"column":33},"end":{"line":93,"column":43}},"54":{"start":{"line":94,"column":28},"end":{"line":94,"column":40}},"55":{"start":{"line":96,"column":12},"end":{"line":98,"column":13}},"56":{"start":{"line":97,"column":16},"end":{"line":97,"column":85}},"57":{"start":{"line":100,"column":27},"end":{"line":100,"column":80}},"58":{"start":{"line":101,"column":12},"end":{"line":103,"column":13}},"59":{"start":{"line":102,"column":16},"end":{"line":102,"column":81}},"60":{"start":{"line":105,"column":29},"end":{"line":105,"column":51}},"61":{"start":{"line":106,"column":26},"end":{"line":106,"column":95}},"62":{"start":{"line":108,"column":12},"end":{"line":113,"column":13}},"63":{"start":{"line":109,"column":47},"end":{"line":109,"column":72}},"64":{"start":{"line":110,"column":33},"end":{"line":110,"column":70}},"65":{"start":{"line":111,"column":29},"end":{"line":111,"column":59}},"66":{"start":{"line":112,"column":16},"end":{"line":112,"column":86}},"67":{"start":{"line":115,"column":12},"end":{"line":120,"column":13}},"68":{"start":{"line":116,"column":16},"end":{"line":119,"column":19}},"69":{"start":{"line":122,"column":12},"end":{"line":122,"column":35}},"70":{"start":{"line":124,"column":12},"end":{"line":124,"column":62}},"71":{"start":{"line":125,"column":12},"end":{"line":125,"column":66}},"72":{"start":{"line":130,"column":8},"end":{"line":141,"column":9}},"73":{"start":{"line":131,"column":33},"end":{"line":131,"column":43}},"74":{"start":{"line":133,"column":12},"end":{"line":135,"column":13}},"75":{"start":{"line":134,"column":16},"end":{"line":134,"column":85}},"76":{"start":{"line":137,"column":28},"end":{"line":137,"column":74}},"77":{"start":{"line":138,"column":12},"end":{"line":138,"column":37}},"78":{"start":{"line":140,"column":12},"end":{"line":140,"column":66}},"79":{"start":{"line":145,"column":8},"end":{"line":165,"column":9}},"80":{"start":{"line":146,"column":33},"end":{"line":146,"column":41}},"81":{"start":{"line":147,"column":28},"end":{"line":147,"column":39}},"82":{"start":{"line":149,"column":12},"end":{"line":151,"column":13}},"83":{"start":{"line":150,"column":16},"end":{"line":150,"column":85}},"84":{"start":{"line":153,"column":33},"end":{"line":153,"column":101}},"85":{"start":{"line":156,"column":12},"end":{"line":160,"column":13}},"86":{"start":{"line":157,"column":16},"end":{"line":157,"column":73}},"87":{"start":{"line":159,"column":16},"end":{"line":159,"column":68}},"88":{"start":{"line":162,"column":12},"end":{"line":162,"column":54}},"89":{"start":{"line":164,"column":12},"end":{"line":164,"column":66}},"90":{"start":{"line":169,"column":8},"end":{"line":181,"column":9}},"91":{"start":{"line":170,"column":33},"end":{"line":170,"column":43}},"92":{"start":{"line":171,"column":28},"end":{"line":171,"column":39}},"93":{"start":{"line":173,"column":12},"end":{"line":175,"column":13}},"94":{"start":{"line":174,"column":16},"end":{"line":174,"column":85}},"95":{"start":{"line":177,"column":33},"end":{"line":177,"column":101}},"96":{"start":{"line":178,"column":12},"end":{"line":178,"column":94}},"97":{"start":{"line":180,"column":12},"end":{"line":180,"column":66}},"98":{"start":{"line":185,"column":8},"end":{"line":226,"column":9}},"99":{"start":{"line":186,"column":50},"end":{"line":186,"column":58}},"100":{"start":{"line":187,"column":28},"end":{"line":187,"column":39}},"101":{"start":{"line":189,"column":12},"end":{"line":191,"column":13}},"102":{"start":{"line":190,"column":16},"end":{"line":190,"column":85}},"103":{"start":{"line":193,"column":12},"end":{"line":195,"column":13}},"104":{"start":{"line":194,"column":16},"end":{"line":194,"column":95}},"105":{"start":{"line":197,"column":12},"end":{"line":199,"column":13}},"106":{"start":{"line":198,"column":16},"end":{"line":198,"column":103}},"107":{"start":{"line":201,"column":33},"end":{"line":203,"column":14}},"108":{"start":{"line":204,"column":12},"end":{"line":206,"column":13}},"109":{"start":{"line":205,"column":16},"end":{"line":205,"column":102}},"110":{"start":{"line":208,"column":26},"end":{"line":208,"column":63}},"111":{"start":{"line":209,"column":12},"end":{"line":211,"column":13}},"112":{"start":{"line":210,"column":16},"end":{"line":210,"column":81}},"113":{"start":{"line":212,"column":12},"end":{"line":214,"column":13}},"114":{"start":{"line":213,"column":16},"end":{"line":213,"column":116}},"115":{"start":{"line":216,"column":29},"end":{"line":216,"column":90}},"116":{"start":{"line":217,"column":12},"end":{"line":219,"column":13}},"117":{"start":{"line":218,"column":16},"end":{"line":218,"column":99}},"118":{"start":{"line":221,"column":27},"end":{"line":221,"column":101}},"119":{"start":{"line":222,"column":12},"end":{"line":222,"column":48}},"120":{"start":{"line":225,"column":12},"end":{"line":225,"column":66}},"121":{"start":{"line":231,"column":8},"end":{"line":274,"column":9}},"122":{"start":{"line":232,"column":28},"end":{"line":232,"column":39}},"123":{"start":{"line":233,"column":34},"end":{"line":233,"column":93}},"124":{"start":{"line":236,"column":24},"end":{"line":236,"column":34}},"125":{"start":{"line":237,"column":27},"end":{"line":237,"column":29}},"126":{"start":{"line":239,"column":12},"end":{"line":269,"column":13}},"127":{"start":{"line":240,"column":30},"end":{"line":240,"column":39}},"128":{"start":{"line":241,"column":16},"end":{"line":257,"column":17}},"129":{"start":{"line":242,"column":39},"end":{"line":242,"column":58}},"130":{"start":{"line":243,"column":35},"end":{"line":243,"column":61}},"131":{"start":{"line":246,"column":38},"end":{"line":246,"column":64}},"132":{"start":{"line":250,"column":20},"end":{"line":256,"column":21}},"133":{"start":{"line":251,"column":24},"end":{"line":255,"column":25}},"134":{"start":{"line":252,"column":28},"end":{"line":252,"column":83}},"135":{"start":{"line":254,"column":28},"end":{"line":254,"column":81}},"136":{"start":{"line":260,"column":32},"end":{"line":260,"column":44}},"137":{"start":{"line":264,"column":16},"end":{"line":266,"column":17}},"138":{"start":{"line":265,"column":20},"end":{"line":265,"column":55}},"139":{"start":{"line":268,"column":16},"end":{"line":268,"column":37}},"140":{"start":{"line":271,"column":12},"end":{"line":271,"column":36}},"141":{"start":{"line":273,"column":12},"end":{"line":273,"column":66}},"142":{"start":{"line":279,"column":8},"end":{"line":314,"column":9}},"143":{"start":{"line":280,"column":28},"end":{"line":280,"column":39}},"144":{"start":{"line":281,"column":33},"end":{"line":291,"column":14}},"145":{"start":{"line":293,"column":27},"end":{"line":309,"column":14}},"146":{"start":{"line":294,"column":27},"end":{"line":294,"column":124}},"147":{"start":{"line":295,"column":16},"end":{"line":308,"column":18}},"148":{"start":{"line":311,"column":12},"end":{"line":311,"column":36}},"149":{"start":{"line":313,"column":12},"end":{"line":313,"column":66}},"150":{"start":{"line":318,"column":8},"end":{"line":326,"column":9}},"151":{"start":{"line":319,"column":28},"end":{"line":319,"column":39}},"152":{"start":{"line":320,"column":12},"end":{"line":320,"column":54}},"153":{"start":{"line":321,"column":28},"end":{"line":321,"column":85}},"154":{"start":{"line":322,"column":12},"end":{"line":322,"column":49}},"155":{"start":{"line":324,"column":12},"end":{"line":324,"column":69}},"156":{"start":{"line":325,"column":12},"end":{"line":325,"column":66}},"157":{"start":{"line":330,"column":8},"end":{"line":336,"column":9}},"158":{"start":{"line":331,"column":28},"end":{"line":331,"column":39}},"159":{"start":{"line":332,"column":29},"end":{"line":332,"column":87}},"160":{"start":{"line":333,"column":12},"end":{"line":333,"column":38}},"161":{"start":{"line":335,"column":12},"end":{"line":335,"column":66}},"162":{"start":{"line":340,"column":8},"end":{"line":349,"column":9}},"163":{"start":{"line":341,"column":28},"end":{"line":341,"column":39}},"164":{"start":{"line":342,"column":25},"end":{"line":342,"column":65}},"165":{"start":{"line":343,"column":12},"end":{"line":345,"column":13}},"166":{"start":{"line":344,"column":16},"end":{"line":344,"column":81}},"167":{"start":{"line":346,"column":12},"end":{"line":346,"column":34}},"168":{"start":{"line":348,"column":12},"end":{"line":348,"column":66}},"169":{"start":{"line":353,"column":8},"end":{"line":380,"column":9}},"170":{"start":{"line":354,"column":33},"end":{"line":354,"column":41}},"171":{"start":{"line":355,"column":28},"end":{"line":355,"column":39}},"172":{"start":{"line":357,"colu
[...]
ne":30,"column":4},"end":{"line":32,"column":5}},{"start":{},"end":{}}],"line":30},"12":{"loc":{"start":{"line":35,"column":4},"end":{"line":41,"column":5}},"type":"if","locations":[{"start":{"line":35,"column":4},"end":{"line":41,"column":5}},{"start":{"line":37,"column":11},"end":{"line":41,"column":5}}],"line":35},"13":{"loc":{"start":{"line":35,"column":8},"end":{"line":35,"column":39}},"type":"binary-expr","locations":[{"start":{"line":35,"column":8},"end":{"line":35,"column":23}},{"start":{"line":35,"column":27},"end":{"line":35,"column":39}}],"line":35},"14":{"loc":{"start":{"line":37,"column":11},"end":{"line":41,"column":5}},"type":"if","locations":[{"start":{"line":37,"column":11},"end":{"line":41,"column":5}},{"start":{"line":39,"column":11},"end":{"line":41,"column":5}}],"line":37},"15":{"loc":{"start":{"line":39,"column":11},"end":{"line":41,"column":5}},"type":"if","locations":[{"start":{"line":39,"column":11},"end":{"line":41,"column":5}},{"start":{},"end":{}}],"line":39},"16":{"loc":{"start":{"line":39,"column":15},"end":{"line":39,"column":96}},"type":"binary-expr","locations":[{"start":{"line":39,"column":15},"end":{"line":39,"column":48}},{"start":{"line":39,"column":52},"end":{"line":39,"column":96}}],"line":39},"17":{"loc":{"start":{"line":43,"column":4},"end":{"line":45,"column":5}},"type":"if","locations":[{"start":{"line":43,"column":4},"end":{"line":45,"column":5}},{"start":{},"end":{}}],"line":43},"18":{"loc":{"start":{"line":46,"column":4},"end":{"line":48,"column":5}},"type":"if","locations":[{"start":{"line":46,"column":4},"end":{"line":48,"column":5}},{"start":{},"end":{}}],"line":46}},"s":{"0":8,"1":8,"2":23,"3":8,"4":18,"5":18,"6":18,"7":2,"8":18,"9":3,"10":18,"11":3,"12":18,"13":4,"14":18,"15":4,"16":18,"17":4,"18":18,"19":4,"20":18,"21":4,"22":14,"23":0,"24":14,"25":0,"26":14,"27":0,"28":14,"29":1,"30":14,"31":14,"32":0,"33":14,"34":0,"35":14,"36":1,"37":14,"38":0,"39":14,"40":1,"41":14,"42":8},"f":{"0":23,"1":18},"b":{"0":[2,16],"1":[3,15],"2":[3,15],"3":[4,14],"4":[4,14],"5":[4,14],"6":[4,14],"7":[4,14],"8":[0,14],"9":[0,14],"10":[0,14],"11":[1,13],"12":[0,14],"13":[14,14],"14":[0,14],"15":[1,13],"16":[14,1],"17":[0,14],"18":[1,13]},"_coverageSchema":"1a1c01bbd47fc00a2c39e90264f33305004495a9","hash":"820028ee62e9e857e22acfa008e4a327382531d5"}
,"/home/pavelpivo/Documents/KP/GetTogether/Back/services/notificationService.js": {"path":"/home/pavelpivo/Documents/KP/GetTogether/Back/services/notificationService.js","statementMap":{"0":{"start":{"line":1,"column":31},"end":{"line":1,"column":78}},"1":{"start":{"line":2,"column":27},"end":{"line":2,"column":70}},"2":{"start":{"line":3,"column":15},"end":{"line":3,"column":35}},"3":{"start":{"line":4,"column":23},"end":{"line":4,"column":50}},"4":{"start":{"line":8,"column":8},"end":{"line":8,"column":72}},"5":{"start":{"line":9,"column":8},"end":{"line":9,"column":64}},"6":{"start":{"line":13,"column":8},"end":{"line":47,"column":9}},"7":{"start":{"line":15,"column":30},"end":{"line":15,"column":118}},"8":{"start":{"line":16,"column":31},"end":{"line":16,"column":122}},"9":{"start":{"line":19,"column":41},"end":{"line":19,"column":113}},"10":{"start":{"line":22,"column":40},"end":{"line":22,"column":112}},"11":{"start":{"line":25,"column":35},"end":{"line":25,"column":84}},"12":{"start":{"line":26,"column":38},"end":{"line":28,"column":13}},"13":{"start":{"line":27,"column":38},"end":{"line":27,"column":147}},"14":{"start":{"line":27,"column":68},"end":{"line":27,"column":146}},"15":{"start":{"line":30,"column":12},"end":{"line":30,"column":180}},"16":{"start":{"line":32,"column":12},"end":{"line":44,"column":13}},"17":{"start":{"line":34,"column":16},"end":{"line":37,"column":17}},"18":{"start":{"line":35,"column":20},"end":{"line":35,"column":89}},"19":{"start":{"line":36,"column":20},"end":{"line":36,"column":29}},"20":{"start":{"line":39,"column":16},"end":{"line":43,"column":17}},"21":{"start":{"line":40,"column":20},"end":{"line":40,"column":88}},"22":{"start":{"line":41,"column":23},"end":{"line":43,"column":17}},"23":{"start":{"line":42,"column":20},"end":{"line":42,"column":88}},"24":{"start":{"line":46,"column":12},"end":{"line":46,"column":65}},"25":{"start":{"line":51,"column":8},"end":{"line":54,"column":9}},"26":{"start":{"line":52,"column":12},"end":{"line":52,"column":83}},"27":{"start":{"line":53,"column":12},"end":{"line":53,"column":19}},"28":{"start":{"line":57,"column":43},"end":{"line":57,"column":72}},"29":{"start":{"line":59,"column":24},"end":{"line":59,"column":169}},"30":{"start":{"line":62,"column":24},"end":{"line":62,"column":76}},"31":{"start":{"line":63,"column":8},"end":{"line":65,"column":9}},"32":{"start":{"line":64,"column":12},"end":{"line":64,"column":91}},"33":{"start":{"line":71,"column":23},"end":{"line":71,"column":84}},"34":{"start":{"line":72,"column":8},"end":{"line":72,"column":59}},"35":{"start":{"line":76,"column":8},"end":{"line":97,"column":9}},"36":{"start":{"line":77,"column":34},"end":{"line":77,"column":101}},"37":{"start":{"line":78,"column":12},"end":{"line":78,"column":92}},"38":{"start":{"line":80,"column":12},"end":{"line":94,"column":13}},"39":{"start":{"line":81,"column":16},"end":{"line":84,"column":17}},"40":{"start":{"line":82,"column":20},"end":{"line":82,"column":105}},"41":{"start":{"line":83,"column":20},"end":{"line":83,"column":29}},"42":{"start":{"line":86,"column":16},"end":{"line":90,"column":17}},"43":{"start":{"line":87,"column":20},"end":{"line":87,"column":90}},"44":{"start":{"line":88,"column":23},"end":{"line":90,"column":17}},"45":{"start":{"line":89,"column":20},"end":{"line":89,"column":90}},"46":{"start":{"line":92,"column":16},"end":{"line":92,"column":54}},"47":{"start":{"line":93,"column":16},"end":{"line":93,"column":42}},"48":{"start":{"line":96,"column":12},"end":{"line":96,"column":74}},"49":{"start":{"line":101,"column":8},"end":{"line":104,"column":9}},"50":{"start":{"line":102,"column":12},"end":{"line":102,"column":83}},"51":{"start":{"line":103,"column":12},"end":{"line":103,"column":19}},"52":{"start":{"line":106,"column":43},"end":{"line":106,"column":72}},"53":{"start":{"line":107,"column":24},"end":{"line":107,"column":203}},"54":{"start":{"line":109,"column":24},"end":{"line":109,"column":76}},"55":{"start":{"line":110,"column":8},"end":{"line":112,"column":9}},"56":{"start":{"line":111,"column":12},"end":{"line":111,"column":91}},"57":{"start":{"line":116,"column":23},"end":{"line":116,"column":84}},"58":{"start":{"line":117,"column":8},"end":{"line":117,"column":72}},"59":{"start":{"line":121,"column":0},"end":{"line":121,"column":43}}},"fnMap":{"0":{"name":"(anonymous_0)","decl":{"start":{"line":7,"column":4},"end":{"line":7,"column":5}},"loc":{"start":{"line":7,"column":18},"end":{"line":10,"column":5}},"line":7},"1":{"name":"(anonymous_1)","decl":{"start":{"line":12,"column":4},"end":{"line":12,"column":5}},"loc":{"start":{"line":12,"column":32},"end":{"line":48,"column":5}},"line":12},"2":{"name":"(anonymous_2)","decl":{"start":{"line":27,"column":16},"end":{"line":27,"column":17}},"loc":{"start":{"line":27,"column":38},"end":{"line":27,"column":147}},"line":27},"3":{"name":"(anonymous_3)","decl":{"start":{"line":27,"column":63},"end":{"line":27,"column":64}},"loc":{"start":{"line":27,"column":68},"end":{"line":27,"column":146}},"line":27},"4":{"name":"(anonymous_4)","decl":{"start":{"line":50,"column":4},"end":{"line":50,"column":5}},"loc":{"start":{"line":50,"column":48},"end":{"line":66,"column":5}},"line":50},"5":{"name":"(anonymous_5)","decl":{"start":{"line":68,"column":4},"end":{"line":68,"column":5}},"loc":{"start":{"line":68,"column":48},"end":{"line":73,"column":5}},"line":68},"6":{"name":"(anonymous_6)","decl":{"start":{"line":75,"column":4},"end":{"line":75,"column":5}},"loc":{"start":{"line":75,"column":45},"end":{"line":98,"column":5}},"line":75},"7":{"name":"(anonymous_7)","decl":{"start":{"line":100,"column":4},"end":{"line":100,"column":5}},"loc":{"start":{"line":100,"column":56},"end":{"line":113,"column":5}},"line":100},"8":{"name":"(anonymous_8)","decl":{"start":{"line":115,"column":4},"end":{"line":115,"column":5}},"loc":{"start":{"line":115,"column":56},"end":{"line":118,"column":5}},"line":115}},"branchMap":{"0":{"loc":{"start":{"line":15,"column":30},"end":{"line":15,"column":118}},"type":"cond-expr","locations":[{"start":{"line":15,"column":69},"end":{"line":15,"column":99}},{"start":{"line":15,"column":102},"end":{"line":15,"column":118}}],"line":15},"1":{"loc":{"start":{"line":16,"column":31},"end":{"line":16,"column":122}},"type":"cond-expr","locations":[{"start":{"line":16,"column":71},"end":{"line":16,"column":102}},{"start":{"line":16,"column":105},"end":{"line":16,"column":122}}],"line":16},"2":{"loc":{"start":{"line":27,"column":68},"end":{"line":27,"column":146}},"type":"binary-expr","locations":[{"start":{"line":27,"column":68},"end":{"line":27,"column":93}},{"start":{"line":27,"column":97},"end":{"line":27,"column":146}}],"line":27},"3":{"loc":{"start":{"line":34,"column":16},"end":{"line":37,"column":17}},"type":"if","locations":[{"start":{"line":34,"column":16},"end":{"line":37,"column":17}},{"start":{},"end":{}}],"line":34},"4":{"loc":{"start":{"line":39,"column":16},"end":{"line":43,"column":17}},"type":"if","locations":[{"start":{"line":39,"column":16},"end":{"line":43,"column":17}},{"start":{"line":41,"column":23},"end":{"line":43,"column":17}}],"line":39},"5":{"loc":{"start":{"line":41,"column":23},"end":{"line":43,"column":17}},"type":"if","locations":[{"start":{"line":41,"column":23},"end":{"line":43,"column":17}},{"start":{},"end":{}}],"line":41},"6":{"loc":{"start":{"line":51,"column":8},"end":{"line":54,"column":9}},"type":"if","locations":[{"start":{"line":51,"column":8},"end":{"line":54,"column":9}},{"start":{},"end":{}}],"line":51},"7":{"loc":{"start":{"line":63,"column":8},"end":{"line":65,"column":9}},"type":"if","locations":[{"start":{"line":63,"column":8},"end":{"line":65,"column":9}},{"start":{},"end":{}}],"line":63},"8":{"loc":{"start":{"line":71,"column":23},"end":{"line":71,"column":84}},"type":"cond-expr","locations":[{"start":{"line":71,"column":53},"end":{"line":71,"column":74}},{"start":{"line":71,"column":77},"end":{"line":71,"column":84}}],"line":71},"9":{"loc":{"start":{"line":81,"column":16},"end":{"line":84,"column":17}},"type":"if","locations":[{"start":{"line":81,"column":16},"end":{"line":84,"column":17}},{"start":{},"end":{}}],"line":81},"10":{"loc":{"start":{"line":86,"column":16},"end":{"line":90,"column":17}},"type":"if","locations":[{"start":{"line":86,"column":16},"end":{"line":90,"column":17}},{"start":{"line":88,"column":23},"end":{"line":90,"column":17}}],"line":86},"11":{"loc":{"start":{"line":88,"column":23},"end":{"line":90,"column":17}},"type":"if","locations":[{"start":{"line":88,"column":23},"end":{"line":90,"column":17}},{"start":{},"end":{}}],"line":88},"12":{"loc":{"start":{"line":101,"column":8},"end":{"line":104,"column":9}},"type":"if","locations":[{"start":{"line":101,"column":8},"end":{"line":104,"column":9}},{"start":{},"end":{}}],"line":101},"13":{"loc":{"start":{"line":110,"column":8},"end":{"line":112,"column":9}},"type":"if","locations":[{"start":{"line":110,"column":8},"end":{"line":112,"column":9}},{"start":{},"end":{}}],"line":110},"14":{"loc":{"start":{"line":116,"column":23},"end":{"line":116,"column":84}},"type":"cond-expr","locations":[{"start":{"line":116,"column":53},"end":{"line":116,"column":74}},{"start":{"line":116,"column":77},"end":{"line":116,"column":84}}],"line":116}},"s":{"0":7,"1":7,"2":7,"3":7,"4":7,"5":7,"6":4,"7":4,"8":4,"9":4,"10":4,"11":4,"12":4,"13":0,"14":0,"15":4,"16":4,"17":0,"18":0,"19":0,"20":0,"21":0,"22":0,"23":0,"24":0,"25":0,"26":0,"27":0,"28":0,"29":0,"30":0,"31":0,"32":0,"33":0,"34":0,"35":0,"36":0,"37":0,"38":0,"39":0,"40":0,"41":0,"42":0,"43":0,"44":0,"45":0,"46":0,"47":0,"48":0,"49":0,"50":0,"51":0,"52":0,"53":0,"54":0,"55":0,"56":0,"57":0,"58":0,"59":7},"f":{"0":7,"1":4,"2":0,"3":0,"4":0,"5":0,"6":0,"7":0,"8":0},"b":{"0":[0,4],"1":[0,4],"2":[0,0],"3":[0,0],"4":[0,0],"5":[0,0],"6":[0,0],"7":[0,0],"8":[0,0],"9":[0,0],"10":[0,0],"11":[0,0],"12":[0,0],"13":[0,0],"14":[0,0]},"_coverageSchema":"1a1c01bbd47fc00a2c39e90264f33305004495a9","hash":"9d90e8f977df9d866424370172791062297fcfda"}
,"/home/pavelpivo/Documents/KP/GetTogether/Back/services/qrCodeService.js": {"path":"/home/pavelpivo/Documents/KP/GetTogether/Back/services/qrCodeService.js","statementMap":{"0":{"start":{"line":1,"column":15},"end":{"line":1,"column":32}},"1":{"start":{"line":16,"column":86},"end":{"line":16,"column":102}},"2":{"start":{"line":19,"column":23},"end":{"line":28,"column":10}},"3":{"start":{"line":30,"column":8},"end":{"line":46,"column":9}},"4":{"start":{"line":32,"column":34},"end":{"line":41,"column":14}},"5":{"start":{"line":43,"column":12},"end":{"line":43,"column":33}},"6":{"start":{"line":45,"column":12},"end":{"line":45,"column":74}},"7":{"start":{"line":55,"column":86},"end":{"line":55,"column":102}},"8":{"start":{"line":57,"column":23},"end":{"line":66,"column":10}},"9":{"start":{"line":68,"column":8},"end":{"line":83,"column":9}},"10":{"start":{"line":69,"column":33},"end":{"line":78,"column":14}},"11":{"start":{"line":80,"column":12},"end":{"line":80,"column":32}},"12":{"start":{"line":82,"column":12},"end":{"line":82,"column":74}},"13":{"start":{"line":92,"column":8},"end":{"line":106,"column":9}},"14":{"start":{"line":93,"column":25},"end":{"line":93,"column":43}},"15":{"start":{"line":95,"column":12},"end":{"line":97,"column":13}},"16":{"start":{"line":96,"column":16},"end":{"line":96,"column":28}},"17":{"start":{"line":99,"column":12},"end":{"line":101,"column":13}},"18":{"start":{"line":100,"column":16},"end":{"line":100,"column":28}},"19":{"start":{"line":103,"column":12},"end":{"line":103,"column":24}},"20":{"start":{"line":105,"column":12},"end":{"line":105,"column":24}},"21":{"start":{"line":110,"column":0},"end":{"line":110,"column":37}}},"fnMap":{"0":{"name":"(anonymous_0)","decl":{"start":{"line":15,"column":4},"end":{"line":15,"column":5}},"loc":{"start":{"line":15,"column":55},"end":{"line":47,"column":5}},"line":15},"1":{"name":"(anonymous_1)","decl":{"start":{"line":54,"column":4},"end":{"line":54,"column":5}},"loc":{"start":{"line":54,"column":61},"end":{"line":84,"column":5}},"line":54},"2":{"name":"(anonymous_2)","decl":{"start":{"line":91,"column":4},"end":{"line":91,"column":5}},"loc":{"start":{"line":91,"column":28},"end":{"line":107,"column":5}},"line":91}},"branchMap":{"0":{"loc":{"start":{"line":95,"column":12},"end":{"line":97,"column":13}},"type":"if","locations":[{"start":{"line":95,"column":12},"end":{"line":97,"column":13}},{"start":{},"end":{}}],"line":95},"1":{"loc":{"start":{"line":99,"column":12},"end":{"line":101,"column":13}},"type":"if","locations":[{"start":{"line":99,"column":12},"end":{"line":101,"column":13}},{"start":{},"end":{}}],"line":99},"2":{"loc":{"start":{"line":99,"column":16},"end":{"line":99,"column":69}},"type":"binary-expr","locations":[{"start":{"line":99,"column":16},"end":{"line":99,"column":36}},{"start":{"line":99,"column":40},"end":{"line":99,"column":53}},{"start":{"line":99,"column":57},"end":{"line":99,"column":69}}],"line":99}},"s":{"0":8,"1":2,"2":1,"3":1,"4":1,"5":1,"6":0,"7":2,"8":2,"9":2,"10":2,"11":2,"12":0,"13":4,"14":4,"15":3,"16":1,"17":2,"18":1,"19":1,"20":1,"21":8},"f":{"0":2,"1":2,"2":4},"b":{"0":[1,2],"1":[1,1],"2":[2,2,1]},"_coverageSchema":"1a1c01bbd47fc00a2c39e90264f33305004495a9","hash":"7c99e20070608afc1f4911c5307e9322600cf349"}
,"/home/pavelpivo/Documents/KP/GetTogether/Back/tests/helpers/dbCleanup.js": {"path":"/home/pavelpivo/Documents/KP/GetTogether/Back/tests/helpers/dbCleanup.js","statementMap":{"0":{"start":{"line":1,"column":15},"end":{"line":1,"column":38}},"1":{"start":{"line":3,"column":16},"end":{"line":19,"column":1}},"2":{"start":{"line":5,"column":4},"end":{"line":5,"column":70}},"3":{"start":{"line":6,"column":4},"end":{"line":6,"column":63}},"4":{"start":{"line":7,"column":4},"end":{"line":7,"column":63}},"5":{"start":{"line":8,"column":4},"end":{"line":8,"column":67}},"6":{"start":{"line":9,"column":4},"end":{"line":9,"column":71}},"7":{"start":{"line":10,"column":4},"end":{"line":10,"column":71}},"8":{"start":{"line":11,"column":4},"end":{"line":11,"column":69}},"9":{"start":{"line":12,"column":4},"end":{"line":12,"column":60}},"10":{"start":{"line":13,"column":4},"end":{"line":13,"column":62}},"11":{"start":{"line":14,"column":4},"end":{"line":14,"column":59}},"12":{"start":{"line":15,"column":4},"end":{"line":15,"column":70}},"13":{"start":{"line":16,"column":4},"end":{"line":16,"column":58}},"14":{"start":{"line":17,"column":4},"end":{"line":17,"column":62}},"15":{"start":{"line":18,"column":4},"end":{"line":18,"column":57}},"16":{"start":{"line":21,"column":0},"end":{"line":21,"column":25}}},"fnMap":{"0":{"name":"(anonymous_0)","decl":{"start":{"line":3,"column":16},"end":{"line":3,"column":17}},"loc":{"start":{"line":3,"column":28},"end":{"line":19,"column":1}},"line":3}},"branchMap":{},"s":{"0":8,"1":8,"2":125,"3":125,"4":125,"5":125,"6":125,"7":125,"8":125,"9":125,"10":125,"11":125,"12":125,"13":125,"14":125,"15":125,"16":8},"f":{"0":125},"b":{},"_coverageSchema":"1a1c01bbd47fc00a2c39e90264f33305004495a9","hash":"c5bcc80b3bb70bcfa98600fcb42ffa343db2d168"}
,"/home/pavelpivo/Documents/KP/GetTogether/Back/tests/helpers/seedReferenceData.js": {"path":"/home/pavelpivo/Documents/KP/GetTogether/Back/tests/helpers/seedReferenceData.js","statementMap":{"0":{"start":{"line":1,"column":15},"end":{"line":1,"column":38}},"1":{"start":{"line":3,"column":26},"end":{"line":42,"column":1}},"2":{"start":{"line":4,"column":4},"end":{"line":41,"column":5}},"3":{"start":{"line":6,"column":22},"end":{"line":10,"column":9}},"4":{"start":{"line":12,"column":8},"end":{"line":21,"column":9}},"5":{"start":{"line":13,"column":38},"end":{"line":16,"column":14}},"6":{"start":{"line":18,"column":12},"end":{"line":20,"column":13}},"7":{"start":{"line":19,"column":16},"end":{"line":19,"column":67}},"8":{"start":{"line":24,"column":25},"end":{"line":28,"column":9}},"9":{"start":{"line":30,"column":8},"end":{"line":38,"column":9}},"10":{"start":{"line":31,"column":39},"end":{"line":34,"column":14}},"11":{"start":{"line":35,"column":12},"end":{"line":37,"column":13}},"12":{"start":{"line":36,"column":16},"end":{"line":36,"column":73}},"13":{"start":{"line":40,"column":8},"end":{"line":40,"column":43}},"14":{"start":{"line":44,"column":0},"end":{"line":44,"column":35}}},"fnMap":{"0":{"name":"(anonymous_0)","decl":{"start":{"line":3,"column":26},"end":{"line":3,"column":27}},"loc":{"start":{"line":3,"column":38},"end":{"line":42,"column":1}},"line":3}},"branchMap":{"0":{"loc":{"start":{"line":18,"column":12},"end":{"line":20,"column":13}},"type":"if","locations":[{"start":{"line":18,"column":12},"end":{"line":20,"column":13}},{"start":{},"end":{}}],"line":18},"1":{"loc":{"start":{"line":18,"column":16},"end":{"line":18,"column":63}},"type":"binary-expr","locations":[{"start":{"line":18,"column":16},"end":{"line":18,"column":24}},{"start":{"line":18,"column":28},"end":{"line":18,"column":63}}],"line":18},"2":{"loc":{"start":{"line":35,"column":12},"end":{"line":37,"column":13}},"type":"if","locations":[{"start":{"line":35,"column":12},"end":{"line":37,"column":13}},{"start":{},"end":{}}],"line":35},"3":{"loc":{"start":{"line":35,"column":16},"end":{"line":35,"column":69}},"type":"binary-expr","locations":[{"start":{"line":35,"column":16},"end":{"line":35,"column":24}},{"start":{"line":35,"column":28},"end":{"line":35,"column":69}}],"line":35}},"s":{"0":8,"1":8,"2":125,"3":125,"4":125,"5":375,"6":375,"7":0,"8":125,"9":125,"10":375,"11":375,"12":0,"13":0,"14":8},"f":{"0":125},"b":{"0":[0,375],"1":[375,375],"2":[0,375],"3":[375,375]},"_coverageSchema":"1a1c01bbd47fc00a2c39e90264f33305004495a9","hash":"c1f801be588ef25159f5ca58d110fb90b08d09fa"}
}
