{"/home/pavelpivo/Documents/KP/GetTogether/Back/app.js": {"path":"/home/pavelpivo/Documents/KP/GetTogether/Back/app.js","statementMap":{"0":{"start":{"line":1,"column":16},"end":{"line":1,"column":34}},"1":{"start":{"line":2,"column":13},"end":{"line":2,"column":28}},"2":{"start":{"line":3,"column":21},"end":{"line":3,"column":45}},"3":{"start":{"line":4,"column":19},"end":{"line":4,"column":49}},"4":{"start":{"line":5,"column":20},"end":{"line":5,"column":51}},"5":{"start":{"line":6,"column":19},"end":{"line":6,"column":49}},"6":{"start":{"line":7,"column":20},"end":{"line":7,"column":51}},"7":{"start":{"line":8,"column":24},"end":{"line":8,"column":59}},"8":{"start":{"line":9,"column":33},"end":{"line":9,"column":71}},"9":{"start":{"line":10,"column":13},"end":{"line":10,"column":51}},"10":{"start":{"line":12,"column":12},"end":{"line":12,"column":21}},"11":{"start":{"line":14,"column":0},"end":{"line":14,"column":24}},"12":{"start":{"line":15,"column":0},"end":{"line":15,"column":24}},"13":{"start":{"line":17,"column":0},"end":{"line":20,"column":4}},"14":{"start":{"line":23,"column":0},"end":{"line":23,"column":33}},"15":{"start":{"line":24,"column":0},"end":{"line":24,"column":35}},"16":{"start":{"line":27,"column":0},"end":{"line":27,"column":39}},"17":{"start":{"line":30,"column":0},"end":{"line":30,"column":62}},"18":{"start":{"line":33,"column":0},"end":{"line":33,"column":50}},"19":{"start":{"line":35,"column":0},"end":{"line":35,"column":21}}},"fnMap":{},"branchMap":{},"s":{"0":6,"1":6,"2":6,"3":6,"4":6,"5":6,"6":6,"7":6,"8":6,"9":6,"10":6,"11":6,"12":6,"13":6,"14":6,"15":6,"16":6,"17":6,"18":6,"19":6},"f":{},"b":{},"_coverageSchema":"1a1c01bbd47fc00a2c39e90264f33305004495a9","hash":"bc86fbd0cae5e543d99af2a90bef53d4bd28d616"}
,"/home/pavelpivo/Documents/KP/GetTogether/Back/controllers/adminController.js": {"path":"/home/pavelpivo/Documents/KP/GetTogether/Back/controllers/adminController.js","statementMap":{"0":{"start":{"line":1,"column":24},"end":{"line":1,"column":66}},"1":{"start":{"line":2,"column":24},"end":{"line":2,"column":50}},"2":{"start":{"line":4,"column":23},"end":{"line":4,"column":75}},"3":{"start":{"line":5,"column":30},"end":{"line":5,"column":89}},"4":{"start":{"line":7,"column":19},"end":{"line":7,"column":56}},"5":{"start":{"line":8,"column":23},"end":{"line":8,"column":60}},"6":{"start":{"line":9,"column":15},"end":{"line":9,"column":35}},"7":{"start":{"line":16,"column":4},"end":{"line":25,"column":5}},"8":{"start":{"line":17,"column":32},"end":{"line":17,"column":40}},"9":{"start":{"line":18,"column":6},"end":{"line":20,"column":7}},"10":{"start":{"line":19,"column":8},"end":{"line":19,"column":76}},"11":{"start":{"line":21,"column":6},"end":{"line":21,"column":59}},"12":{"start":{"line":22,"column":6},"end":{"line":22,"column":71}},"13":{"start":{"line":24,"column":6},"end":{"line":24,"column":53}},"14":{"start":{"line":29,"column":4},"end":{"line":39,"column":5}},"15":{"start":{"line":30,"column":30},"end":{"line":30,"column":40}},"16":{"start":{"line":31,"column":32},"end":{"line":31,"column":40}},"17":{"start":{"line":32,"column":6},"end":{"line":34,"column":7}},"18":{"start":{"line":33,"column":8},"end":{"line":33,"column":80}},"19":{"start":{"line":35,"column":6},"end":{"line":35,"column":71}},"20":{"start":{"line":36,"column":6},"end":{"line":36,"column":73}},"21":{"start":{"line":38,"column":6},"end":{"line":38,"column":53}},"22":{"start":{"line":44,"column":4},"end":{"line":50,"column":5}},"23":{"start":{"line":45,"column":30},"end":{"line":45,"column":40}},"24":{"start":{"line":46,"column":6},"end":{"line":46,"column":56}},"25":{"start":{"line":47,"column":6},"end":{"line":47,"column":73}},"26":{"start":{"line":49,"column":6},"end":{"line":49,"column":53}},"27":{"start":{"line":54,"column":4},"end":{"line":59,"column":5}},"28":{"start":{"line":55,"column":20},"end":{"line":55,"column":52}},"29":{"start":{"line":56,"column":6},"end":{"line":56,"column":34}},"30":{"start":{"line":58,"column":6},"end":{"line":58,"column":53}},"31":{"start":{"line":63,"column":4},"end":{"line":70,"column":5}},"32":{"start":{"line":64,"column":26},"end":{"line":64,"column":36}},"33":{"start":{"line":65,"column":24},"end":{"line":65,"column":32}},"34":{"start":{"line":66,"column":6},"end":{"line":66,"column":52}},"35":{"start":{"line":67,"column":6},"end":{"line":67,"column":80}},"36":{"start":{"line":69,"column":6},"end":{"line":69,"column":53}},"37":{"start":{"line":74,"column":4},"end":{"line":79,"column":5}},"38":{"start":{"line":75,"column":23},"end":{"line":75,"column":67}},"39":{"start":{"line":76,"column":6},"end":{"line":76,"column":37}},"40":{"start":{"line":78,"column":6},"end":{"line":78,"column":53}},"41":{"start":{"line":83,"column":4},"end":{"line":90,"column":5}},"42":{"start":{"line":84,"column":29},"end":{"line":84,"column":39}},"43":{"start":{"line":85,"column":28},"end":{"line":85,"column":36}},"44":{"start":{"line":86,"column":6},"end":{"line":86,"column":69}},"45":{"start":{"line":87,"column":6},"end":{"line":87,"column":76}},"46":{"start":{"line":89,"column":6},"end":{"line":89,"column":53}},"47":{"start":{"line":94,"column":4},"end":{"line":100,"column":5}},"48":{"start":{"line":95,"column":26},"end":{"line":95,"column":36}},"49":{"start":{"line":96,"column":6},"end":{"line":96,"column":55}},"50":{"start":{"line":97,"column":6},"end":{"line":97,"column":74}},"51":{"start":{"line":99,"column":6},"end":{"line":99,"column":53}},"52":{"start":{"line":104,"column":4},"end":{"line":109,"column":5}},"53":{"start":{"line":105,"column":21},"end":{"line":105,"column":54}},"54":{"start":{"line":106,"column":6},"end":{"line":106,"column":35}},"55":{"start":{"line":108,"column":6},"end":{"line":108,"column":53}},"56":{"start":{"line":113,"column":4},"end":{"line":149,"column":5}},"57":{"start":{"line":114,"column":109},"end":{"line":114,"column":117}},"58":{"start":{"line":115,"column":20},"end":{"line":115,"column":36}},"59":{"start":{"line":116,"column":27},"end":{"line":116,"column":37}},"60":{"start":{"line":118,"column":23},"end":{"line":118,"column":32}},"61":{"start":{"line":119,"column":6},"end":{"line":125,"column":7}},"62":{"start":{"line":120,"column":8},"end":{"line":124,"column":9}},"63":{"start":{"line":121,"column":10},"end":{"line":121,"column":74}},"64":{"start":{"line":123,"column":10},"end":{"line":123,"column":49}},"65":{"start":{"line":127,"column":25},"end":{"line":129,"column":8}},"66":{"start":{"line":131,"column":6},"end":{"line":133,"column":7}},"67":{"start":{"line":132,"column":8},"end":{"line":132,"column":142}},"68":{"start":{"line":135,"column":20},"end":{"line":135,"column":168}},"69":{"start":{"line":137,"column":6},"end":{"line":145,"column":7}},"70":{"start":{"line":138,"column":29},"end":{"line":138,"column":74}},"71":{"start":{"line":139,"column":8},"end":{"line":143,"column":9}},"72":{"start":{"line":140,"column":34},"end":{"line":140,"column":63}},"73":{"start":{"line":141,"column":23},"end":{"line":141,"column":60}},"74":{"start":{"line":142,"column":10},"end":{"line":142,"column":105}},"75":{"start":{"line":144,"column":8},"end":{"line":144,"column":100}},"76":{"start":{"line":146,"column":6},"end":{"line":146,"column":71}},"77":{"start":{"line":148,"column":6},"end":{"line":148,"column":60}},"78":{"start":{"line":153,"column":4},"end":{"line":164,"column":5}},"79":{"start":{"line":154,"column":27},"end":{"line":154,"column":37}},"80":{"start":{"line":156,"column":6},"end":{"line":158,"column":7}},"81":{"start":{"line":157,"column":8},"end":{"line":157,"column":77}},"82":{"start":{"line":160,"column":6},"end":{"line":160,"column":50}},"83":{"start":{"line":161,"column":6},"end":{"line":161,"column":36}},"84":{"start":{"line":163,"column":6},"end":{"line":163,"column":60}},"85":{"start":{"line":169,"column":4},"end":{"line":174,"column":5}},"86":{"start":{"line":170,"column":20},"end":{"line":170,"column":54}},"87":{"start":{"line":171,"column":6},"end":{"line":171,"column":22}},"88":{"start":{"line":173,"column":6},"end":{"line":173,"column":53}},"89":{"start":{"line":178,"column":4},"end":{"line":205,"column":5}},"90":{"start":{"line":179,"column":121},"end":{"line":179,"column":129}},"91":{"start":{"line":180,"column":6},"end":{"line":182,"column":7}},"92":{"start":{"line":181,"column":8},"end":{"line":181,"column":75}},"93":{"start":{"line":183,"column":24},"end":{"line":183,"column":28}},"94":{"start":{"line":184,"column":6},"end":{"line":191,"column":7}},"95":{"start":{"line":185,"column":8},"end":{"line":190,"column":9}},"96":{"start":{"line":186,"column":25},"end":{"line":186,"column":80}},"97":{"start":{"line":187,"column":10},"end":{"line":187,"column":54}},"98":{"start":{"line":189,"column":10},"end":{"line":189,"column":77}},"99":{"start":{"line":192,"column":19},"end":{"line":201,"column":8}},"100":{"start":{"line":202,"column":6},"end":{"line":202,"column":33}},"101":{"start":{"line":204,"column":6},"end":{"line":204,"column":53}},"102":{"start":{"line":209,"column":4},"end":{"line":234,"column":5}},"103":{"start":{"line":210,"column":33},"end":{"line":210,"column":43}},"104":{"start":{"line":211,"column":121},"end":{"line":211,"column":129}},"105":{"start":{"line":212,"column":6},"end":{"line":214,"column":7}},"106":{"start":{"line":213,"column":8},"end":{"line":213,"column":76}},"107":{"start":{"line":215,"column":24},"end":{"line":215,"column":33}},"108":{"start":{"line":216,"column":6},"end":{"line":227,"column":7}},"109":{"start":{"line":217,"column":8},"end":{"line":226,"column":9}},"110":{"start":{"line":218,"column":10},"end":{"line":218,"column":29}},"111":{"start":{"line":220,"column":10},"end":{"line":225,"column":11}},"112":{"start":{"line":221,"column":27},"end":{"line":221,"column":82}},"113":{"start":{"line":222,"column":12},"end":{"line":222,"column":56}},"114":{"start":{"line":224,"column":12},"end":{"line":224,"column":79}},"115":{"start":{"line":228,"column":6},"end":{"line":228,"column":178}},"116":{"start":{"line":229,"column":22},"end":{"line":229,"column":69}},"117":{"start":{"line":230,"column":6},"end":{"line":230,"column":84}},"118":{"start":{"line":230,"column":20},"end":{"line":230,"column":84}},"119":{"start":{"line":231,"column":6},"end":{"line":231,"column":24}},"120":{"start":{"line":233,"column":6},"end":{"line":233,"column":53}},"121":{"start":{"line":238,"column":4},"end":{"line":244,"column":5}},"122":{"start":{"line":239,"column":33},"end":{"line":239,"column":43}},"123":{"start":{"line":240,"column":6},"end":{"line":240,"column":57}},"124":{"start":{"line":241,"column":6},"end":{"line":241,"column":29}},"125":{"start":{"line":243,"column":6},"end":{"line":243,"column":53}},"126":{"start":{"line":248,"column":0},"end":{"line":248,"column":50}}},"fnMap":{"0":{"name":"(anonymous_0)","decl":{"start":{"line":15,"column":2},"end":{"line":15,"column":3}},"loc":{"start":{"line":15,"column":30},"end":{"line":26,"column":3}},"line":15},"1":{"name":"(anonymous_1)","decl":{"start":{"line":28,"column":2},"end":{"line":28,"column":3}},"loc":{"start":{"line":28,"column":33},"end":{"line":40,"column":3}},"line":28},"2":{"name":"(anonymous_2)","decl":{"start":{"line":43,"column":2},"end":{"line":43,"column":3}},"loc":{"start":{"line":43,"column":33},"end":{"line":51,"column":3}},"line":43},"3":{"name":"(anonymous_3)","decl":{"start":{"line":53,"column":2},"end":{"line":53,"column":3}},"loc":{"start":{"line":53,"column":27},"end":{"line":60,"column":3}},"line":53},"4":{"name":"(anonymous_4)","decl":{"start":{"line":62,"column":2},"end":{"line":62,"column":3}},"loc":{"start":{"line":62,"column":26},"end":{"line":71,"column":3}},"line":62},"5":{"name":"(anonymous_5)","decl":{"start":{"line":73,"column":2},"end":{"line":73,"column":3}},"loc":{"start":{"line":73,"column":39},"end":{"line":80,"column":3}},"line":73},"6":{"name":"(anonymous_6)","decl":{"start":{"line":82,"column":2},"end":{"line":82,"column":3}},"loc":{"start":{"line":82,"column":36},"end":{"line":91,"column":3}},"line":82},"7":{"name":"(anonymous_7)","decl":{"start":{"line":93,"column":2},"end":{"line":93,"column":3}},"loc":{"start":{"line":93,"column":36},"end":{"line":101,"column":3}},"line":93},"8":{"name":"(anonymous_8)","decl":{"start":{"line":103,"column":2},"end":{"line":103,"column":3}},"loc":{"start":{"line":103,"column":28},"end":{"line":110,"column":3}},"line":103},"9":{"name":"(anonymous_9)","decl":{"start":{"line":112,"column":2},"end":{"line":112,"column":3}},"loc":{"start":{"line":112,"column":30},"end":{"line":150,"column":3}},"line":112},"10":{"name":"(anonymous_10)","decl":{"start":{"line":152,"column":2},"end":{"line":152,"column":3}},"loc":{"start":{"line":152,"column":30},"end":{"line":165,"column":3}},"line":152},"11":{"name":"(anonymous_11)","decl":{"start":{"line":168,"column":2},"end":{"line":168,"column":3}},"loc":{"start":{"line":168,"column":35},"end":{"line":175,"column":3}},"line":168},"12":{"name":"(anonymous_12)","decl":{"start":{"line":177,"column":2},"end":{"line":177,"column":3}},"loc":{"start":{"line":177,"column":36},"end":{"line":206,"column":3}},"line":177},"13":{"name":"(anonymous_13)","decl":{"start":{"line":208,"column":2},"end":{"line":208,"column":3}},"loc":{"start":{"line":208,"column":36},"end":{"line":235,"column":3}},"line":208},"14":{"name":"(anonymous_14)","decl":{"start":{"line":237,"column":2},"end":{"line":237,"column":3}},"loc":{"start":{"line":237,"column":36},"end":{"line":245,"column":3}},"line":237}},"branchMap":{"0":{"loc":{"start":{"line":18,"column":6},"end":{"line":20,"column":7}},"type":"if","locations":[{"start":{"line":18,"column":6},"end":{"line":20,"column":7}},{"start":{},"end":{}}],"line":18},"1":{"loc":{"start":{"line":32,"column":6},"end":{"line":34,"column":7}},"type":"if","locations":[{"start":{"line":32,"column":6},"end":{"line":34,"column":7}},{"start":{},"end":{}}],"line":32},"2":{"loc":{"start":{"line":119,"column":6},"end":{"line":125,"column":7}},"type":"if","locations":[{"start":{"line":119,"column":6},"end":{"line":125,"column":7}},{"start":{},"end":{}}],"line":119},"3":{"loc":{"start":{"line":121,"column":23},"end":{"line":121,"column":73}},"type":"cond-expr","locations":[{"start":{"line":121,"column":50},"end":{"line":121,"column":66}},{"start":{"line":121,"column":69},"end":{"line":121,"column":73}}],"line":121},"4":{"loc":{"start":{"line":131,"column":6},"end":{"line":133,"column":7}},"type":"if","locations":[{"start":{"line":131,"column":6},"end":{"line":133,"column":7}},{"start":{},"end":{}}],"line":131},"5":{"loc":{"start":{"line":131,"column":10},"end":{"line":131,"column":67}},"type":"binary-expr","locations":[{"start":{"line":131,"column":10},"end":{"line":131,"column":46}},{"start":{"line":131,"column":50},"end":{"line":131,"column":67}}],"line":131},"6":{"loc":{"start":{"line":132,"column":45},"end":{"line":132,"column":138}},"type":"cond-expr","locations":[{"start":{"line":132,"column":65},"end":{"line":132,"column":93}},{"start":{"line":132,"column":96},"end":{"line":132,"column":138}}],"line":132},"7":{"loc":{"start":{"line":137,"column":6},"end":{"line":145,"column":7}},"type":"if","locations":[{"start":{"line":137,"column":6},"end":{"line":145,"column":7}},{"start":{},"end":{}}],"line":137},"8":{"loc":{"start":{"line":139,"column":8},"end":{"line":143,"column":9}},"type":"if","locations":[{"start":{"line":139,"column":8},"end":{"line":143,"column":9}},{"start":{},"end":{}}],"line":139},"9":{"loc":{"start":{"line":156,"column":6},"end":{"line":158,"column":7}},"type":"if","locations":[{"start":{"line":156,"column":6},"end":{"line":158,"column":7}},{"start":{},"end":{}}],"line":156},"10":{"loc":{"start":{"line":180,"column":6},"end":{"line":182,"column":7}},"type":"if","locations":[{"start":{"line":180,"column":6},"end":{"line":182,"column":7}},{"start":{},"end":{}}],"line":180},"11":{"loc":{"start":{"line":180,"column":10},"end":{"line":180,"column":25}},"type":"binary-expr","locations":[{"start":{"line":180,"column":10},"end":{"line":180,"column":15}},{"start":{"line":180,"column":19},"end":{"line":180,"column":25}}],"line":180},"12":{"loc":{"start":{"line":184,"column":6},"end":{"line":191,"column":7}},"type":"if","locations":[{"start":{"line":184,"column":6},"end":{"line":191,"column":7}},{"start":{},"end":{}}],"line":184},"13":{"loc":{"start":{"line":186,"column":25},"end":{"line":186,"column":80}},"type":"cond-expr","locations":[{"start":{"line":186,"column":53},"end":{"line":186,"column":72}},{"start":{"line":186,"column":75},"end":{"line":186,"column":80}}],"line":186},"14":{"loc":{"start":{"line":212,"column":6},"end":{"line":214,"column":7}},"type":"if","locations":[{"start":{"line":212,"column":6},"end":{"line":214,"column":7}},{"start":{},"end":{}}],"line":212},"15":{"loc":{"start":{"line":216,"column":6},"end":{"line":227,"column":7}},"type":"if","locations":[{"start":{"line":216,"column":6},"end":{"line":227,"column":7}},{"start":{},"end":{}}],"line":216},"16":{"loc":{"start":{"line":217,"column":8},"end":{"line":226,"column":9}},"type":"if","locations":[{"start":{"line":217,"column":8},"end":{"line":226,"column":9}},{"start":{"line":219,"column":15},"end":{"line":226,"column":9}}],"line":217},"17":{"loc":{"start":{"line":217,"column":12},"end":{"line":217,"column":42}},"type":"binary-expr","locations":[{"start":{"line":217,"column":12},"end":{"line":217,"column":26}},{"start":{"line":217,"column":30},"end":{"line":217,"column":42}}],"line":217},"18":{"loc":{"start":{"line":221,"column":27},"end":{"line":221,"column":82}},"type":"cond-expr","locations":[{"start":{"line":221,"column":55},"end":{"line":221,"column":74}},{"start":{"line":221,"column":77},"end":{"line":221,"column":82}}],"line":221},"19":{"loc":{"start":{"line":230,"column":6},"end":{"line":230,"column":84}},"type":"if","locations":[{"start":{"line":230,"column":6},"end":{"line":230,"column":84}},{"start":{},"end":{}}],"line":230}},"s":{"0":6,"1":6,"2":6,"3":6,"4":6,"5":6,"6":6,"7":2,"8":2,"9":2,"10":1,"11":1,"12":1,"13":0,"14":2,"15":2,"16":2,"17":2,"18":1,"19":1,"20":1,"21":0,"22":2,"23":2,"24":2,"25":1,"26":1,"27":1,"28":1,"29":1,"30":0,"31":1,"32":1,"33":1,"34":1,"35":1,"36":0,"37":1,"38":1,"39":1,"40":0,"41":1,"42":1,"43":1,"44":1,"45":1,"46":0,"47":1,"48":1,"49":1,"50":1,"51":0,"52":0,"53":0,"54":0,"55":0,"56":6,"57":6,"58":6,"59":6,"60":6,"61":6,"62":2,"63":2,"64":1,"65":6,"66":6,"67":2,"68":4,"69":4,"70":3,"71":3,"72":1,"73":1,"74":1,"75":3,"76":1,"77":0,"78":2,"79":2,"80":2,"81":1,"82":1,"83":1,"84":0,"85":0,"86":0,"87":0,"88":0,"89":6,"90":6,"91":6,"92":1,"93":5,"94":5,"95":4,"96":4,"97":2,"98":2,"99":3,"100":3,"101":0,"102":3,"103":3,"104":3,"105":3,"106":0,"107":3,"108":3,"109":1,"110":0,"111":1,"112":1,"113":0,"114":1,"115":2,"116":2,"117":2,"118":1,"119":1,"120":0,"121":1,"122":1,"123":1,"124":1,"125":0,"126":6},"f":{"0":2,"1":2,"2":2,"3":1,"4":1,"5":1,"6":1,"7":1,"8":0,"9":6,"10":2,"11":0,"12":6,"13":3,"14":1},"b":{"0":[1,1],"1":[1,1],"2":[2,4],"3":[2,0],"4":[2,4],"5":[6,6],"6":[2,0],"7":[3,1],"8":[1,2],"9":[1,1],"10":[1,5],"11":[6,6],"12":[4,1],"13":[2,0],"14":[0,3],"15":[1,2],"16":[0,1],"17":[1,1],"18":[0,0],"19":[1,1]},"_coverageSchema":"1a1c01bbd47fc00a2c39e90264f33305004495a9","hash":"fbc70a72cd619bfeacb69954895978ce63813cd6"}
,"/home/pavelpivo/Documents/KP/GetTogether/Back/controllers/authController.js": {"path":"/home/pavelpivo/Documents/KP/GetTogether/Back/controllers/authController.js","statementMap":{"0":{"start":{"line":1,"column":15},"end":{"line":1,"column":34}},"1":{"start":{"line":2,"column":12},"end":{"line":2,"column":35}},"2":{"start":{"line":3,"column":15},"end":{"line":3,"column":35}},"3":{"start":{"line":7,"column":32},"end":{"line":7,"column":40}},"4":{"start":{"line":9,"column":4},"end":{"line":63,"column":5}},"5":{"start":{"line":10,"column":27},"end":{"line":10,"column":74}},"6":{"start":{"line":11,"column":6},"end":{"line":13,"column":7}},"7":{"start":{"line":12,"column":8},"end":{"line":12,"column":96}},"8":{"start":{"line":15,"column":19},"end":{"line":15,"column":43}},"9":{"start":{"line":16,"column":28},"end":{"line":16,"column":61}},"10":{"start":{"line":18,"column":19},"end":{"line":18,"column":81}},"11":{"start":{"line":21,"column":26},"end":{"line":27,"column":8}},"12":{"start":{"line":29,"column":27},"end":{"line":35,"column":8}},"13":{"start":{"line":38,"column":6},"end":{"line":43,"column":9}},"14":{"start":{"line":45,"column":6},"end":{"line":50,"column":9}},"15":{"start":{"line":52,"column":6},"end":{"line":60,"column":9}},"16":{"start":{"line":62,"column":6},"end":{"line":62,"column":88}},"17":{"start":{"line":67,"column":32},"end":{"line":67,"column":40}},"18":{"start":{"line":69,"column":4},"end":{"line":127,"column":5}},"19":{"start":{"line":70,"column":19},"end":{"line":70,"column":66}},"20":{"start":{"line":71,"column":6},"end":{"line":73,"column":7}},"21":{"start":{"line":72,"column":8},"end":{"line":72,"column":78}},"22":{"start":{"line":75,"column":6},"end":{"line":77,"column":7}},"23":{"start":{"line":76,"column":8},"end":{"line":76,"column":77}},"24":{"start":{"line":79,"column":22},"end":{"line":79,"column":72}},"25":{"start":{"line":80,"column":6},"end":{"line":82,"column":7}},"26":{"start":{"line":81,"column":8},"end":{"line":81,"column":78}},"27":{"start":{"line":85,"column":26},"end":{"line":91,"column":8}},"28":{"start":{"line":93,"column":27},"end":{"line":99,"column":8}},"29":{"start":{"line":102,"column":6},"end":{"line":107,"column":9}},"30":{"start":{"line":109,"column":6},"end":{"line":114,"column":9}},"31":{"start":{"line":116,"column":6},"end":{"line":124,"column":9}},"32":{"start":{"line":126,"column":6},"end":{"line":126,"column":88}},"33":{"start":{"line":131,"column":25},"end":{"line":131,"column":50}},"34":{"start":{"line":133,"column":4},"end":{"line":135,"column":5}},"35":{"start":{"line":134,"column":6},"end":{"line":134,"column":76}},"36":{"start":{"line":137,"column":4},"end":{"line":168,"column":5}},"37":{"start":{"line":138,"column":22},"end":{"line":138,"column":78}},"38":{"start":{"line":139,"column":19},"end":{"line":139,"column":58}},"39":{"start":{"line":141,"column":6},"end":{"line":143,"column":7}},"40":{"start":{"line":142,"column":8},"end":{"line":142,"column":75}},"41":{"start":{"line":145,"column":6},"end":{"line":147,"column":7}},"42":{"start":{"line":146,"column":8},"end":{"line":146,"column":77}},"43":{"start":{"line":150,"column":26},"end":{"line":156,"column":8}},"44":{"start":{"line":158,"column":6},"end":{"line":163,"column":9}},"45":{"start":{"line":165,"column":6},"end":{"line":165,"column":66}},"46":{"start":{"line":167,"column":6},"end":{"line":167,"column":81}},"47":{"start":{"line":174,"column":4},"end":{"line":174,"column":35}},"48":{"start":{"line":175,"column":4},"end":{"line":175,"column":36}},"49":{"start":{"line":176,"column":4},"end":{"line":176,"column":67}},"50":{"start":{"line":180,"column":0},"end":{"line":180,"column":38}}},"fnMap":{"0":{"name":"(anonymous_0)","decl":{"start":{"line":6,"column":2},"end":{"line":6,"column":3}},"loc":{"start":{"line":6,"column":33},"end":{"line":64,"column":3}},"line":6},"1":{"name":"(anonymous_1)","decl":{"start":{"line":66,"column":2},"end":{"line":66,"column":3}},"loc":{"start":{"line":66,"column":31},"end":{"line":128,"column":3}},"line":66},"2":{"name":"(anonymous_2)","decl":{"start":{"line":130,"column":2},"end":{"line":130,"column":3}},"loc":{"start":{"line":130,"column":31},"end":{"line":169,"column":3}},"line":130},"3":{"name":"(anonymous_3)","decl":{"start":{"line":173,"column":2},"end":{"line":173,"column":3}},"loc":{"start":{"line":173,"column":25},"end":{"line":177,"column":3}},"line":173}},"branchMap":{"0":{"loc":{"start":{"line":11,"column":6},"end":{"line":13,"column":7}},"type":"if","locations":[{"start":{"line":11,"column":6},"end":{"line":13,"column":7}},{"start":{},"end":{}}],"line":11},"1":{"loc":{"start":{"line":71,"column":6},"end":{"line":73,"column":7}},"type":"if","locations":[{"start":{"line":71,"column":6},"end":{"line":73,"column":7}},{"start":{},"end":{}}],"line":71},"2":{"loc":{"start":{"line":75,"column":6},"end":{"line":77,"column":7}},"type":"if","locations":[{"start":{"line":75,"column":6},"end":{"line":77,"column":7}},{"start":{},"end":{}}],"line":75},"3":{"loc":{"start":{"line":80,"column":6},"end":{"line":82,"column":7}},"type":"if","locations":[{"start":{"line":80,"column":6},"end":{"line":82,"column":7}},{"start":{},"end":{}}],"line":80},"4":{"loc":{"start":{"line":133,"column":4},"end":{"line":135,"column":5}},"type":"if","locations":[{"start":{"line":133,"column":4},"end":{"line":135,"column":5}},{"start":{},"end":{}}],"line":133},"5":{"loc":{"start":{"line":141,"column":6},"end":{"line":143,"column":7}},"type":"if","locations":[{"start":{"line":141,"column":6},"end":{"line":143,"column":7}},{"start":{},"end":{}}],"line":141},"6":{"loc":{"start":{"line":145,"column":6},"end":{"line":147,"column":7}},"type":"if","locations":[{"start":{"line":145,"column":6},"end":{"line":147,"column":7}},{"start":{},"end":{}}],"line":145}},"s":{"0":6,"1":6,"2":6,"3":2,"4":2,"5":2,"6":2,"7":1,"8":1,"9":1,"10":1,"11":1,"12":1,"13":1,"14":1,"15":1,"16":0,"17":9,"18":9,"19":9,"20":9,"21":1,"22":8,"23":1,"24":7,"25":7,"26":1,"27":6,"28":6,"29":6,"30":6,"31":6,"32":0,"33":6,"34":6,"35":2,"36":4,"37":4,"38":3,"39":3,"40":1,"41":2,"42":1,"43":1,"44":1,"45":1,"46":1,"47":1,"48":1,"49":1,"50":6},"f":{"0":2,"1":9,"2":6,"3":1},"b":{"0":[1,1],"1":[1,8],"2":[1,7],"3":[1,6],"4":[2,4],"5":[1,2],"6":[1,1]},"_coverageSchema":"1a1c01bbd47fc00a2c39e90264f33305004495a9","hash":"9bf4d0c2d7fe5a090d0dd7e83da58468052eaf1c"}
,"/home/pavelpivo/Documents/KP/GetTogether/Back/controllers/organizerController.js": {"path":"/home/pavelpivo/Documents/KP/GetTogether/Back/controllers/organizerController.js","statementMap":{"0":{"start":{"line":1,"column":28},"end":{"line":1,"column":74}},"1":{"start":{"line":2,"column":19},"end":{"line":2,"column":56}},"2":{"start":{"line":3,"column":23},"end":{"line":3,"column":60}},"3":{"start":{"line":4,"column":23},"end":{"line":4,"column":38}},"4":{"start":{"line":5,"column":28},"end":{"line":5,"column":70}},"5":{"start":{"line":10,"column":8},"end":{"line":10,"column":66}},"6":{"start":{"line":12,"column":8},"end":{"line":12,"column":55}},"7":{"start":{"line":13,"column":8},"end":{"line":13,"column":57}},"8":{"start":{"line":14,"column":8},"end":{"line":14,"column":55}},"9":{"start":{"line":15,"column":8},"end":{"line":15,"column":55}},"10":{"start":{"line":16,"column":8},"end":{"line":16,"column":55}},"11":{"start":{"line":17,"column":8},"end":{"line":17,"column":77}},"12":{"start":{"line":18,"column":8},"end":{"line":18,"column":65}},"13":{"start":{"line":19,"column":8},"end":{"line":19,"column":79}},"14":{"start":{"line":23,"column":8},"end":{"line":71,"column":9}},"15":{"start":{"line":24,"column":115},"end":{"line":24,"column":123}},"16":{"start":{"line":25,"column":31},"end":{"line":25,"column":42}},"17":{"start":{"line":26,"column":26},"end":{"line":26,"column":42}},"18":{"start":{"line":28,"column":29},"end":{"line":28,"column":31}},"19":{"start":{"line":29,"column":12},"end":{"line":36,"column":13}},"20":{"start":{"line":30,"column":16},"end":{"line":35,"column":17}},"21":{"start":{"line":32,"column":20},"end":{"line":32,"column":84}},"22":{"start":{"line":34,"column":20},"end":{"line":34,"column":59}},"23":{"start":{"line":38,"column":31},"end":{"line":40,"column":14}},"24":{"start":{"line":42,"column":12},"end":{"line":44,"column":13}},"25":{"start":{"line":43,"column":16},"end":{"line":43,"column":85}},"26":{"start":{"line":45,"column":47},"end":{"line":45,"column":55}},"27":{"start":{"line":47,"column":26},"end":{"line":47,"column":213}},"28":{"start":{"line":49,"column":12},"end":{"line":53,"column":13}},"29":{"start":{"line":50,"column":40},"end":{"line":50,"column":69}},"30":{"start":{"line":51,"column":29},"end":{"line":51,"column":59}},"31":{"start":{"line":52,"column":16},"end":{"line":52,"column":97}},"32":{"start":{"line":56,"column":12},"end":{"line":56,"column":60}},"33":{"start":{"line":58,"column":12},"end":{"line":61,"column":15}},"34":{"start":{"line":63,"column":12},"end":{"line":63,"column":56}},"35":{"start":{"line":64,"column":12},"end":{"line":66,"column":13}},"36":{"start":{"line":65,"column":16},"end":{"line":65,"column":130}},"37":{"start":{"line":65,"column":105},"end":{"line":65,"column":114}},"38":{"start":{"line":67,"column":12},"end":{"line":69,"column":13}},"39":{"start":{"line":68,"column":16},"end":{"line":68,"column":87}},"40":{"start":{"line":70,"column":12},"end":{"line":70,"column":118}},"41":{"start":{"line":75,"column":8},"end":{"line":90,"column":9}},"42":{"start":{"line":76,"column":31},"end":{"line":76,"column":42}},"43":{"start":{"line":77,"column":27},"end":{"line":77,"column":82}},"44":{"start":{"line":79,"column":12},"end":{"line":85,"column":13}},"45":{"start":{"line":80,"column":16},"end":{"line":84,"column":17}},"46":{"start":{"line":81,"column":44},"end":{"line":81,"column":73}},"47":{"start":{"line":82,"column":33},"end":{"line":82,"column":63}},"48":{"start":{"line":83,"column":20},"end":{"line":83,"column":101}},"49":{"start":{"line":87,"column":12},"end":{"line":87,"column":36}},"50":{"start":{"line":89,"column":12},"end":{"line":89,"column":66}},"51":{"start":{"line":94,"column":8},"end":{"line":115,"column":9}},"52":{"start":{"line":95,"column":33},"end":{"line":95,"column":43}},"53":{"start":{"line":96,"column":31},"end":{"line":96,"column":42}},"54":{"start":{"line":97,"column":12},"end":{"line":99,"column":13}},"55":{"start":{"line":98,"column":16},"end":{"line":98,"column":85}},"56":{"start":{"line":101,"column":26},"end":{"line":101,"column":90}},"57":{"start":{"line":102,"column":12},"end":{"line":104,"column":13}},"58":{"start":{"line":103,"column":16},"end":{"line":103,"column":74}},"59":{"start":{"line":106,"column":12},"end":{"line":110,"column":13}},"60":{"start":{"line":107,"column":40},"end":{"line":107,"column":69}},"61":{"start":{"line":108,"column":29},"end":{"line":108,"column":59}},"62":{"start":{"line":109,"column":16},"end":{"line":109,"column":97}},"63":{"start":{"line":112,"column":12},"end":{"line":112,"column":35}},"64":{"start":{"line":114,"column":12},"end":{"line":114,"column":66}},"65":{"start":{"line":119,"column":8},"end":{"line":165,"column":9}},"66":{"start":{"line":120,"column":115},"end":{"line":120,"column":123}},"67":{"start":{"line":121,"column":33},"end":{"line":121,"column":43}},"68":{"start":{"line":122,"column":31},"end":{"line":122,"column":42}},"69":{"start":{"line":123,"column":26},"end":{"line":123,"column":42}},"70":{"start":{"line":125,"column":29},"end":{"line":125,"column":38}},"71":{"start":{"line":126,"column":12},"end":{"line":133,"column":13}},"72":{"start":{"line":128,"column":16},"end":{"line":132,"column":17}},"73":{"start":{"line":129,"column":20},"end":{"line":129,"column":84}},"74":{"start":{"line":131,"column":20},"end":{"line":131,"column":59}},"75":{"start":{"line":135,"column":12},"end":{"line":137,"column":13}},"76":{"start":{"line":136,"column":16},"end":{"line":136,"column":86}},"77":{"start":{"line":139,"column":31},"end":{"line":141,"column":14}},"78":{"start":{"line":143,"column":12},"end":{"line":145,"column":13}},"79":{"start":{"line":144,"column":16},"end":{"line":144,"column":85}},"80":{"start":{"line":147,"column":26},"end":{"line":147,"column":195}},"81":{"start":{"line":149,"column":12},"end":{"line":157,"column":13}},"82":{"start":{"line":150,"column":37},"end":{"line":150,"column":101}},"83":{"start":{"line":151,"column":16},"end":{"line":155,"column":17}},"84":{"start":{"line":152,"column":44},"end":{"line":152,"column":73}},"85":{"start":{"line":153,"column":33},"end":{"line":153,"column":70}},"86":{"start":{"line":154,"column":20},"end":{"line":154,"column":115}},"87":{"start":{"line":156,"column":16},"end":{"line":156,"column":91}},"88":{"start":{"line":158,"column":12},"end":{"line":158,"column":84}},"89":{"start":{"line":160,"column":12},"end":{"line":160,"column":56}},"90":{"start":{"line":161,"column":12},"end":{"line":163,"column":13}},"91":{"start":{"line":162,"column":16},"end":{"line":162,"column":130}},"92":{"start":{"line":162,"column":105},"end":{"line":162,"column":114}},"93":{"start":{"line":164,"column":12},"end":{"line":164,"column":98}},"94":{"start":{"line":169,"column":8},"end":{"line":182,"column":9}},"95":{"start":{"line":170,"column":33},"end":{"line":170,"column":43}},"96":{"start":{"line":171,"column":31},"end":{"line":171,"column":42}},"97":{"start":{"line":174,"column":12},"end":{"line":176,"column":13}},"98":{"start":{"line":175,"column":16},"end":{"line":175,"column":85}},"99":{"start":{"line":178,"column":12},"end":{"line":178,"column":77}},"100":{"start":{"line":179,"column":12},"end":{"line":179,"column":42}},"101":{"start":{"line":181,"column":12},"end":{"line":181,"column":66}},"102":{"start":{"line":186,"column":8},"end":{"line":202,"column":9}},"103":{"start":{"line":187,"column":43},"end":{"line":187,"column":51}},"104":{"start":{"line":188,"column":33},"end":{"line":188,"column":43}},"105":{"start":{"line":189,"column":31},"end":{"line":189,"column":42}},"106":{"start":{"line":191,"column":12},"end":{"line":193,"column":13}},"107":{"start":{"line":192,"column":16},"end":{"line":192,"column":122}},"108":{"start":{"line":195,"column":29},"end":{"line":195,"column":124}},"109":{"start":{"line":196,"column":12},"end":{"line":196,"column":38}},"110":{"start":{"line":198,"column":12},"end":{"line":200,"column":13}},"111":{"start":{"line":199,"column":16},"end":{"line":199,"column":70}},"112":{"start":{"line":201,"column":12},"end":{"line":201,"column":66}},"113":{"start":{"line":206,"column":8},"end":{"line":218,"column":9}},"114":{"start":{"line":207,"column":33},"end":{"line":207,"column":43}},"115":{"start":{"line":208,"column":31},"end":{"line":208,"column":42}},"116":{"start":{"line":210,"column":12},"end":{"line":212,"column":13}},"117":{"start":{"line":211,"column":16},"end":{"line":211,"column":85}},"118":{"start":{"line":214,"column":29},"end":{"line":214,"column":98}},"119":{"start":{"line":215,"column":12},"end":{"line":215,"column":38}},"120":{"start":{"line":217,"column":12},"end":{"line":217,"column":66}},"121":{"start":{"line":222,"column":8},"end":{"line":253,"column":9}},"122":{"start":{"line":223,"column":31},"end":{"line":223,"column":39}},"123":{"start":{"line":224,"column":31},"end":{"line":224,"column":42}},"124":{"start":{"line":226,"column":12},"end":{"line":228,"column":13}},"125":{"start":{"line":227,"column":16},"end":{"line":227,"column":78}},"126":{"start":{"line":231,"column":12},"end":{"line":235,"column":13}},"127":{"start":{"line":232,"column":16},"end":{"line":232,"column":48}},"128":{"start":{"line":234,"column":16},"end":{"line":234,"column":81}},"129":{"start":{"line":237,"column":56},"end":{"line":237,"column":66}},"130":{"start":{"line":239,"column":12},"end":{"line":241,"column":13}},"131":{"start":{"line":240,"column":16},"end":{"line":240,"column":77}},"132":{"start":{"line":243,"column":27},"end":{"line":243,"column":121}},"133":{"start":{"line":244,"column":12},"end":{"line":244,"column":36}},"134":{"start":{"line":247,"column":12},"end":{"line":251,"column":13}},"135":{"start":{"line":250,"column":16},"end":{"line":250,"column":70}},"136":{"start":{"line":252,"column":12},"end":{"line":252,"column":66}},"137":{"start":{"line":257,"column":0},"end":{"line":257,"column":43}}},"fnMap":{"0":{"name":"(anonymous_0)","decl":{"start":{"line":9,"column":4},"end":{"line":9,"column":5}},"loc":{"start":{"line":9,"column":18},"end":{"line":20,"column":5}},"line":9},"1":{"name":"(anonymous_1)","decl":{"start":{"line":22,"column":4},"end":{"line":22,"column":5}},"loc":{"start":{"line":22,"column":32},"end":{"line":72,"column":5}},"line":22},"2":{"name":"(anonymous_2)","decl":{"start":{"line":65,"column":100},"end":{"line":65,"column":101}},"loc":{"start":{"line":65,"column":105},"end":{"line":65,"column":114}},"line":65},"3":{"name":"(anonymous_3)","decl":{"start":{"line":74,"column":4},"end":{"line":74,"column":5}},"loc":{"start":{"line":74,"column":33},"end":{"line":91,"column":5}},"line":74},"4":{"name":"(anonymous_4)","decl":{"start":{"line":93,"column":4},"end":{"line":93,"column":5}},"loc":{"start":{"line":93,"column":32},"end":{"line":116,"column":5}},"line":93},"5":{"name":"(anonymous_5)","decl":{"start":{"line":118,"column":4},"end":{"line":118,"column":5}},"loc":{"start":{"line":118,"column":32},"end":{"line":166,"column":5}},"line":118},"6":{"name":"(anonymous_6)","decl":{"start":{"line":162,"column":100},"end":{"line":162,"column":101}},"loc":{"start":{"line":162,"column":105},"end":{"line":162,"column":114}},"line":162},"7":{"name":"(anonymous_7)","decl":{"start":{"line":168,"column":4},"end":{"line":168,"column":5}},"loc":{"start":{"line":168,"column":32},"end":{"line":183,"column":5}},"line":168},"8":{"name":"(anonymous_8)","decl":{"start":{"line":185,"column":4},"end":{"line":185,"column":5}},"loc":{"start":{"line":185,"column":43},"end":{"line":203,"column":5}},"line":185},"9":{"name":"(anonymous_9)","decl":{"start":{"line":205,"column":4},"end":{"line":205,"column":5}},"loc":{"start":{"line":205,"column":37},"end":{"line":219,"column":5}},"line":205},"10":{"name":"(anonymous_10)","decl":{"start":{"line":221,"column":4},"end":{"line":221,"column":5}},"loc":{"start":{"line":221,"column":44},"end":{"line":254,"column":5}},"line":221}},"branchMap":{"0":{"loc":{"start":{"line":29,"column":12},"end":{"line":36,"column":13}},"type":"if","locations":[{"start":{"line":29,"column":12},"end":{"line":36,"column":13}},{"start":{},"end":{}}],"line":29},"1":{"loc":{"start":{"line":32,"column":33},"end":{"line":32,"column":83}},"type":"cond-expr","locations":[{"start":{"line":32,"column":60},"end":{"line":32,"column":76}},{"start":{"line":32,"column":79},"end":{"line":32,"column":83}}],"line":32},"2":{"loc":{"start":{"line":42,"column":12},"end":{"line":44,"column":13}},"type":"if","locations":[{"start":{"line":42,"column":12},"end":{"line":44,"column":13}},{"start":{},"end":{}}],"line":42},"3":{"loc":{"start":{"line":49,"column":12},"end":{"line":53,"column":13}},"type":"if","locations":[{"start":{"line":49,"column":12},"end":{"line":53,"column":13}},{"start":{},"end":{}}],"line":49},"4":{"loc":{"start":{"line":64,"column":12},"end":{"line":66,"column":13}},"type":"if","locations":[{"start":{"line":64,"column":12},"end":{"line":66,"column":13}},{"start":{},"end":{}}],"line":64},"5":{"loc":{"start":{"line":67,"column":12},"end":{"line":69,"column":13}},"type":"if","locations":[{"start":{"line":67,"column":12},"end":{"line":69,"column":13}},{"start":{},"end":{}}],"line":67},"6":{"loc":{"start":{"line":80,"column":16},"end":{"line":84,"column":17}},"type":"if","locations":[{"start":{"line":80,"column":16},"end":{"line":84,"column":17}},{"start":{},"end":{}}],"line":80},"7":{"loc":{"start":{"line":97,"column":12},"end":{"line":99,"column":13}},"type":"if","locations":[{"start":{"line":97,"column":12},"end":{"line":99,"column":13}},{"start":{},"end":{}}],"line":97},"8":{"loc":{"start":{"line":102,"column":12},"end":{"line":104,"column":13}},"type":"if","locations":[{"start":{"line":102,"column":12},"end":{"line":104,"column":13}},{"start":{},"end":{}}],"line":102},"9":{"loc":{"start":{"line":106,"column":12},"end":{"line":110,"column":13}},"type":"if","locations":[{"start":{"line":106,"column":12},"end":{"line":110,"column":13}},{"start":{},"end":{}}],"line":106},"10":{"loc":{"start":{"line":126,"column":12},"end":{"line":133,"column":13}},"type":"if","locations":[{"start":{"line":126,"column":12},"end":{"line":133,"column":13}},{"start":{},"end":{}}],"line":126},"11":{"loc":{"start":{"line":129,"column":33},"end":{"line":129,"column":83}},"type":"cond-expr","locations":[{"start":{"line":129,"column":60},"end":{"line":129,"column":76}},{"start":{"line":129,"column":79},"end":{"line":129,"column":83}}],"line":129},"12":{"loc":{"start":{"line":135,"column":12},"end":{"line":137,"column":13}},"type":"if","locations":[{"start":{"line":135,"column":12},"end":{"line":137,"column":13}},{"start":{},"end":{}}],"line":135},"13":{"loc":{"start":{"line":143,"column":12},"end":{"line":145,"column":13}},"type":"if","locations":[{"start":{"line":143,"column":12},"end":{"line":145,"column":13}},{"start":{},"end":{}}],"line":143},"14":{"loc":{"start":{"line":149,"column":12},"end":{"line":157,"column":13}},"type":"if","locations":[{"start":{"line":149,"column":12},"end":{"line":157,"column":13}},{"start":{},"end":{}}],"line":149},"15":{"loc":{"start":{"line":151,"column":16},"end":{"line":155,"column":17}},"type":"if","locations":[{"start":{"line":151,"column":16},"end":{"line":155,"column":17}},{"start":{},"end":{}}],"line":151},"16":{"loc":{"start":{"line":161,"column":12},"end":{"line":163,"column":13}},"type":"if","locations":[{"start":{"line":161,"column":12},"end":{"line":163,"column":13}},{"start":{},"end":{}}],"line":161},"17":{"loc":{"start":{"line":174,"column":12},"end":{"line":176,"column":13}},"type":"if","locations":[{"start":{"line":174,"column":12},"end":{"line":176,"column":13}},{"start":{},"end":{}}],"line":174},"18":{"loc":{"start":{"line":191,"column":12},"end":{"line":193,"column":13}},"type":"if","locations":[{"start":{"line":191,"column":12},"end":{"line":193,"column":13}},{"start":{},"end":{}}],"line":191},"19":{"loc":{"start":{"line":191,"column":16},"end":{"line":191,"column":134}},"type":"binary-expr","locations":[{"start":{"line":191,"column":16},"end":{"line":191,"column":52}},{"start":{"line":191,"column":56},"end":{"line":191,"column":91}},{"start":{"line":191,"column":95},"end":{"line":191,"column":134}}],"line":191},"20":{"loc":{"start":{"line":198,"column":12},"end":{"line":200,"column":13}},"type":"if","locations":[{"start":{"line":198,"column":12},"end":{"line":200,"column":13}},{"start":{},"end":{}}],"line":198},"21":{"loc":{"start":{"line":198,"column":16},"end":{"line":198,"column":123}},"type":"binary-expr","locations":[{"start":{"line":198,"column":16},"end":{"line":198,"column":77}},{"start":{"line":198,"column":81},"end":{"line":198,"column":123}}],"line":198},"22":{"loc":{"start":{"line":210,"column":12},"end":{"line":212,"column":13}},"type":"if","locations":[{"start":{"line":210,"column":12},"end":{"line":212,"column":13}},{"start":{},"end":{}}],"line":210},"23":{"loc":{"start":{"line":226,"column":12},"end":{"line":228,"column":13}},"type":"if","locations":[{"start":{"line":226,"column":12},"end":{"line":228,"column":13}},{"start":{},"end":{}}],"line":226},"24":{"loc":{"start":{"line":239,"column":12},"end":{"line":241,"column":13}},"type":"if","locations":[{"start":{"line":239,"column":12},"end":{"line":241,"column":13}},{"start":{},"end":{}}],"line":239},"25":{"loc":{"start":{"line":239,"column":16},"end":{"line":239,"column":54}},"type":"binary-expr","locations":[{"start":{"line":239,"column":16},"end":{"line":239,"column":31}},{"start":{"line":239,"column":35},"end":{"line":239,"column":43}},{"start":{"line":239,"column":47},"end":{"line":239,"column":54}}],"line":239},"26":{"loc":{"start":{"line":247,"column":12},"end":{"line":251,"column":13}},"type":"if","locations":[{"start":{"line":247,"column":12},"end":{"line":251,"column":13}},{"start":{},"end":{}}],"line":247},"27":{"loc":{"start":{"line":247,"column":16},"end":{"line":249,"column":63}},"type":"binary-expr","locations":[{"start":{"line":247,"column":16},"end":{"line":247,"column":92}},{"start":{"line":248,"column":16},"end":{"line":248,"column":58}},{"start":{"line":249,"column":16},"end":{"line":249,"column":63}}],"line":247}},"s":{"0":6,"1":6,"2":6,"3":6,"4":6,"5":6,"6":6,"7":6,"8":6,"9":6,"10":6,"11":6,"12":6,"13":6,"14":5,"15":5,"16":5,"17":5,"18":5,"19":5,"20":2,"21":2,"22":1,"23":5,"24":5,"25":1,"26":4,"27":4,"28":4,"29":2,"30":2,"31":2,"32":4,"33":4,"34":0,"35":0,"36":0,"37":0,"38":0,"39":0,"40":0,"41":1,"42":1,"43":1,"44":1,"45":1,"46":0,"47":0,"48":0,"49":1,"50":0,"51":1,"52":1,"53":1,"54":1,"55":0,"56":1,"57":1,"58":0,"59":1,"60":0,"61":0,"62":0,"63":1,"64":0,"65":2,"66":2,"67":2,"68":2,"69":2,"70":2,"71":2,"72":0,"73":0,"74":0,"75":2,"76":0,"77":2,"78":2,"79":0,"80":2,"81":2,"82":2,"83":2,"84":1,"85":1,"86":1,"87":2,"88":0,"89":0,"90":0,"91":0,"92":0,"93":0,"94":2,"95":2,"96":2,"97":2,"98":1,"99":1,"100":1,"101":0,"102":2,"103":2,"104":2,"105":2,"106":2,"107":1,"108":1,"109":1,"110":0,"111":0,"112":0,"113":2,"114":2,"115":2,"116":2,"117":1,"118":1,"119":1,"120":0,"121":9,"122":9,"123":9,"124":9,"125":1,"126":8,"127":8,"128":2,"129":6,"130":6,"131":2,"132":4,"133":1,"134":3,"135":3,"136":0,"137":6},"f":{"0":6,"1":5,"2":0,"3":1,"4":1,"5":2,"6":0,"7":2,"8":2,"9":2,"10":9},"b":{"0":[2,3],"1":[2,0],"2":[1,4],"3":[2,2],"4":[0,0],"5":[0,0],"6":[0,1],"7":[0,1],"8":[0,1],"9":[0,1],"10":[0,2],"11":[0,0],"12":[0,2],"13":[0,2],"14":[2,0],"15":[1,1],"16":[0,0],"17":[1,1],"18":[1,1],"19":[2,1,1],"20":[0,0],"21":[0,0],"22":[1,1],"23":[1,8],"24":[2,4],"25":[6,6,4],"26":[3,0],"27":[3,2,1]},"_coverageSchema":"1a1c01bbd47fc00a2c39e90264f33305004495a9","hash":"06ab668a1e4287fffc01bcb597953a48a12c50a4"}
,"/home/pavelpivo/Documents/KP/GetTogether/Back/controllers/subscriptionController.js": {"path":"/home/pavelpivo/Documents/KP/GetTogether/Back/controllers/subscriptionController.js","statementMap":{"0":{"start":{"line":1,"column":31},"end":{"line":1,"column":78}},"1":{"start":{"line":2,"column":19},"end":{"line":2,"column":56}},"2":{"start":{"line":6,"column":8},"end":{"line":6,"column":72}},"3":{"start":{"line":7,"column":8},"end":{"line":7,"column":69}},"4":{"start":{"line":8,"column":8},"end":{"line":8,"column":69}},"5":{"start":{"line":9,"column":8},"end":{"line":9,"column":65}},"6":{"start":{"line":13,"column":8},"end":{"line":36,"column":9}},"7":{"start":{"line":14,"column":74},"end":{"line":14,"column":82}},"8":{"start":{"line":15,"column":28},"end":{"line":15,"column":39}},"9":{"start":{"line":17,"column":12},"end":{"line":19,"column":13}},"10":{"start":{"line":18,"column":16},"end":{"line":18,"column":84}},"11":{"start":{"line":20,"column":12},"end":{"line":22,"column":13}},"12":{"start":{"line":21,"column":16},"end":{"line":21,"column":86}},"13":{"start":{"line":23,"column":12},"end":{"line":25,"column":13}},"14":{"start":{"line":24,"column":16},"end":{"line":24,"column":80}},"15":{"start":{"line":27,"column":33},"end":{"line":29,"column":13}},"16":{"start":{"line":30,"column":12},"end":{"line":30,"column":54}},"17":{"start":{"line":32,"column":12},"end":{"line":34,"column":13}},"18":{"start":{"line":33,"column":16},"end":{"line":33,"column":86}},"19":{"start":{"line":35,"column":12},"end":{"line":35,"column":66}},"20":{"start":{"line":40,"column":8},"end":{"line":51,"column":9}},"21":{"start":{"line":41,"column":40},"end":{"line":41,"column":50}},"22":{"start":{"line":42,"column":28},"end":{"line":42,"column":39}},"23":{"start":{"line":44,"column":28},"end":{"line":44,"column":106}},"24":{"start":{"line":45,"column":12},"end":{"line":47,"column":13}},"25":{"start":{"line":46,"column":16},"end":{"line":46,"column":81}},"26":{"start":{"line":48,"column":12},"end":{"line":48,"column":42}},"27":{"start":{"line":50,"column":12},"end":{"line":50,"column":66}},"28":{"start":{"line":55,"column":8},"end":{"line":61,"column":9}},"29":{"start":{"line":56,"column":28},"end":{"line":56,"column":39}},"30":{"start":{"line":57,"column":34},"end":{"line":57,"column":93}},"31":{"start":{"line":58,"column":12},"end":{"line":58,"column":43}},"32":{"start":{"line":60,"column":12},"end":{"line":60,"column":66}},"33":{"start":{"line":65,"column":0},"end":{"line":65,"column":46}}},"fnMap":{"0":{"name":"(anonymous_0)","decl":{"start":{"line":5,"column":4},"end":{"line":5,"column":5}},"loc":{"start":{"line":5,"column":18},"end":{"line":10,"column":5}},"line":5},"1":{"name":"(anonymous_1)","decl":{"start":{"line":12,"column":4},"end":{"line":12,"column":5}},"loc":{"start":{"line":12,"column":39},"end":{"line":37,"column":5}},"line":12},"2":{"name":"(anonymous_2)","decl":{"start":{"line":39,"column":4},"end":{"line":39,"column":5}},"loc":{"start":{"line":39,"column":39},"end":{"line":52,"column":5}},"line":39},"3":{"name":"(anonymous_3)","decl":{"start":{"line":54,"column":4},"end":{"line":54,"column":5}},"loc":{"start":{"line":54,"column":37},"end":{"line":62,"column":5}},"line":54}},"branchMap":{"0":{"loc":{"start":{"line":17,"column":12},"end":{"line":19,"column":13}},"type":"if","locations":[{"start":{"line":17,"column":12},"end":{"line":19,"column":13}},{"start":{},"end":{}}],"line":17},"1":{"loc":{"start":{"line":20,"column":12},"end":{"line":22,"column":13}},"type":"if","locations":[{"start":{"line":20,"column":12},"end":{"line":22,"column":13}},{"start":{},"end":{}}],"line":20},"2":{"loc":{"start":{"line":23,"column":12},"end":{"line":25,"column":13}},"type":"if","locations":[{"start":{"line":23,"column":12},"end":{"line":25,"column":13}},{"start":{},"end":{}}],"line":23},"3":{"loc":{"start":{"line":32,"column":12},"end":{"line":34,"column":13}},"type":"if","locations":[{"start":{"line":32,"column":12},"end":{"line":34,"column":13}},{"start":{},"end":{}}],"line":32},"4":{"loc":{"start":{"line":45,"column":12},"end":{"line":47,"column":13}},"type":"if","locations":[{"start":{"line":45,"column":12},"end":{"line":47,"column":13}},{"start":{},"end":{}}],"line":45}},"s":{"0":6,"1":6,"2":6,"3":6,"4":6,"5":6,"6":6,"7":6,"8":6,"9":6,"10":1,"11":5,"12":1,"13":4,"14":1,"15":3,"16":2,"17":1,"18":1,"19":0,"20":2,"21":2,"22":2,"23":2,"24":2,"25":1,"26":1,"27":0,"28":1,"29":1,"30":1,"31":1,"32":0,"33":6},"f":{"0":6,"1":6,"2":2,"3":1},"b":{"0":[1,5],"1":[1,4],"2":[1,3],"3":[1,0],"4":[1,1]},"_coverageSchema":"1a1c01bbd47fc00a2c39e90264f33305004495a9","hash":"73058d603cfbdf4e789ceaeb33685d445fc17231"}
,"/home/pavelpivo/Documents/KP/GetTogether/Back/controllers/tagController.js": {"path":"/home/pavelpivo/Documents/KP/GetTogether/Back/controllers/tagController.js","statementMap":{"0":{"start":{"line":1,"column":15},"end":{"line":1,"column":35}},"1":{"start":{"line":2,"column":19},"end":{"line":2,"column":56}},"2":{"start":{"line":6,"column":8},"end":{"line":21,"column":9}},"3":{"start":{"line":7,"column":29},"end":{"line":7,"column":37}},"4":{"start":{"line":8,"column":12},"end":{"line":10,"column":13}},"5":{"start":{"line":9,"column":16},"end":{"line":9,"column":75}},"6":{"start":{"line":12,"column":29},"end":{"line":12,"column":74}},"7":{"start":{"line":13,"column":12},"end":{"line":15,"column":13}},"8":{"start":{"line":14,"column":16},"end":{"line":14,"column":77}},"9":{"start":{"line":17,"column":24},"end":{"line":17,"column":57}},"10":{"start":{"line":18,"column":12},"end":{"line":18,"column":45}},"11":{"start":{"line":20,"column":12},"end":{"line":20,"column":66}},"12":{"start":{"line":25,"column":8},"end":{"line":33,"column":9}},"13":{"start":{"line":27,"column":25},"end":{"line":29,"column":14}},"14":{"start":{"line":30,"column":12},"end":{"line":30,"column":34}},"15":{"start":{"line":32,"column":12},"end":{"line":32,"column":66}},"16":{"start":{"line":37,"column":8},"end":{"line":63,"column":9}},"17":{"start":{"line":38,"column":31},"end":{"line":38,"column":41}},"18":{"start":{"line":39,"column":29},"end":{"line":39,"column":37}},"19":{"start":{"line":41,"column":12},"end":{"line":43,"column":13}},"20":{"start":{"line":42,"column":16},"end":{"line":42,"column":75}},"21":{"start":{"line":45,"column":24},"end":{"line":45,"column":57}},"22":{"start":{"line":46,"column":12},"end":{"line":48,"column":13}},"23":{"start":{"line":47,"column":16},"end":{"line":47,"column":72}},"24":{"start":{"line":51,"column":12},"end":{"line":56,"column":13}},"25":{"start":{"line":52,"column":33},"end":{"line":52,"column":78}},"26":{"start":{"line":53,"column":16},"end":{"line":55,"column":17}},"27":{"start":{"line":54,"column":20},"end":{"line":54,"column":96}},"28":{"start":{"line":58,"column":12},"end":{"line":58,"column":28}},"29":{"start":{"line":59,"column":12},"end":{"line":59,"column":29}},"30":{"start":{"line":60,"column":12},"end":{"line":60,"column":33}},"31":{"start":{"line":62,"column":12},"end":{"line":62,"column":66}},"32":{"start":{"line":67,"column":8},"end":{"line":78,"column":9}},"33":{"start":{"line":68,"column":31},"end":{"line":68,"column":41}},"34":{"start":{"line":69,"column":24},"end":{"line":69,"column":57}},"35":{"start":{"line":70,"column":12},"end":{"line":72,"column":13}},"36":{"start":{"line":71,"column":16},"end":{"line":71,"column":72}},"37":{"start":{"line":74,"column":12},"end":{"line":74,"column":32}},"38":{"start":{"line":75,"column":12},"end":{"line":75,"column":81}},"39":{"start":{"line":77,"column":12},"end":{"line":77,"column":66}},"40":{"start":{"line":82,"column":0},"end":{"line":82,"column":37}}},"fnMap":{"0":{"name":"(anonymous_0)","decl":{"start":{"line":5,"column":4},"end":{"line":5,"column":5}},"loc":{"start":{"line":5,"column":30},"end":{"line":22,"column":5}},"line":5},"1":{"name":"(anonymous_1)","decl":{"start":{"line":24,"column":4},"end":{"line":24,"column":5}},"loc":{"start":{"line":24,"column":31},"end":{"line":34,"column":5}},"line":24},"2":{"name":"(anonymous_2)","decl":{"start":{"line":36,"column":4},"end":{"line":36,"column":5}},"loc":{"start":{"line":36,"column":30},"end":{"line":64,"column":5}},"line":36},"3":{"name":"(anonymous_3)","decl":{"start":{"line":66,"column":4},"end":{"line":66,"column":5}},"loc":{"start":{"line":66,"column":30},"end":{"line":79,"column":5}},"line":66}},"branchMap":{"0":{"loc":{"start":{"line":8,"column":12},"end":{"line":10,"column":13}},"type":"if","locations":[{"start":{"line":8,"column":12},"end":{"line":10,"column":13}},{"start":{},"end":{}}],"line":8},"1":{"loc":{"start":{"line":13,"column":12},"end":{"line":15,"column":13}},"type":"if","locations":[{"start":{"line":13,"column":12},"end":{"line":15,"column":13}},{"start":{},"end":{}}],"line":13},"2":{"loc":{"start":{"line":41,"column":12},"end":{"line":43,"column":13}},"type":"if","locations":[{"start":{"line":41,"column":12},"end":{"line":43,"column":13}},{"start":{},"end":{}}],"line":41},"3":{"loc":{"start":{"line":46,"column":12},"end":{"line":48,"column":13}},"type":"if","locations":[{"start":{"line":46,"column":12},"end":{"line":48,"column":13}},{"start":{},"end":{}}],"line":46},"4":{"loc":{"start":{"line":51,"column":12},"end":{"line":56,"column":13}},"type":"if","locations":[{"start":{"line":51,"column":12},"end":{"line":56,"column":13}},{"start":{},"end":{}}],"line":51},"5":{"loc":{"start":{"line":53,"column":16},"end":{"line":55,"column":17}},"type":"if","locations":[{"start":{"line":53,"column":16},"end":{"line":55,"column":17}},{"start":{},"end":{}}],"line":53},"6":{"loc":{"start":{"line":70,"column":12},"end":{"line":72,"column":13}},"type":"if","locations":[{"start":{"line":70,"column":12},"end":{"line":72,"column":13}},{"start":{},"end":{}}],"line":70}},"s":{"0":6,"1":6,"2":3,"3":3,"4":3,"5":1,"6":2,"7":2,"8":1,"9":1,"10":1,"11":0,"12":1,"13":1,"14":1,"15":0,"16":4,"17":4,"18":4,"19":4,"20":1,"21":3,"22":3,"23":1,"24":2,"25":2,"26":2,"27":1,"28":1,"29":1,"30":1,"31":0,"32":2,"33":2,"34":2,"35":2,"36":1,"37":1,"38":1,"39":0,"40":6},"f":{"0":3,"1":1,"2":4,"3":2},"b":{"0":[1,2],"1":[1,1],"2":[1,3],"3":[1,2],"4":[2,0],"5":[1,1],"6":[1,1]},"_coverageSchema":"1a1c01bbd47fc00a2c39e90264f33305004495a9","hash":"69e24bb5c75350c7d83082fc7a369f078969225c"}
,"/home/pavelpivo/Documents/KP/GetTogether/Back/controllers/userController.js": {"path":"/home/pavelpivo/Documents/KP/GetTogether/Back/controllers/userController.js","statementMap":{"0":{"start":{"line":1,"column":23},"end":{"line":1,"column":62}},"1":{"start":{"line":2,"column":19},"end":{"line":2,"column":56}},"2":{"start":{"line":3,"column":22},"end":{"line":3,"column":58}},"3":{"start":{"line":4,"column":15},"end":{"line":4,"column":35}},"4":{"start":{"line":5,"column":27},"end":{"line":5,"column":68}},"5":{"start":{"line":8,"column":24},"end":{"line":11,"column":1}},"6":{"start":{"line":13,"column":19},"end":{"line":13,"column":21}},"7":{"start":{"line":14,"column":0},"end":{"line":18,"column":1}},"8":{"start":{"line":15,"column":4},"end":{"line":15,"column":112}},"9":{"start":{"line":17,"column":4},"end":{"line":17,"column":22}},"10":{"start":{"line":22,"column":8},"end":{"line":22,"column":56}},"11":{"start":{"line":24,"column":8},"end":{"line":24,"column":59}},"12":{"start":{"line":25,"column":8},"end":{"line":25,"column":51}},"13":{"start":{"line":26,"column":8},"end":{"line":26,"column":49}},"14":{"start":{"line":27,"column":8},"end":{"line":27,"column":79}},"15":{"start":{"line":28,"column":8},"end":{"line":28,"column":57}},"16":{"start":{"line":29,"column":8},"end":{"line":29,"column":53}},"17":{"start":{"line":30,"column":8},"end":{"line":30,"column":81}},"18":{"start":{"line":31,"column":8},"end":{"line":31,"column":77}},"19":{"start":{"line":32,"column":8},"end":{"line":32,"column":79}},"20":{"start":{"line":33,"column":8},"end":{"line":33,"column":57}},"21":{"start":{"line":34,"column":8},"end":{"line":34,"column":79}},"22":{"start":{"line":35,"column":8},"end":{"line":35,"column":43}},"23":{"start":{"line":36,"column":8},"end":{"line":36,"column":75}},"24":{"start":{"line":40,"column":8},"end":{"line":45,"column":9}},"25":{"start":{"line":41,"column":31},"end":{"line":41,"column":72}},"26":{"start":{"line":42,"column":12},"end":{"line":42,"column":40}},"27":{"start":{"line":44,"column":12},"end":{"line":44,"column":66}},"28":{"start":{"line":49,"column":8},"end":{"line":85,"column":9}},"29":{"start":{"line":50,"column":29},"end":{"line":50,"column":38}},"30":{"start":{"line":51,"column":28},"end":{"line":51,"column":30}},"31":{"start":{"line":52,"column":12},"end":{"line":67,"column":13}},"32":{"start":{"line":56,"column":16},"end":{"line":66,"column":17}},"33":{"start":{"line":57,"column":20},"end":{"line":57,"column":60}},"34":{"start":{"line":57,"column":49},"end":{"line":57,"column":58}},"35":{"start":{"line":60,"column":20},"end":{"line":65,"column":21}},"36":{"start":{"line":61,"column":39},"end":{"line":61,"column":55}},"37":{"start":{"line":62,"column":24},"end":{"line":62,"column":81}},"38":{"start":{"line":64,"column":24},"end":{"line":64,"column":75}},"39":{"start":{"line":64,"column":64},"end":{"line":64,"column":73}},"40":{"start":{"line":69,"column":27},"end":{"line":69,"column":71}},"41":{"start":{"line":70,"column":31},"end":{"line":80,"column":13}},"42":{"start":{"line":72,"column":20},"end":{"line":77,"column":21}},"43":{"start":{"line":73,"column":55},"end":{"line":73,"column":80}},"44":{"start":{"line":74,"column":41},"end":{"line":74,"column":78}},"45":{"start":{"line":75,"column":37},"end":{"line":75,"column":67}},"46":{"start":{"line":76,"column":24},"end":{"line":76,"column":94}},"47":{"start":{"line":78,"column":20},"end":{"line":78,"column":33}},"48":{"start":{"line":81,"column":12},"end":{"line":81,"column":40}},"49":{"start":{"line":83,"column":12},"end":{"line":83,"column":62}},"50":{"start":{"line":84,"column":12},"end":{"line":84,"column":66}},"51":{"start":{"line":89,"column":8},"end":{"line":115,"column":9}},"52":{"start":{"line":90,"column":33},"end":{"line":90,"column":43}},"53":{"start":{"line":91,"column":28},"end":{"line":91,"column":40}},"54":{"start":{"line":93,"column":12},"end":{"line":95,"column":13}},"55":{"start":{"line":94,"column":16},"end":{"line":94,"column":79}},"56":{"start":{"line":97,"column":27},"end":{"line":97,"column":80}},"57":{"start":{"line":98,"column":12},"end":{"line":100,"column":13}},"58":{"start":{"line":99,"column":16},"end":{"line":99,"column":74}},"59":{"start":{"line":102,"column":26},"end":{"line":102,"column":48}},"60":{"start":{"line":104,"column":12},"end":{"line":109,"column":13}},"61":{"start":{"line":105,"column":47},"end":{"line":105,"column":72}},"62":{"start":{"line":106,"column":33},"end":{"line":106,"column":70}},"63":{"start":{"line":107,"column":29},"end":{"line":107,"column":59}},"64":{"start":{"line":108,"column":16},"end":{"line":108,"column":86}},"65":{"start":{"line":111,"column":12},"end":{"line":111,"column":36}},"66":{"start":{"line":113,"column":12},"end":{"line":113,"column":62}},"67":{"start":{"line":114,"column":12},"end":{"line":114,"column":66}},"68":{"start":{"line":119,"column":8},"end":{"line":130,"column":9}},"69":{"start":{"line":120,"column":33},"end":{"line":120,"column":43}},"70":{"start":{"line":122,"column":12},"end":{"line":124,"column":13}},"71":{"start":{"line":123,"column":16},"end":{"line":123,"column":79}},"72":{"start":{"line":126,"column":28},"end":{"line":126,"column":74}},"73":{"start":{"line":127,"column":12},"end":{"line":127,"column":37}},"74":{"start":{"line":129,"column":12},"end":{"line":129,"column":66}},"75":{"start":{"line":134,"column":8},"end":{"line":154,"column":9}},"76":{"start":{"line":135,"column":33},"end":{"line":135,"column":41}},"77":{"start":{"line":136,"column":28},"end":{"line":136,"column":39}},"78":{"start":{"line":138,"column":12},"end":{"line":140,"column":13}},"79":{"start":{"line":139,"column":16},"end":{"line":139,"column":79}},"80":{"start":{"line":142,"column":33},"end":{"line":142,"column":101}},"81":{"start":{"line":145,"column":12},"end":{"line":149,"column":13}},"82":{"start":{"line":146,"column":16},"end":{"line":146,"column":73}},"83":{"start":{"line":148,"column":16},"end":{"line":148,"column":68}},"84":{"start":{"line":151,"column":12},"end":{"line":151,"column":54}},"85":{"start":{"line":153,"column":12},"end":{"line":153,"column":66}},"86":{"start":{"line":158,"column":8},"end":{"line":170,"column":9}},"87":{"start":{"line":159,"column":33},"end":{"line":159,"column":43}},"88":{"start":{"line":160,"column":28},"end":{"line":160,"column":39}},"89":{"start":{"line":162,"column":12},"end":{"line":164,"column":13}},"90":{"start":{"line":163,"column":16},"end":{"line":163,"column":79}},"91":{"start":{"line":166,"column":33},"end":{"line":166,"column":101}},"92":{"start":{"line":167,"column":12},"end":{"line":167,"column":94}},"93":{"start":{"line":169,"column":12},"end":{"line":169,"column":66}},"94":{"start":{"line":174,"column":8},"end":{"line":215,"column":9}},"95":{"start":{"line":175,"column":50},"end":{"line":175,"column":58}},"96":{"start":{"line":176,"column":28},"end":{"line":176,"column":39}},"97":{"start":{"line":178,"column":12},"end":{"line":180,"column":13}},"98":{"start":{"line":179,"column":16},"end":{"line":179,"column":79}},"99":{"start":{"line":182,"column":12},"end":{"line":184,"column":13}},"100":{"start":{"line":183,"column":16},"end":{"line":183,"column":98}},"101":{"start":{"line":186,"column":12},"end":{"line":188,"column":13}},"102":{"start":{"line":187,"column":16},"end":{"line":187,"column":103}},"103":{"start":{"line":190,"column":33},"end":{"line":192,"column":14}},"104":{"start":{"line":193,"column":12},"end":{"line":195,"column":13}},"105":{"start":{"line":194,"column":16},"end":{"line":194,"column":102}},"106":{"start":{"line":197,"column":26},"end":{"line":197,"column":63}},"107":{"start":{"line":198,"column":12},"end":{"line":200,"column":13}},"108":{"start":{"line":199,"column":16},"end":{"line":199,"column":81}},"109":{"start":{"line":201,"column":12},"end":{"line":203,"column":13}},"110":{"start":{"line":202,"column":16},"end":{"line":202,"column":116}},"111":{"start":{"line":205,"column":29},"end":{"line":205,"column":90}},"112":{"start":{"line":206,"column":12},"end":{"line":208,"column":13}},"113":{"start":{"line":207,"column":16},"end":{"line":207,"column":99}},"114":{"start":{"line":210,"column":27},"end":{"line":210,"column":101}},"115":{"start":{"line":211,"column":12},"end":{"line":211,"column":48}},"116":{"start":{"line":214,"column":12},"end":{"line":214,"column":66}},"117":{"start":{"line":220,"column":8},"end":{"line":263,"column":9}},"118":{"start":{"line":221,"column":28},"end":{"line":221,"column":39}},"119":{"start":{"line":222,"column":34},"end":{"line":222,"column":93}},"120":{"start":{"line":225,"column":24},"end":{"line":225,"column":34}},"121":{"start":{"line":226,"column":27},"end":{"line":226,"column":29}},"122":{"start":{"line":228,"column":12},"end":{"line":258,"column":13}},"123":{"start":{"line":229,"column":30},"end":{"line":229,"column":39}},"124":{"start":{"line":230,"column":16},"end":{"line":246,"column":17}},"125":{"start":{"line":231,"column":39},"end":{"line":231,"column":58}},"126":{"start":{"line":232,"column":35},"end":{"line":232,"column":61}},"127":{"start":{"line":235,"column":38},"end":{"line":235,"column":64}},"128":{"start":{"line":239,"column":20},"end":{"line":245,"column":21}},"129":{"start":{"line":240,"column":24},"end":{"line":244,"column":25}},"130":{"start":{"line":241,"column":28},"end":{"line":241,"column":83}},"131":{"start":{"line":243,"column":28},"end":{"line":243,"column":81}},"132":{"start":{"line":249,"column":32},"end":{"line":249,"column":44}},"133":{"start":{"line":253,"column":16},"end":{"line":255,"column":17}},"134":{"start":{"line":254,"column":20},"end":{"line":254,"column":55}},"135":{"start":{"line":257,"column":16},"end":{"line":257,"column":37}},"136":{"start":{"line":260,"column":12},"end":{"line":260,"column":36}},"137":{"start":{"line":262,"column":12},"end":{"line":262,"column":66}},"138":{"start":{"line":268,"column":8},"end":{"line":303,"column":9}},"139":{"start":{"line":269,"column":28},"end":{"line":269,"column":39}},"140":{"start":{"line":270,"column":33},"end":{"line":280,"column":14}},"141":{"start":{"line":282,"column":27},"end":{"line":298,"column":14}},"142":{"start":{"line":283,"column":27},"end":{"line":283,"column":124}},"143":{"start":{"line":284,"column":16},"end":{"line":297,"column":18}},"144":{"start":{"line":300,"column":12},"end":{"line":300,"column":36}},"145":{"start":{"line":302,"column":12},"end":{"line":302,"column":66}},"146":{"start":{"line":307,"column":8},"end":{"line":315,"column":9}},"147":{"start":{"line":308,"column":28},"end":{"line":308,"column":39}},"148":{"start":{"line":309,"column":12},"end":{"line":309,"column":54}},"149":{"start":{"line":310,"column":28},"end":{"line":310,"column":85}},"150":{"start":{"line":311,"column":12},"end":{"line":311,"column":49}},"151":{"start":{"line":313,"column":12},"end":{"line":313,"column":69}},"152":{"start":{"line":314,"column":12},"end":{"line":314,"column":66}},"153":{"start":{"line":319,"column":8},"end":{"line":325,"column":9}},"154":{"start":{"line":320,"column":28},"end":{"line":320,"column":39}},"155":{"start":{"line":321,"column":29},"end":{"line":321,"column":87}},"156":{"start":{"line":322,"column":12},"end":{"line":322,"column":38}},"157":{"start":{"line":324,"column":12},"end":{"line":324,"column":66}},"158":{"start":{"line":329,"column":8},"end":{"line":338,"column":9}},"159":{"start":{"line":330,"column":28},"end":{"line":330,"column":39}},"160":{"start":{"line":331,"column":25},"end":{"line":331,"column":65}},"161":{"start":{"line":332,"column":12},"end":{"line":334,"column":13}},"162":{"start":{"line":333,"column":16},"end":{"line":333,"column":73}},"163":{"start":{"line":335,"column":12},"end":{"line":335,"column":34}},"164":{"start":{"line":337,"column":12},"end":{"line":337,"column":66}},"165":{"start":{"line":342,"column":8},"end":{"line":369,"column":9}},"166":{"start":{"line":343,"column":33},"end":{"line":343,"column":41}},"167":{"start":{"line":344,"column":28},"end":{"line":344,"column":39}},"168":{"start":{"line":346,"column":12},"end":{"line":348,"column":13}},"169":{"start":{"line":347,"column":16},"end":{"line":347,"column":81}},"170":{"start":{"line":350,"column":25},"end":{"line":350,"column":65}},"171":{"start":{"line":351,"column":12},"end":{"line":353,"column":13}},"172":{"start":{"line":352,"column":16},"end":{"line":352,"column":81}},"173":{"start":{"line":354,"column":37},"end":{"line":356,"column":31}},"174":{"start":{"line":358,"column":12},"end":{"line":360,"column":13}},"175":{"start":{"line":359,"column":16},"end":{"line":359,"column":108}},"176":{"start":{"line":362,"column":12},"end":{"line":362,"column":37}},"177":{"start":{"line":363,"column":12},"end":{"line":363,"column":40}},"178":{"start":{"line":364,"column":12},"end":{"line":364,"column":30}},"179":{"start":{"line":366,"column":12},"end":{"line":366,"column":89}},"180":{"start":{"line":368,"column":12},"end":{"line":368,"column":61}},"181":{"start":{"line":373,"column":8},"end":{"line":438,"column":9}},"182":{"start":{"line":374,"column":40},"end":{"line":374,"column":50}},"183":{"start":{"line":375,"column":28},"end":{"line":375,"column":39}},"184":{"start":{"line":377,"column":12},"end":{"line":379,"column":13}},"185":{"start":{"line":378,"column":16},"end":{"line":378,"column":86}},"186":{"start":{"line":382,"column":33},"end":{"line":399,"column":14}},"187":{"start":{"line":401,"column":12},"end":{"line":403,"column":13}},"188":{"start":{"line":402,"column":16},"end":{"line":402,"column":81}},"189":{"start":{"line":406,"column":12},"end":{"line":411,"column":13}},"190":{"start":{"line":407,"column":16},"end":{"line":410,"column":19}},"191":{"start":{"line":414,"column":12},"end":{"line":418,"column":13}},"192":{"start":{"line":415,"column":16},"end":{"line":417,"column":19}},"193":{"start":{"line":421,"column":33},"end":{"line":421,"column":72}},"194":{"start":{"line":422,"column":34},"end":{"line":422,"column":73}},"195":{"start":{"line":424,"column":12},"end":{"line":434,"column":15}},"196":{"start":{"line":436,"column":12},"end":{"line":436,"column":62}},"197":{"start":{"line":437,"column":12},"end":{"line":437,"column":66}},"198":{"start":{"line":442,"column":0},"end":{"line":442,"column":38}}},"fnMap":{"0":{"name":"(anonymous_0)","decl":{"start":{"line":21,"column":4},"end":{"line":21,"column":5}},"loc":{"start":{"line":21,"column":18},"end":{"line":37,"column":5}},"line":21},"1":{"name":"(anonymous_1)","decl":{"start":{"line":39,"column":4},"end":{"line":39,"column":5}},"loc":{"start":{"line":39,"column":34},"end":{"line":46,"column":5}},"line":39},"2":{"name":"(anonymous_2)","decl":{"start":{"line":48,"column":4},"end":{"line":48,"column":5}},"loc":{"start":{"line":48,"column":30},"end":{"line":86,"column":5}},"line":48},"3":{"name":"(anonymous_3)","decl":{"start":{"line":57,"column":44},"end":{"line":57,"column":45}},"loc":{"start":{"line":57,"column":49},"end":{"line":57,"column":58}},"line":57},"4":{"name":"(anonymous_4)","decl":{"start":{"line":64,"column":59},"end":{"line":64,"column":60}},"loc":{"start":{"line":64,"column":64},"end":{"line":64,"column":73}},"line":64},"5":{"name":"(anonymous_5)","decl":{"start":{"line":71,"column":27},"end":{"line":71,"column":28}},"loc":{"start":{"line":71,"column":44},"end":{"line":79,"column":17}},"line":71},"6":{"name":"(anonymous_6)","decl":{"start":{"line":88,"column":4},"end":{"line":88,"column":5}},"loc":{"start":{"line":88,"column":29},"end":{"line":116,"column":5}},"line":88},"7":{"name":"(anonymous_7)","decl":{"start":{"line":118,"column":4},"end":{"line":118,"column":5}},"loc":{"start":{"line":118,"column":31},"end":{"line":131,"column":5}},"line":118},"8":{"name":"(anonymous_8)","decl":{"start":{"line":133,"column":4},"end":{"line":133,"column":5}},"loc":{"start":{"line":133,"column":44},"end":{"line":155,"column":5}},"line":133},"9":{"name":"(anonymous_9)","decl":{"start":{"line":157,"column":4},"end":{"line":157,"column":5}},"loc":{"start":{"line":157,"column":44},"end":{"line":171,"column":5}},"line":157},"10":{"name":"(anonymous_10)","decl":{"start":{"line":173,"column":4},"end":{"line":173,"column":5}},"loc":{"start":{"line":173,"column":33},"end":{"line":216,"column":5}},"line":173},"11":{"name":"(anonymous_11)","decl":{"start":{"line":219,"column":4},"end":{"line":219,"column":5}},"loc":{"start":{"line":219,"column":45},"end":{"line":264,"column":5}},"line":219},"12":{"name":"(anonymous_12)","decl":{"start":{"line":267,"column":4},"end":{"line":267,"column":5}},"loc":{"start":{"line":267,"column":44},"end":{"line":304,"column":5}},"line":267},"13":{"name":"(anonymous_13)","decl":{"start":{"line":282,"column":44},"end":{"line":282,"column":45}},"loc":{"start":{"line":282,"column":51},"end":{"line":298,"column":13}},"line":282},"14":{"name":"(anonymous_14)","decl":{"start":{"line":306,"column":4},"end":{"line":306,"column":5}},"loc":{"start":{"line":306,"column":43},"end":{"line":316,"column":5}},"line":306},"15":{"name":"(anonymous_15)","decl":{"start":{"line":318,"column":4},"end":{"line":318,"column":5}},"loc":{"start":{"line":318,"column":44},"end":{"line":326,"column":5}},"line":318},"16":{"name":"(anonymous_16)","decl":{"start":{"line":328,"column":4},"end":{"line":328,"column":5}},"loc":{"start":{"line":328,"column":26},"end":{"line":339,"column":5}},"line":328},"17":{"name":"(anonymous_17)","decl":{"start":{"line":341,"column":4},"end":{"line":341,"column":5}},"loc":{"start":{"line":341,"column":33},"end":{"line":370,"column":5}},"line":341},"18":{"name":"(anonymous_18)","decl":{"start":{"line":372,"column":4},"end":{"line":372,"column":5}},"loc":{"start":{"line":372,"column":42},"end":{"line":439,"column":5}},"line":372}},"branchMap":{"0":{"loc":{"start":{"line":9,"column":18},"end":{"line":9,"column":55}},"type":"binary-expr","locations":[{"start":{"line":9,"column":18},"end":{"line":9,"column":50}},{"start":{"line":9,"column":54},"end":{"line":9,"column":55}}],"line":9},"1":{"loc":{"start":{"line":10,"column":19},"end":{"line":10,"column":57}},"type":"binary-expr","locations":[{"start":{"line":10,"column":19},"end":{"line":10,"column":52}},{"start":{"line":10,"column":56},"end":{"line":10,"column":57}}],"line":10},"2":{"loc":{"start":{"line":15,"column":19},"end":{"line":15,"column":111}},"type":"cond-expr","locations":[{"start":{"line":15,"column":58},"end":{"line":15,"column":106}},{"start":{"line":15,"column":109},"end":{"line":15,"column":111}}],"line":15},"3":{"loc":{"start":{"line":52,"column":12},"end":{"line":67,"column":13}},"type":"if","locations":[{"start":{"line":52,"column":12},"end":{"line":67,"column":13}},{"start":{},"end":{}}],"line":52},"4":{"loc":{"start":{"line":56,"column":16},"end":{"line":66,"column":17}},"type":"if","locations":[{"start":{"line":56,"column":16},"end":{"line":66,"column":17}},{"start":{"line":58,"column":23},"end":{"line":66,"column":17}}],"line":56},"5":{"loc":{"start":{"line":62,"column":39},"end":{"line":62,"column":80}},"type":"cond-expr","locations":[{"start":{"line":62,"column":63},"end":{"line":62,"column":69}},{"start":{"line":62,"column":72},"end":{"line":62,"column":80}}],"line":62},"6":{"loc":{"start":{"line":72,"column":20},"end":{"line":77,"column":21}},"type":"if","locations":[{"start":{"line":72,"column":20},"end":{"line":77,"column":21}},{"start":{},"end":{}}],"line":72},"7":{"loc":{"start":{"line":75,"column":37},"end":{"line":75,"column":67}},"type":"binary-expr","locations":[{"start":{"line":75,"column":37},"end":{"line":75,"column":51}},{"start":{"line":75,"column":55},"end":{"line":75,"column":67}}],"line":75},"8":{"loc":{"start":{"line":93,"column":12},"end":{"line":95,"column":13}},"type":"if","locations":[{"start":{"line":93,"column":12},"end":{"line":95,"column":13}},{"start":{},"end":{}}],"line":93},"9":{"loc":{"start":{"line":98,"column":12},"end":{"line":100,"column":13}},"type":"if","locations":[{"start":{"line":98,"column":12},"end":{"line":100,"column":13}},{"start":{},"end":{}}],"line":98},"10":{"loc":{"start":{"line":102,"column":26},"end":{"line":102,"column":48}},"type":"binary-expr","locations":[{"start":{"line":102,"column":26},"end":{"line":102,"column":38}},{"start":{"line":102,"column":42},"end":{"line":102,"column":48}}],"line":102},"11":{"loc":{"start":{"line":104,"column":12},"end":{"line":109,"column":13}},"type":"if","locations":[{"start":{"line":104,"column":12},"end":{"line":109,"column":13}},{"start":{},"end":{}}],"line":104},"12":{"loc":{"start":{"line":107,"column":29},"end":{"line":107,"column":59}},"type":"binary-expr","locations":[{"start":{"line":107,"column":29},"end":{"line":107,"column":43}},{"start":{"line":107,"column":47},"end":{"line":107,"column":59}}],"line":107},"13":{"loc":{"start":{"line":122,"column":12},"end":{"line":124,"column":13}},"type":"if","locations":[{"start":{"line":122,"column":12},"end":{"line":124,"column":13}},{"start":{},"end":{}}],"line":122},"14":{"loc":{"start":{"line":138,"column":12},"end":{"line":140,"column":13}},"type":"if","locations":[{"start":{"line":138,"column":12},"end":{"line":140,"column":13}},{"start":{},"end":{}}],"line":138},"15":{"loc":{"start":{"line":162,"column":12},"end":{"line":164,"column":13}},"type":"if","locations":[{"start":{"line":162,"column":12},"end":{"line":164,"column":13}},{"start":{},"end":{}}],"line":162},"16":{"loc":{"start":{"line":178,"column":12},"end":{"line":180,"column":13}},"type":"if","locations":[{"start":{"line":178,"column":12},"end":{"line":180,"column":13}},{"start":{},"end":{}}],"line":178},"17":{"loc":{"start":{"line":182,"column":12},"end":{"line":184,"column":13}},"type":"if","locations":[{"start":{"line":182,"column":12},"end":{"line":184,"column":13}},{"start":{},"end":{}}],"line":182},"18":{"loc":{"start":{"line":186,"column":12},"end":{"line":188,"column":13}},"type":"if","locations":[{"start":{"line":186,"column":12},"end":{"line":188,"column":13}},{"start":{},"end":{}}],"line":186},"19":{"loc":{"start":{"line":193,"column":12},"end":{"line":195,"column":13}},"type":"if","locations":[{"start":{"line":193,"column":12},"end":{"line":195,"column":13}},{"start":{},"end":{}}],"line":193},"20":{"loc":{"start":{"line":198,"column":12},"end":{"line":200,"column":13}},"type":"if","locations":[{"start":{"line":198,"column":12},"end":{"line":200,"column":13}},{"start":{},"end":{}}],"line":198},"21":{"loc":{"start":{"line":201,"column":12},"end":{"line":203,"column":13}},"type":"if","locations":[{"start":{"line":201,"column":12},"end":{"line":203,"column":13}},{"start":{},"end":{}}],"line":201},"22":{"loc":{"start":{"line":206,"column":12},"end":{"line":208,"column":13}},"type":"if","locations":[{"start":{"line":206,"column":12},"end":{"line":208,"column":13}},{"start":{},"end":{}}],"line":206},"23":{"loc":{"start":{"line":230,"column":16},"end":{"line":246,"column":17}},"type":"if","locations":[{"start":{"line":230,"column":16},"end":{"line":246,"column":17}},{"start":{},"end":{}}],"line":230},"24":{"loc":{"start":{"line":235,"column":38},"end":{"line":235,"column":64}},"type":"binary-expr","locations":[{"start":{"line":235,"column":38},"end":{"line":235,"column":48}},{"start":{"line":235,"column":52},"end":{"line":235,"column":64}}],"line":235},"25":{"loc":{"start":{"line":239,"column":20},"end":{"line":245,"column":21}},"type":"if","locations":[{"start":{"line":239,"column":20},"end":{"line":245,"column":21}},{"start":{},"end":{}}],"line":239},"26":{"loc":{"start":{"line":239,"column":24},"end":{"line":239,"column":43}},"type":"binary-expr","locations":[{"start":{"line":239,"column":24},"end":{"line":239,"column":33}},{"start":{"line":239,"column":37},"end":{"line":239,"column":43}}],"line":239},"27":{"loc":{"start":{"line":253,"column":16},"end":{"line":255,"column":17}},"type":"if","locations":[{"start":{"line":253,"column":16},"end":{"line":255,"column":17}},{"start":{},"end":{}}],"line":253},"28":{"loc":{"start":{"line":283,"column":27},"end":{"line":283,"column":124}},"type":"cond-expr","locations":[{"start":{"line":283,"column":96},"end":{"line":283,"column":117}},{"start":{"line":283,"column":120},"end":{"line":283,"column":124}}],"line":283},"29":{"loc":{"start":{"line":283,"column":27},"end":{"line":283,"column":93}},"type":"binary-expr","locations":[{"start":{"line":283,"column":27},"end":{"line":283,"column":60}},{"start":{"line":283,"column":64},"end":{"line":283,"column":93}}],"line":283},"30":{"loc":{"start":{"line":294,"column":30},"end":{"line":294,"column":47}},"type":"binary-expr","locations":[{"start":{"line":294,"column":30},"end":{"line":294,"column
[...]
tart":{"line":24,"column":27},"end":{"line":24,"column":59}},"22":{"start":{"line":26,"column":4},"end":{"line":26,"column":87}},"23":{"start":{"line":26,"column":30},"end":{"line":26,"column":87}},"24":{"start":{"line":27,"column":4},"end":{"line":27,"column":111}},"25":{"start":{"line":27,"column":53},"end":{"line":27,"column":111}},"26":{"start":{"line":28,"column":4},"end":{"line":28,"column":98}},"27":{"start":{"line":28,"column":33},"end":{"line":28,"column":98}},"28":{"start":{"line":30,"column":4},"end":{"line":32,"column":5}},"29":{"start":{"line":31,"column":8},"end":{"line":31,"column":44}},"30":{"start":{"line":34,"column":21},"end":{"line":34,"column":34}},"31":{"start":{"line":35,"column":4},"end":{"line":41,"column":5}},"32":{"start":{"line":36,"column":8},"end":{"line":36,"column":61}},"33":{"start":{"line":37,"column":11},"end":{"line":41,"column":5}},"34":{"start":{"line":38,"column":8},"end":{"line":38,"column":43}},"35":{"start":{"line":39,"column":11},"end":{"line":41,"column":5}},"36":{"start":{"line":40,"column":8},"end":{"line":40,"column":75}},"37":{"start":{"line":43,"column":4},"end":{"line":45,"column":5}},"38":{"start":{"line":44,"column":8},"end":{"line":44,"column":49}},"39":{"start":{"line":46,"column":4},"end":{"line":48,"column":5}},"40":{"start":{"line":47,"column":8},"end":{"line":47,"column":68}},"41":{"start":{"line":50,"column":4},"end":{"line":53,"column":6}},"42":{"start":{"line":56,"column":0},"end":{"line":59,"column":1}}},"fnMap":{"0":{"name":"(anonymous_0)","decl":{"start":{"line":8,"column":19},"end":{"line":8,"column":20}},"loc":{"start":{"line":8,"column":27},"end":{"line":10,"column":1}},"line":8},"1":{"name":"(anonymous_1)","decl":{"start":{"line":12,"column":22},"end":{"line":12,"column":23}},"loc":{"start":{"line":12,"column":33},"end":{"line":54,"column":1}},"line":12}},"branchMap":{"0":{"loc":{"start":{"line":16,"column":4},"end":{"line":16,"column":70}},"type":"if","locations":[{"start":{"line":16,"column":4},"end":{"line":16,"column":70}},{"start":{},"end":{}}],"line":16},"1":{"loc":{"start":{"line":17,"column":4},"end":{"line":17,"column":76}},"type":"if","locations":[{"start":{"line":17,"column":4},"end":{"line":17,"column":76}},{"start":{},"end":{}}],"line":17},"2":{"loc":{"start":{"line":18,"column":4},"end":{"line":18,"column":65}},"type":"if","locations":[{"start":{"line":18,"column":4},"end":{"line":18,"column":65}},{"start":{},"end":{}}],"line":18},"3":{"loc":{"start":{"line":19,"column":4},"end":{"line":19,"column":81}},"type":"if","locations":[{"start":{"line":19,"column":4},"end":{"line":19,"column":81}},{"start":{},"end":{}}],"line":19},"4":{"loc":{"start":{"line":20,"column":4},"end":{"line":20,"column":77}},"type":"if","locations":[{"start":{"line":20,"column":4},"end":{"line":20,"column":77}},{"start":{},"end":{}}],"line":20},"5":{"loc":{"start":{"line":21,"column":4},"end":{"line":21,"column":66}},"type":"if","locations":[{"start":{"line":21,"column":4},"end":{"line":21,"column":66}},{"start":{},"end":{}}],"line":21},"6":{"loc":{"start":{"line":22,"column":4},"end":{"line":22,"column":76}},"type":"if","locations":[{"start":{"line":22,"column":4},"end":{"line":22,"column":76}},{"start":{},"end":{}}],"line":22},"7":{"loc":{"start":{"line":24,"column":4},"end":{"line":24,"column":59}},"type":"if","locations":[{"start":{"line":24,"column":4},"end":{"line":24,"column":59}},{"start":{},"end":{}}],"line":24},"8":{"loc":{"start":{"line":26,"column":4},"end":{"line":26,"column":87}},"type":"if","locations":[{"start":{"line":26,"column":4},"end":{"line":26,"column":87}},{"start":{},"end":{}}],"line":26},"9":{"loc":{"start":{"line":27,"column":4},"end":{"line":27,"column":111}},"type":"if","locations":[{"start":{"line":27,"column":4},"end":{"line":27,"column":111}},{"start":{},"end":{}}],"line":27},"10":{"loc":{"start":{"line":28,"column":4},"end":{"line":28,"column":98}},"type":"if","locations":[{"start":{"line":28,"column":4},"end":{"line":28,"column":98}},{"start":{},"end":{}}],"line":28},"11":{"loc":{"start":{"line":30,"column":4},"end":{"line":32,"column":5}},"type":"if","locations":[{"start":{"line":30,"column":4},"end":{"line":32,"column":5}},{"start":{},"end":{}}],"line":30},"12":{"loc":{"start":{"line":35,"column":4},"end":{"line":41,"column":5}},"type":"if","locations":[{"start":{"line":35,"column":4},"end":{"line":41,"column":5}},{"start":{"line":37,"column":11},"end":{"line":41,"column":5}}],"line":35},"13":{"loc":{"start":{"line":35,"column":8},"end":{"line":35,"column":39}},"type":"binary-expr","locations":[{"start":{"line":35,"column":8},"end":{"line":35,"column":23}},{"start":{"line":35,"column":27},"end":{"line":35,"column":39}}],"line":35},"14":{"loc":{"start":{"line":37,"column":11},"end":{"line":41,"column":5}},"type":"if","locations":[{"start":{"line":37,"column":11},"end":{"line":41,"column":5}},{"start":{"line":39,"column":11},"end":{"line":41,"column":5}}],"line":37},"15":{"loc":{"start":{"line":39,"column":11},"end":{"line":41,"column":5}},"type":"if","locations":[{"start":{"line":39,"column":11},"end":{"line":41,"column":5}},{"start":{},"end":{}}],"line":39},"16":{"loc":{"start":{"line":39,"column":15},"end":{"line":39,"column":96}},"type":"binary-expr","locations":[{"start":{"line":39,"column":15},"end":{"line":39,"column":48}},{"start":{"line":39,"column":52},"end":{"line":39,"column":96}}],"line":39},"17":{"loc":{"start":{"line":43,"column":4},"end":{"line":45,"column":5}},"type":"if","locations":[{"start":{"line":43,"column":4},"end":{"line":45,"column":5}},{"start":{},"end":{}}],"line":43},"18":{"loc":{"start":{"line":46,"column":4},"end":{"line":48,"column":5}},"type":"if","locations":[{"start":{"line":46,"column":4},"end":{"line":48,"column":5}},{"start":{},"end":{}}],"line":46}},"s":{"0":7,"1":7,"2":23,"3":7,"4":18,"5":18,"6":18,"7":2,"8":18,"9":3,"10":18,"11":3,"12":18,"13":4,"14":18,"15":4,"16":18,"17":4,"18":18,"19":4,"20":18,"21":4,"22":14,"23":0,"24":14,"25":0,"26":14,"27":0,"28":14,"29":1,"30":14,"31":14,"32":0,"33":14,"34":0,"35":14,"36":1,"37":14,"38":0,"39":14,"40":1,"41":14,"42":7},"f":{"0":23,"1":18},"b":{"0":[2,16],"1":[3,15],"2":[3,15],"3":[4,14],"4":[4,14],"5":[4,14],"6":[4,14],"7":[4,14],"8":[0,14],"9":[0,14],"10":[0,14],"11":[1,13],"12":[0,14],"13":[14,14],"14":[0,14],"15":[1,13],"16":[14,1],"17":[0,14],"18":[1,13]},"_coverageSchema":"1a1c01bbd47fc00a2c39e90264f33305004495a9","hash":"820028ee62e9e857e22acfa008e4a327382531d5"}
,"/home/pavelpivo/Documents/KP/GetTogether/Back/services/notificationService.js": {"path":"/home/pavelpivo/Documents/KP/GetTogether/Back/services/notificationService.js","statementMap":{"0":{"start":{"line":1,"column":31},"end":{"line":1,"column":78}},"1":{"start":{"line":2,"column":15},"end":{"line":2,"column":35}},"2":{"start":{"line":3,"column":23},"end":{"line":3,"column":50}},"3":{"start":{"line":7,"column":8},"end":{"line":7,"column":72}},"4":{"start":{"line":11,"column":8},"end":{"line":45,"column":9}},"5":{"start":{"line":13,"column":30},"end":{"line":13,"column":118}},"6":{"start":{"line":14,"column":31},"end":{"line":14,"column":122}},"7":{"start":{"line":17,"column":41},"end":{"line":17,"column":113}},"8":{"start":{"line":20,"column":40},"end":{"line":20,"column":112}},"9":{"start":{"line":23,"column":35},"end":{"line":23,"column":84}},"10":{"start":{"line":24,"column":38},"end":{"line":26,"column":13}},"11":{"start":{"line":25,"column":38},"end":{"line":25,"column":147}},"12":{"start":{"line":25,"column":68},"end":{"line":25,"column":146}},"13":{"start":{"line":28,"column":12},"end":{"line":28,"column":180}},"14":{"start":{"line":30,"column":12},"end":{"line":42,"column":13}},"15":{"start":{"line":32,"column":16},"end":{"line":35,"column":17}},"16":{"start":{"line":33,"column":20},"end":{"line":33,"column":89}},"17":{"start":{"line":34,"column":20},"end":{"line":34,"column":29}},"18":{"start":{"line":37,"column":16},"end":{"line":41,"column":17}},"19":{"start":{"line":38,"column":20},"end":{"line":38,"column":88}},"20":{"start":{"line":39,"column":23},"end":{"line":41,"column":17}},"21":{"start":{"line":40,"column":20},"end":{"line":40,"column":88}},"22":{"start":{"line":44,"column":12},"end":{"line":44,"column":65}},"23":{"start":{"line":49,"column":8},"end":{"line":52,"column":9}},"24":{"start":{"line":50,"column":12},"end":{"line":50,"column":83}},"25":{"start":{"line":51,"column":12},"end":{"line":51,"column":19}},"26":{"start":{"line":55,"column":43},"end":{"line":55,"column":72}},"27":{"start":{"line":57,"column":24},"end":{"line":57,"column":169}},"28":{"start":{"line":60,"column":24},"end":{"line":60,"column":76}},"29":{"start":{"line":61,"column":8},"end":{"line":63,"column":9}},"30":{"start":{"line":62,"column":12},"end":{"line":62,"column":91}},"31":{"start":{"line":69,"column":23},"end":{"line":69,"column":84}},"32":{"start":{"line":70,"column":8},"end":{"line":70,"column":59}},"33":{"start":{"line":74,"column":0},"end":{"line":74,"column":43}}},"fnMap":{"0":{"name":"(anonymous_0)","decl":{"start":{"line":6,"column":4},"end":{"line":6,"column":5}},"loc":{"start":{"line":6,"column":18},"end":{"line":8,"column":5}},"line":6},"1":{"name":"(anonymous_1)","decl":{"start":{"line":10,"column":4},"end":{"line":10,"column":5}},"loc":{"start":{"line":10,"column":32},"end":{"line":46,"column":5}},"line":10},"2":{"name":"(anonymous_2)","decl":{"start":{"line":25,"column":16},"end":{"line":25,"column":17}},"loc":{"start":{"line":25,"column":38},"end":{"line":25,"column":147}},"line":25},"3":{"name":"(anonymous_3)","decl":{"start":{"line":25,"column":63},"end":{"line":25,"column":64}},"loc":{"start":{"line":25,"column":68},"end":{"line":25,"column":146}},"line":25},"4":{"name":"(anonymous_4)","decl":{"start":{"line":48,"column":4},"end":{"line":48,"column":5}},"loc":{"start":{"line":48,"column":48},"end":{"line":64,"column":5}},"line":48},"5":{"name":"(anonymous_5)","decl":{"start":{"line":66,"column":4},"end":{"line":66,"column":5}},"loc":{"start":{"line":66,"column":48},"end":{"line":71,"column":5}},"line":66}},"branchMap":{"0":{"loc":{"start":{"line":13,"column":30},"end":{"line":13,"column":118}},"type":"cond-expr","locations":[{"start":{"line":13,"column":69},"end":{"line":13,"column":99}},{"start":{"line":13,"column":102},"end":{"line":13,"column":118}}],"line":13},"1":{"loc":{"start":{"line":14,"column":31},"end":{"line":14,"column":122}},"type":"cond-expr","locations":[{"start":{"line":14,"column":71},"end":{"line":14,"column":102}},{"start":{"line":14,"column":105},"end":{"line":14,"column":122}}],"line":14},"2":{"loc":{"start":{"line":25,"column":68},"end":{"line":25,"column":146}},"type":"binary-expr","locations":[{"start":{"line":25,"column":68},"end":{"line":25,"column":93}},{"start":{"line":25,"column":97},"end":{"line":25,"column":146}}],"line":25},"3":{"loc":{"start":{"line":32,"column":16},"end":{"line":35,"column":17}},"type":"if","locations":[{"start":{"line":32,"column":16},"end":{"line":35,"column":17}},{"start":{},"end":{}}],"line":32},"4":{"loc":{"start":{"line":37,"column":16},"end":{"line":41,"column":17}},"type":"if","locations":[{"start":{"line":37,"column":16},"end":{"line":41,"column":17}},{"start":{"line":39,"column":23},"end":{"line":41,"column":17}}],"line":37},"5":{"loc":{"start":{"line":39,"column":23},"end":{"line":41,"column":17}},"type":"if","locations":[{"start":{"line":39,"column":23},"end":{"line":41,"column":17}},{"start":{},"end":{}}],"line":39},"6":{"loc":{"start":{"line":49,"column":8},"end":{"line":52,"column":9}},"type":"if","locations":[{"start":{"line":49,"column":8},"end":{"line":52,"column":9}},{"start":{},"end":{}}],"line":49},"7":{"loc":{"start":{"line":61,"column":8},"end":{"line":63,"column":9}},"type":"if","locations":[{"start":{"line":61,"column":8},"end":{"line":63,"column":9}},{"start":{},"end":{}}],"line":61},"8":{"loc":{"start":{"line":69,"column":23},"end":{"line":69,"column":84}},"type":"cond-expr","locations":[{"start":{"line":69,"column":53},"end":{"line":69,"column":74}},{"start":{"line":69,"column":77},"end":{"line":69,"column":84}}],"line":69}},"s":{"0":6,"1":6,"2":6,"3":6,"4":4,"5":4,"6":4,"7":4,"8":4,"9":4,"10":4,"11":0,"12":0,"13":4,"14":4,"15":0,"16":0,"17":0,"18":0,"19":0,"20":0,"21":0,"22":0,"23":0,"24":0,"25":0,"26":0,"27":0,"28":0,"29":0,"30":0,"31":0,"32":0,"33":6},"f":{"0":6,"1":4,"2":0,"3":0,"4":0,"5":0},"b":{"0":[0,4],"1":[0,4],"2":[0,0],"3":[0,0],"4":[0,0],"5":[0,0],"6":[0,0],"7":[0,0],"8":[0,0]},"_coverageSchema":"1a1c01bbd47fc00a2c39e90264f33305004495a9","hash":"be9ea1452d15d8f8ad3b91231f6acbf6f9ab929b"}
,"/home/pavelpivo/Documents/KP/GetTogether/Back/services/qrCodeService.js": {"path":"/home/pavelpivo/Documents/KP/GetTogether/Back/services/qrCodeService.js","statementMap":{"0":{"start":{"line":1,"column":15},"end":{"line":1,"column":32}},"1":{"start":{"line":16,"column":86},"end":{"line":16,"column":102}},"2":{"start":{"line":19,"column":23},"end":{"line":28,"column":10}},"3":{"start":{"line":30,"column":8},"end":{"line":46,"column":9}},"4":{"start":{"line":32,"column":34},"end":{"line":41,"column":14}},"5":{"start":{"line":43,"column":12},"end":{"line":43,"column":33}},"6":{"start":{"line":45,"column":12},"end":{"line":45,"column":74}},"7":{"start":{"line":55,"column":86},"end":{"line":55,"column":102}},"8":{"start":{"line":57,"column":23},"end":{"line":66,"column":10}},"9":{"start":{"line":68,"column":8},"end":{"line":83,"column":9}},"10":{"start":{"line":69,"column":33},"end":{"line":78,"column":14}},"11":{"start":{"line":80,"column":12},"end":{"line":80,"column":32}},"12":{"start":{"line":82,"column":12},"end":{"line":82,"column":74}},"13":{"start":{"line":92,"column":8},"end":{"line":106,"column":9}},"14":{"start":{"line":93,"column":25},"end":{"line":93,"column":43}},"15":{"start":{"line":95,"column":12},"end":{"line":97,"column":13}},"16":{"start":{"line":96,"column":16},"end":{"line":96,"column":28}},"17":{"start":{"line":99,"column":12},"end":{"line":101,"column":13}},"18":{"start":{"line":100,"column":16},"end":{"line":100,"column":28}},"19":{"start":{"line":103,"column":12},"end":{"line":103,"column":24}},"20":{"start":{"line":105,"column":12},"end":{"line":105,"column":24}},"21":{"start":{"line":110,"column":0},"end":{"line":110,"column":37}}},"fnMap":{"0":{"name":"(anonymous_0)","decl":{"start":{"line":15,"column":4},"end":{"line":15,"column":5}},"loc":{"start":{"line":15,"column":55},"end":{"line":47,"column":5}},"line":15},"1":{"name":"(anonymous_1)","decl":{"start":{"line":54,"column":4},"end":{"line":54,"column":5}},"loc":{"start":{"line":54,"column":61},"end":{"line":84,"column":5}},"line":54},"2":{"name":"(anonymous_2)","decl":{"start":{"line":91,"column":4},"end":{"line":91,"column":5}},"loc":{"start":{"line":91,"column":28},"end":{"line":107,"column":5}},"line":91}},"branchMap":{"0":{"loc":{"start":{"line":95,"column":12},"end":{"line":97,"column":13}},"type":"if","locations":[{"start":{"line":95,"column":12},"end":{"line":97,"column":13}},{"start":{},"end":{}}],"line":95},"1":{"loc":{"start":{"line":99,"column":12},"end":{"line":101,"column":13}},"type":"if","locations":[{"start":{"line":99,"column":12},"end":{"line":101,"column":13}},{"start":{},"end":{}}],"line":99},"2":{"loc":{"start":{"line":99,"column":16},"end":{"line":99,"column":69}},"type":"binary-expr","locations":[{"start":{"line":99,"column":16},"end":{"line":99,"column":36}},{"start":{"line":99,"column":40},"end":{"line":99,"column":53}},{"start":{"line":99,"column":57},"end":{"line":99,"column":69}}],"line":99}},"s":{"0":7,"1":2,"2":1,"3":1,"4":1,"5":1,"6":0,"7":2,"8":2,"9":2,"10":2,"11":2,"12":0,"13":4,"14":4,"15":3,"16":1,"17":2,"18":1,"19":1,"20":1,"21":7},"f":{"0":2,"1":2,"2":4},"b":{"0":[1,2],"1":[1,1],"2":[2,2,1]},"_coverageSchema":"1a1c01bbd47fc00a2c39e90264f33305004495a9","hash":"7c99e20070608afc1f4911c5307e9322600cf349"}
,"/home/pavelpivo/Documents/KP/GetTogether/Back/tests/helpers/dbCleanup.js": {"path":"/home/pavelpivo/Documents/KP/GetTogether/Back/tests/helpers/dbCleanup.js","statementMap":{"0":{"start":{"line":1,"column":15},"end":{"line":1,"column":38}},"1":{"start":{"line":3,"column":16},"end":{"line":16,"column":1}},"2":{"start":{"line":5,"column":4},"end":{"line":5,"column":70}},"3":{"start":{"line":6,"column":4},"end":{"line":6,"column":71}},"4":{"start":{"line":7,"column":4},"end":{"line":7,"column":71}},"5":{"start":{"line":8,"column":4},"end":{"line":8,"column":69}},"6":{"start":{"line":9,"column":4},"end":{"line":9,"column":60}},"7":{"start":{"line":10,"column":4},"end":{"line":10,"column":62}},"8":{"start":{"line":11,"column":4},"end":{"line":11,"column":59}},"9":{"start":{"line":12,"column":4},"end":{"line":12,"column":70}},"10":{"start":{"line":13,"column":4},"end":{"line":13,"column":58}},"11":{"start":{"line":14,"column":4},"end":{"line":14,"column":62}},"12":{"start":{"line":15,"column":4},"end":{"line":15,"column":57}},"13":{"start":{"line":18,"column":0},"end":{"line":18,"column":25}}},"fnMap":{"0":{"name":"(anonymous_0)","decl":{"start":{"line":3,"column":16},"end":{"line":3,"column":17}},"loc":{"start":{"line":3,"column":28},"end":{"line":16,"column":1}},"line":3}},"branchMap":{},"s":{"0":6,"1":6,"2":117,"3":117,"4":117,"5":117,"6":117,"7":117,"8":117,"9":117,"10":117,"11":117,"12":117,"13":6},"f":{"0":117},"b":{},"_coverageSchema":"1a1c01bbd47fc00a2c39e90264f33305004495a9","hash":"662162d9726213c9650722a3c9faf3dfc6c57c2c"}
,"/home/pavelpivo/Documents/KP/GetTogether/Back/tests/helpers/seedReferenceData.js": {"path":"/home/pavelpivo/Documents/KP/GetTogether/Back/tests/helpers/seedReferenceData.js","statementMap":{"0":{"start":{"line":1,"column":15},"end":{"line":1,"column":38}},"1":{"start":{"line":3,"column":26},"end":{"line":42,"column":1}},"2":{"start":{"line":4,"column":4},"end":{"line":41,"column":5}},"3":{"start":{"line":6,"column":22},"end":{"line":10,"column":9}},"4":{"start":{"line":12,"column":8},"end":{"line":21,"column":9}},"5":{"start":{"line":13,"column":38},"end":{"line":16,"column":14}},"6":{"start":{"line":18,"column":12},"end":{"line":20,"column":13}},"7":{"start":{"line":19,"column":16},"end":{"line":19,"column":67}},"8":{"start":{"line":24,"column":25},"end":{"line":28,"column":9}},"9":{"start":{"line":30,"column":8},"end":{"line":38,"column":9}},"10":{"start":{"line":31,"column":39},"end":{"line":34,"column":14}},"11":{"start":{"line":35,"column":12},"end":{"line":37,"column":13}},"12":{"start":{"line":36,"column":16},"end":{"line":36,"column":73}},"13":{"start":{"line":40,"column":8},"end":{"line":40,"column":43}},"14":{"start":{"line":44,"column":0},"end":{"line":44,"column":35}}},"fnMap":{"0":{"name":"(anonymous_0)","decl":{"start":{"line":3,"column":26},"end":{"line":3,"column":27}},"loc":{"start":{"line":3,"column":38},"end":{"line":42,"column":1}},"line":3}},"branchMap":{"0":{"loc":{"start":{"line":18,"column":12},"end":{"line":20,"column":13}},"type":"if","locations":[{"start":{"line":18,"column":12},"end":{"line":20,"column":13}},{"start":{},"end":{}}],"line":18},"1":{"loc":{"start":{"line":18,"column":16},"end":{"line":18,"column":63}},"type":"binary-expr","locations":[{"start":{"line":18,"column":16},"end":{"line":18,"column":24}},{"start":{"line":18,"column":28},"end":{"line":18,"column":63}}],"line":18},"2":{"loc":{"start":{"line":35,"column":12},"end":{"line":37,"column":13}},"type":"if","locations":[{"start":{"line":35,"column":12},"end":{"line":37,"column":13}},{"start":{},"end":{}}],"line":35},"3":{"loc":{"start":{"line":35,"column":16},"end":{"line":35,"column":69}},"type":"binary-expr","locations":[{"start":{"line":35,"column":16},"end":{"line":35,"column":24}},{"start":{"line":35,"column":28},"end":{"line":35,"column":69}}],"line":35}},"s":{"0":6,"1":6,"2":117,"3":117,"4":117,"5":351,"6":351,"7":0,"8":117,"9":117,"10":351,"11":351,"12":0,"13":0,"14":6},"f":{"0":117},"b":{"0":[0,351],"1":[351,351],"2":[0,351],"3":[351,351]},"_coverageSchema":"1a1c01bbd47fc00a2c39e90264f33305004495a9","hash":"c1f801be588ef25159f5ca58d110fb90b08d09fa"}
}
