TN:
SF:app.js
FN:40,(anonymous_0)
FNF:1
FNH:0
FNDA:0,(anonymous_0)
DA:1,7
DA:2,7
DA:3,7
DA:4,7
DA:5,7
DA:6,7
DA:7,7
DA:8,7
DA:9,7
DA:10,7
DA:12,7
DA:15,7
DA:16,7
DA:18,7
DA:19,7
DA:21,7
DA:27,7
DA:28,7
DA:31,7
DA:34,7
DA:37,7
DA:40,7
DA:41,0
DA:42,0
DA:43,0
DA:45,0
DA:47,0
DA:48,0
DA:50,0
DA:51,0
DA:54,7
LF:31
LH:23
BRDA:41,0,0,0
BRDA:41,0,1,0
BRDA:42,1,0,0
BRDA:42,1,1,0
BRDA:47,2,0,0
BRDA:47,2,1,0
BRDA:47,3,0,0
BRDA:47,3,1,0
BRF:8
BRH:0
end_of_record
TN:
SF:controllers/adminController.js
FN:15,(anonymous_0)
FN:28,(anonymous_1)
FN:43,(anonymous_2)
FN:53,(anonymous_3)
FN:62,(anonymous_4)
FN:73,(anonymous_5)
FN:82,(anonymous_6)
FN:93,(anonymous_7)
FN:103,(anonymous_8)
FN:112,(anonymous_9)
FN:152,(anonymous_10)
FN:168,(anonymous_11)
FN:177,(anonymous_12)
FN:208,(anonymous_13)
FN:237,(anonymous_14)
FNF:15
FNH:13
FNDA:2,(anonymous_0)
FNDA:2,(anonymous_1)
FNDA:2,(anonymous_2)
FNDA:1,(anonymous_3)
FNDA:1,(anonymous_4)
FNDA:1,(anonymous_5)
FNDA:1,(anonymous_6)
FNDA:1,(anonymous_7)
FNDA:0,(anonymous_8)
FNDA:6,(anonymous_9)
FNDA:2,(anonymous_10)
FNDA:0,(anonymous_11)
FNDA:6,(anonymous_12)
FNDA:3,(anonymous_13)
FNDA:1,(anonymous_14)
DA:1,7
DA:2,7
DA:4,7
DA:5,7
DA:7,7
DA:8,7
DA:9,7
DA:16,2
DA:17,2
DA:18,2
DA:19,1
DA:21,1
DA:22,1
DA:24,0
DA:29,2
DA:30,2
DA:31,2
DA:32,2
DA:33,1
DA:35,1
DA:36,1
DA:38,0
DA:44,2
DA:45,2
DA:46,2
DA:47,1
DA:49,1
DA:54,1
DA:55,1
DA:56,1
DA:58,0
DA:63,1
DA:64,1
DA:65,1
DA:66,1
DA:67,1
DA:69,0
DA:74,1
DA:75,1
DA:76,1
DA:78,0
DA:83,1
DA:84,1
DA:85,1
DA:86,1
DA:87,1
DA:89,0
DA:94,1
DA:95,1
DA:96,1
DA:97,1
DA:99,0
DA:104,0
DA:105,0
DA:106,0
DA:108,0
DA:113,6
DA:114,6
DA:115,6
DA:116,6
DA:118,6
DA:119,6
DA:120,2
DA:121,2
DA:123,1
DA:127,6
DA:131,6
DA:132,2
DA:135,4
DA:137,4
DA:138,3
DA:139,3
DA:140,1
DA:141,1
DA:142,1
DA:144,3
DA:146,1
DA:148,0
DA:153,2
DA:154,2
DA:156,2
DA:157,1
DA:160,1
DA:161,1
DA:163,0
DA:169,0
DA:170,0
DA:171,0
DA:173,0
DA:178,6
DA:179,6
DA:180,6
DA:181,1
DA:183,5
DA:184,5
DA:185,4
DA:186,4
DA:187,2
DA:189,2
DA:192,3
DA:202,3
DA:204,0
DA:209,3
DA:210,3
DA:211,3
DA:212,3
DA:213,0
DA:215,3
DA:216,3
DA:217,1
DA:218,0
DA:220,1
DA:221,1
DA:222,0
DA:224,1
DA:228,2
DA:229,2
DA:230,2
DA:231,1
DA:233,0
DA:238,1
DA:239,1
DA:240,1
DA:241,1
DA:243,0
DA:248,7
LF:126
LH:103
BRDA:18,0,0,1
BRDA:18,0,1,1
BRDA:32,1,0,1
BRDA:32,1,1,1
BRDA:119,2,0,2
BRDA:119,2,1,4
BRDA:121,3,0,2
BRDA:121,3,1,0
BRDA:131,4,0,2
BRDA:131,4,1,4
BRDA:131,5,0,6
BRDA:131,5,1,6
BRDA:132,6,0,2
BRDA:132,6,1,0
BRDA:137,7,0,3
BRDA:137,7,1,1
BRDA:139,8,0,1
BRDA:139,8,1,2
BRDA:156,9,0,1
BRDA:156,9,1,1
BRDA:180,10,0,1
BRDA:180,10,1,5
BRDA:180,11,0,6
BRDA:180,11,1,6
BRDA:184,12,0,4
BRDA:184,12,1,1
BRDA:186,13,0,2
BRDA:186,13,1,0
BRDA:212,14,0,0
BRDA:212,14,1,3
BRDA:216,15,0,1
BRDA:216,15,1,2
BRDA:217,16,0,0
BRDA:217,16,1,1
BRDA:217,17,0,1
BRDA:217,17,1,1
BRDA:221,18,0,0
BRDA:221,18,1,0
BRDA:230,19,0,1
BRDA:230,19,1,1
BRF:40
BRH:33
end_of_record
TN:
SF:controllers/authController.js
FN:6,(anonymous_0)
FN:66,(anonymous_1)
FN:130,(anonymous_2)
FN:173,(anonymous_3)
FNF:4
FNH:4
FNDA:2,(anonymous_0)
FNDA:9,(anonymous_1)
FNDA:6,(anonymous_2)
FNDA:1,(anonymous_3)
DA:1,7
DA:2,7
DA:3,7
DA:7,2
DA:9,2
DA:10,2
DA:11,2
DA:12,1
DA:15,1
DA:16,1
DA:18,1
DA:21,1
DA:29,1
DA:38,1
DA:45,1
DA:52,1
DA:62,0
DA:67,9
DA:69,9
DA:70,9
DA:71,9
DA:72,1
DA:75,8
DA:76,1
DA:79,7
DA:80,7
DA:81,1
DA:85,6
DA:93,6
DA:102,6
DA:109,6
DA:116,6
DA:126,0
DA:131,6
DA:133,6
DA:134,2
DA:137,4
DA:138,4
DA:139,3
DA:141,3
DA:142,1
DA:145,2
DA:146,1
DA:150,1
DA:158,1
DA:165,1
DA:167,1
DA:174,1
DA:175,1
DA:176,1
DA:180,7
LF:51
LH:49
BRDA:11,0,0,1
BRDA:11,0,1,1
BRDA:71,1,0,1
BRDA:71,1,1,8
BRDA:75,2,0,1
BRDA:75,2,1,7
BRDA:80,3,0,1
BRDA:80,3,1,6
BRDA:133,4,0,2
BRDA:133,4,1,4
BRDA:141,5,0,1
BRDA:141,5,1,2
BRDA:145,6,0,1
BRDA:145,6,1,1
BRF:14
BRH:14
end_of_record
TN:
SF:controllers/eventViewController.js
FN:4,(anonymous_0)
FN:10,(anonymous_1)
FN:24,(anonymous_2)
FNF:3
FNH:3
FNDA:7,(anonymous_0)
FNDA:2,(anonymous_1)
FNDA:2,(anonymous_2)
DA:1,7
DA:5,7
DA:6,7
DA:7,7
DA:11,2
DA:12,2
DA:13,2
DA:14,2
DA:16,2
DA:17,2
DA:19,0
DA:20,0
DA:25,2
DA:26,2
DA:27,2
DA:28,2
DA:30,0
DA:31,0
DA:36,7
LF:19
LH:15
BRDA:13,0,0,2
BRDA:13,0,1,2
BRDA:14,1,0,2
BRDA:14,1,1,0
BRDA:14,1,2,0
BRF:5
BRH:3
end_of_record
TN:
SF:controllers/organizerController.js
FN:9,(anonymous_0)
FN:22,(anonymous_1)
FN:65,(anonymous_2)
FN:74,(anonymous_3)
FN:93,(anonymous_4)
FN:118,(anonymous_5)
FN:162,(anonymous_6)
FN:168,(anonymous_7)
FN:185,(anonymous_8)
FN:205,(anonymous_9)
FN:221,(anonymous_10)
FNF:11
FNH:9
FNDA:7,(anonymous_0)
FNDA:5,(anonymous_1)
FNDA:0,(anonymous_2)
FNDA:1,(anonymous_3)
FNDA:1,(anonymous_4)
FNDA:2,(anonymous_5)
FNDA:0,(anonymous_6)
FNDA:2,(anonymous_7)
FNDA:2,(anonymous_8)
FNDA:2,(anonymous_9)
FNDA:9,(anonymous_10)
DA:1,7
DA:2,7
DA:3,7
DA:4,7
DA:5,7
DA:10,7
DA:12,7
DA:13,7
DA:14,7
DA:15,7
DA:16,7
DA:17,7
DA:18,7
DA:19,7
DA:23,5
DA:24,5
DA:25,5
DA:26,5
DA:28,5
DA:29,5
DA:30,2
DA:32,2
DA:34,1
DA:38,5
DA:42,5
DA:43,1
DA:45,4
DA:47,4
DA:49,4
DA:50,2
DA:51,2
DA:52,2
DA:56,4
DA:58,4
DA:63,0
DA:64,0
DA:65,0
DA:67,0
DA:68,0
DA:70,0
DA:75,1
DA:76,1
DA:77,1
DA:79,1
DA:80,1
DA:81,0
DA:82,0
DA:83,0
DA:87,1
DA:89,0
DA:94,1
DA:95,1
DA:96,1
DA:97,1
DA:98,0
DA:101,1
DA:102,1
DA:103,0
DA:106,1
DA:107,0
DA:108,0
DA:109,0
DA:112,1
DA:114,0
DA:119,2
DA:120,2
DA:121,2
DA:122,2
DA:123,2
DA:125,2
DA:126,2
DA:128,0
DA:129,0
DA:131,0
DA:135,2
DA:136,0
DA:139,2
DA:143,2
DA:144,0
DA:147,2
DA:149,2
DA:150,2
DA:151,2
DA:152,1
DA:153,1
DA:154,1
DA:156,2
DA:158,0
DA:160,0
DA:161,0
DA:162,0
DA:164,0
DA:169,2
DA:170,2
DA:171,2
DA:174,2
DA:175,1
DA:178,1
DA:179,1
DA:181,0
DA:186,2
DA:187,2
DA:188,2
DA:189,2
DA:191,2
DA:192,1
DA:195,1
DA:196,1
DA:198,0
DA:199,0
DA:201,0
DA:206,2
DA:207,2
DA:208,2
DA:210,2
DA:211,1
DA:214,1
DA:215,1
DA:217,0
DA:222,9
DA:223,9
DA:224,9
DA:226,9
DA:227,1
DA:231,8
DA:232,8
DA:234,2
DA:237,6
DA:239,6
DA:240,2
DA:243,4
DA:244,1
DA:247,3
DA:250,3
DA:252,0
DA:257,7
LF:136
LH:104
BRDA:29,0,0,2
BRDA:29,0,1,3
BRDA:32,1,0,2
BRDA:32,1,1,0
BRDA:42,2,0,1
BRDA:42,2,1,4
BRDA:49,3,0,2
BRDA:49,3,1,2
BRDA:64,4,0,0
BRDA:64,4,1,0
BRDA:67,5,0,0
BRDA:67,5,1,0
BRDA:80,6,0,0
BRDA:80,6,1,1
BRDA:97,7,0,0
BRDA:97,7,1,1
BRDA:102,8,0,0
BRDA:102,8,1,1
BRDA:106,9,0,0
BRDA:106,9,1,1
BRDA:126,10,0,0
BRDA:126,10,1,2
BRDA:129,11,0,0
BRDA:129,11,1,0
BRDA:135,12,0,0
BRDA:135,12,1,2
BRDA:143,13,0,0
BRDA:143,13,1,2
BRDA:149,14,0,2
BRDA:149,14,1,0
BRDA:151,15,0,1
BRDA:151,15,1,1
BRDA:161,16,0,0
BRDA:161,16,1,0
BRDA:174,17,0,1
BRDA:174,17,1,1
BRDA:191,18,0,1
BRDA:191,18,1,1
BRDA:191,19,0,2
BRDA:191,19,1,1
BRDA:191,19,2,1
BRDA:198,20,0,0
BRDA:198,20,1,0
BRDA:198,21,0,0
BRDA:198,21,1,0
BRDA:210,22,0,1
BRDA:210,22,1,1
BRDA:226,23,0,1
BRDA:226,23,1,8
BRDA:239,24,0,2
BRDA:239,24,1,4
BRDA:239,25,0,6
BRDA:239,25,1,6
BRDA:239,25,2,4
BRDA:247,26,0,3
BRDA:247,26,1,0
BRDA:247,27,0,3
BRDA:247,27,1,2
BRDA:247,27,2,1
BRF:59
BRH:37
end_of_record
TN:
SF:controllers/promotionController.js
FN:19,(anonymous_0)
FN:73,(anonymous_1)
FN:108,(anonymous_2)
FN:118,(anonymous_3)
FNF:4
FNH:4
FNDA:4,(anonymous_0)
FNDA:3,(anonymous_1)
FNDA:1,(anonymous_2)
FNDA:1,(anonymous_3)
DA:3,8
DA:4,8
DA:5,8
DA:6,8
DA:8,8
DA:10,8
DA:20,4
DA:21,4
DA:22,4
DA:24,4
DA:25,1
DA:28,3
DA:29,3
DA:30,1
DA:33,2
DA:34,1
DA:37,1
DA:38,1
DA:40,1
DA:63,1
DA:64,1
DA:66,1
DA:68,0
DA:69,0
DA:74,3
DA:77,3
DA:78,3
DA:80,1
DA:81,1
DA:84,2
DA:85,2
DA:86,1
DA:87,1
DA:88,1
DA:90,1
DA:91,1
DA:95,2
DA:96,1
DA:97,1
DA:98,1
DA:102,0
DA:105,2
DA:109,1
DA:110,1
DA:111,1
DA:112,1
DA:114,0
DA:119,1
DA:123,8
LF:49
LH:45
BRDA:8,0,0,8
BRDA:8,0,1,8
BRDA:24,1,0,1
BRDA:24,1,1,3
BRDA:24,2,0,4
BRDA:24,2,1,3
BRDA:29,3,0,1
BRDA:29,3,1,2
BRDA:33,4,0,1
BRDA:33,4,1,1
BRDA:37,5,0,1
BRDA:37,5,1,1
BRDA:37,6,0,1
BRDA:37,6,1,0
BRDA:37,7,0,0
BRDA:37,7,1,0
BRDA:85,8,0,1
BRDA:85,8,1,1
BRDA:90,9,0,1
BRDA:90,9,1,0
BRDA:95,10,0,1
BRDA:95,10,1,1
BRDA:97,11,0,1
BRDA:97,11,1,0
BRF:24
BRH:19
end_of_record
TN:
SF:controllers/subscriptionController.js
FN:5,(anonymous_0)
FN:12,(anonymous_1)
FN:39,(anonymous_2)
FN:54,(anonymous_3)
FNF:4
FNH:4
FNDA:7,(anonymous_0)
FNDA:6,(anonymous_1)
FNDA:2,(anonymous_2)
FNDA:1,(anonymous_3)
DA:1,7
DA:2,7
DA:6,7
DA:7,7
DA:8,7
DA:9,7
DA:13,6
DA:14,6
DA:15,6
DA:17,6
DA:18,1
DA:20,5
DA:21,1
DA:23,4
DA:24,1
DA:27,3
DA:30,2
DA:32,1
DA:33,1
DA:35,0
DA:40,2
DA:41,2
DA:42,2
DA:44,2
DA:45,2
DA:46,1
DA:48,1
DA:50,0
DA:55,1
DA:56,1
DA:57,1
DA:58,1
DA:60,0
DA:65,7
LF:34
LH:31
BRDA:17,0,0,1
BRDA:17,0,1,5
BRDA:20,1,0,1
BRDA:20,1,1,4
BRDA:23,2,0,1
BRDA:23,2,1,3
BRDA:32,3,0,1
BRDA:32,3,1,0
BRDA:45,4,0,1
BRDA:45,4,1,1
BRF:10
BRH:9
end_of_record
TN:
SF:controllers/tagController.js
FN:5,(anonymous_0)
FN:24,(anonymous_1)
FN:36,(anonymous_2)
FN:65,(anonymous_3)
FNF:4
FNH:4
FNDA:3,(anonymous_0)
FNDA:1,(anonymous_1)
FNDA:4,(anonymous_2)
FNDA:2,(anonymous_3)
DA:1,7
DA:2,7
DA:6,3
DA:7,3
DA:8,3
DA:9,1
DA:12,2
DA:13,2
DA:14,1
DA:17,1
DA:18,1
DA:20,0
DA:25,1
DA:27,1
DA:30,1
DA:32,0
DA:37,4
DA:38,4
DA:39,4
DA:41,4
DA:42,1
DA:45,3
DA:46,3
DA:47,1
DA:50,2
DA:51,2
DA:52,2
DA:53,1
DA:57,1
DA:58,1
DA:59,1
DA:61,0
DA:66,2
DA:67,2
DA:68,2
DA:69,2
DA:70,1
DA:72,1
DA:73,1
DA:75,0
DA:80,7
LF:41
LH:37
BRDA:8,0,0,1
BRDA:8,0,1,2
BRDA:13,1,0,1
BRDA:13,1,1,1
BRDA:41,2,0,1
BRDA:41,2,1,3
BRDA:46,3,0,1
BRDA:46,3,1,2
BRDA:50,4,0,2
BRDA:50,4,1,0
BRDA:52,5,0,1
BRDA:52,5,1,1
BRDA:69,6,0,1
BRDA:69,6,1,1
BRF:14
BRH:13
end_of_record
TN:
SF:controllers/userController.js
FN:21,(anonymous_0)
FN:39,(anonymous_1)
FN:48,(anonymous_2)
FN:57,(anonymous_3)
FN:64,(anonymous_4)
FN:71,(anonymous_5)
FN:91,(anonymous_6)
FN:129,(anonymous_7)
FN:144,(anonymous_8)
FN:168,(anonymous_9)
FN:184,(anonymous_10)
FN:230,(anonymous_11)
FN:278,(anonymous_12)
FN:293,(anonymous_13)
FN:317,(anonymous_14)
FN:329,(anonymous_15)
FN:339,(anonymous_16)
FN:352,(anonymous_17)
FN:383,(anonymous_18)
FNF:19
FNH:17
FNDA:7,(anonymous_0)
FNDA:1,(anonymous_1)
FNDA:7,(anonymous_2)
FNDA:0,(anonymous_3)
FNDA:2,(anonymous_4)
FNDA:7,(anonymous_5)
FNDA:2,(anonymous_6)
FNDA:0,(anonymous_7)
FNDA:1,(anonymous_8)
FNDA:2,(anonymous_9)
FNDA:7,(anonymous_10)
FNDA:2,(anonymous_11)
FNDA:1,(anonymous_12)
FNDA:223,(anonymous_13)
FNDA:1,(anonymous_14)
FNDA:1,(anonymous_15)
FNDA:1,(anonymous_16)
FNDA:2,(anonymous_17)
FNDA:2,(anonymous_18)
DA:1,7
DA:2,7
DA:3,7
DA:4,7
DA:5,7
DA:8,7
DA:13,7
DA:14,7
DA:15,7
DA:17,0
DA:22,7
DA:24,7
DA:25,7
DA:26,7
DA:27,7
DA:28,7
DA:29,7
DA:30,7
DA:31,7
DA:32,7
DA:33,7
DA:34,7
DA:35,7
DA:36,7
DA:40,1
DA:41,1
DA:42,1
DA:44,0
DA:49,7
DA:50,7
DA:51,7
DA:52,7
DA:56,5
DA:57,0
DA:60,5
DA:61,5
DA:62,4
DA:64,2
DA:69,7
DA:70,7
DA:72,7
DA:74,7
DA:75,1
DA:76,1
DA:77,1
DA:78,1
DA:81,7
DA:84,7
DA:86,0
DA:87,0
DA:92,2
DA:93,2
DA:94,2
DA:96,2
DA:97,0
DA:100,2
DA:101,2
DA:102,1
DA:105,1
DA:106,1
DA:108,1
DA:109,0
DA:110,0
DA:111,0
DA:112,0
DA:115,1
DA:116,1
DA:122,0
DA:124,0
DA:125,0
DA:130,0
DA:131,0
DA:133,0
DA:134,0
DA:137,0
DA:138,0
DA:140,0
DA:145,1
DA:146,1
DA:147,1
DA:149,1
DA:150,0
DA:153,1
DA:156,1
DA:157,1
DA:159,0
DA:162,1
DA:164,0
DA:169,2
DA:170,2
DA:171,2
DA:173,2
DA:174,0
DA:177,2
DA:178,1
DA:180,1
DA:185,7
DA:186,7
DA:187,7
DA:189,7
DA:190,0
DA:193,7
DA:194,1
DA:197,6
DA:198,1
DA:201,5
DA:204,5
DA:205,2
DA:208,3
DA:209,3
DA:210,0
DA:212,3
DA:213,1
DA:216,2
DA:217,2
DA:218,1
DA:221,1
DA:222,1
DA:225,0
DA:231,2
DA:232,2
DA:233,2
DA:236,2
DA:237,2
DA:239,2
DA:240,2
DA:241,2
DA:242,2
DA:243,2
DA:246,2
DA:250,2
DA:251,1
DA:252,1
DA:254,0
DA:260,2
DA:264,2
DA:265,1
DA:268,2
DA:271,2
DA:273,0
DA:279,1
DA:280,1
DA:281,1
DA:293,1
DA:294,223
DA:295,223
DA:311,1
DA:313,0
DA:318,1
DA:319,1
DA:320,1
DA:321,1
DA:322,1
DA:324,0
DA:325,0
DA:330,1
DA:331,1
DA:332,1
DA:333,1
DA:335,0
DA:340,1
DA:341,1
DA:342,1
DA:343,1
DA:344,0
DA:346,1
DA:348,0
DA:353,2
DA:354,2
DA:355,2
DA:357,2
DA:358,1
DA:361,1
DA:362,1
DA:363,0
DA:365,1
DA:369,1
DA:370,0
DA:373,1
DA:374,1
DA:375,1
DA:377,1
DA:379,0
DA:384,2
DA:385,2
DA:386,2
DA:388,2
DA:389,0
DA:393,2
DA:412,2
DA:413,0
DA:417,2
DA:418,0
DA:425,2
DA:426,1
DA:432,1
DA:433,1
DA:435,1
DA:447,0
DA:448,0
DA:453,7
LF:201
LH:158
BRDA:9,0,0,7
BRDA:9,0,1,7
BRDA:10,1,0,7
BRDA:10,1,1,7
BRDA:15,2,0,0
BRDA:15,2,1,7
BRDA:52,3,0,5
BRDA:52,3,1,2
BRDA:56,4,0,0
BRDA:56,4,1,5
BRDA:62,5,0,2
BRDA:62,5,1,2
BRDA:72,6,0,7
BRDA:72,6,1,0
BRDA:74,7,0,1
BRDA:74,7,1,6
BRDA:77,8,0,1
BRDA:77,8,1,1
BRDA:96,9,0,0
BRDA:96,9,1,2
BRDA:101,10,0,1
BRDA:101,10,1,1
BRDA:105,11,0,1
BRDA:105,11,1,0
BRDA:106,12,0,1
BRDA:106,12,1,0
BRDA:108,13,0,0
BRDA:108,13,1,1
BRDA:111,14,0,0
BRDA:111,14,1,0
BRDA:115,15,0,1
BRDA:115,15,1,0
BRDA:133,16,0,0
BRDA:133,16,1,0
BRDA:149,17,0,0
BRDA:149,17,1,1
BRDA:173,18,0,0
BRDA:173,18,1,2
BRDA:189,19,0,0
BRDA:189,19,1,7
BRDA:193,20,0,1
BRDA:193,20,1,6
BRDA:197,21,0,1
BRDA:197,21,1,5
BRDA:204,22,0,2
BRDA:204,22,1,3
BRDA:209,23,0,0
BRDA:209,23,1,3
BRDA:212,24,0,1
BRDA:212,24,1,2
BRDA:217,25,0,1
BRDA:217,25,1,1
BRDA:241,26,0,2
BRDA:241,26,1,0
BRDA:246,27,0,2
BRDA:246,27,1,2
BRDA:250,28,0,1
BRDA:250,28,1,1
BRDA:250,29,0,2
BRDA:250,29,1,1
BRDA:264,30,0,1
BRDA:264,30,1,1
BRDA:294,31,0,1
BRDA:294,31,1,222
BRDA:294,32,0,223
BRDA:294,32,1,223
BRDA:305,33,0,223
BRDA:305,33,1,222
BRDA:306,34,0,223
BRDA:306,34,1,223
BRDA:307,35,0,223
BRDA:307,35,1,223
BRDA:343,36,0,0
BRDA:343,36,1,1
BRDA:357,37,0,1
BRDA:357,37,1,1
BRDA:357,38,0,2
BRDA:357,38,1,2
BRDA:362,39,0,0
BRDA:362,39,1,1
BRDA:365,40,0,1
BRDA:365,40,1,0
BRDA:369,41,0,0
BRDA:369,41,1,1
BRDA:388,42,0,0
BRDA:388,42,1,2
BRDA:412,43,0,0
BRDA:412,43,1,2
BRDA:417,44,0,0
BRDA:417,44,1,2
BRDA:425,45,0,1
BRDA:425,45,1,1
BRF:92
BRH:68
end_of_record
TN:
SF:controllers/waitlistController.js
FN:5,(anonymous_0)
FN:12,(anonymous_1)
FN:37,(anonymous_2)
FN:52,(anonymous_3)
FNF:4
FNH:4
FNDA:7,(anonymous_0)
FNDA:4,(anonymous_1)
FNDA:2,(anonymous_2)
FNDA:1,(anonymous_3)
DA:1,7
DA:2,7
DA:6,7
DA:7,7
DA:8,7
DA:9,7
DA:13,4
DA:14,4
DA:15,4
DA:17,4
DA:18,1
DA:20,3
DA:21,1
DA:24,2
DA:25,1
DA:27,1
DA:28,0
DA:30,1
DA:31,1
DA:33,0
DA:38,2
DA:39,2
DA:40,2
DA:42,2
DA:43,2
DA:44,1
DA:46,1
DA:48,0
DA:53,1
DA:54,1
DA:55,1
DA:57,0
DA:62,7
LF:33
LH:29
BRDA:17,0,0,1
BRDA:17,0,1,3
BRDA:20,1,0,1
BRDA:20,1,1,2
BRDA:27,2,0,0
BRDA:27,2,1,1
BRDA:30,3,0,1
BRDA:30,3,1,0
BRDA:43,4,0,1
BRDA:43,4,1,1
BRF:10
BRH:8
end_of_record
TN:
SF:middleware/authMiddleware.js
FN:4,(anonymous_0)
FNF:1
FNH:1
FNDA:120,(anonymous_0)
DA:1,8
DA:2,8
DA:4,8
DA:5,120
DA:7,120
DA:9,120
DA:10,1
DA:14,119
DA:17,116
DA:19,116
DA:20,2
DA:24,114
DA:25,1
DA:29,113
DA:30,113
DA:32,3
DA:33,1
DA:35,2
DA:36,2
DA:40,8
LF:20
LH:20
BRDA:9,0,0,1
BRDA:9,0,1,119
BRDA:19,1,0,2
BRDA:19,1,1,114
BRDA:24,2,0,1
BRDA:24,2,1,113
BRDA:32,3,0,1
BRDA:32,3,1,2
BRF:8
BRH:8
end_of_record
TN:
SF:middleware/roleMiddleware.js
FN:7,(anonymous_0)
FN:46,(anonymous_1)
FNF:2
FNH:2
FNDA:42,(anonymous_0)
FNDA:29,(anonymous_1)
DA:1,8
DA:2,8
DA:7,8
DA:8,42
DA:10,42
DA:12,42
DA:13,1
DA:17,41
DA:20,41
DA:22,41
DA:23,0
DA:27,41
DA:28,2
DA:32,39
DA:33,39
DA:35,0
DA:36,0
DA:38,0
DA:39,0
DA:46,8
DA:47,29
DA:49,29
DA:51,29
DA:52,0
DA:56,29
DA:59,29
DA:61,29
DA:62,0
DA:66,29
DA:67,1
DA:71,28
DA:72,28
DA:74,0
DA:75,0
DA:77,0
DA:78,0
DA:82,8
LF:37
LH:26
BRDA:12,0,0,1
BRDA:12,0,1,41
BRDA:22,1,0,0
BRDA:22,1,1,41
BRDA:27,2,0,2
BRDA:27,2,1,39
BRDA:35,3,0,0
BRDA:35,3,1,0
BRDA:51,4,0,0
BRDA:51,4,1,29
BRDA:61,5,0,0
BRDA:61,5,1,29
BRDA:66,6,0,1
BRDA:66,6,1,28
BRDA:66,7,0,29
BRDA:66,7,1,2
BRDA:74,8,0,0
BRDA:74,8,1,0
BRF:18
BRH:11
end_of_record
TN:
SF:models/achievement.js
FN:4,(anonymous_0)
FNF:1
FNH:1
FNDA:18,(anonymous_0)
DA:2,18
DA:4,18
DA:6,18
DA:60,18
LF:4
LH:4
BRF:0
BRH:0
end_of_record
TN:
SF:models/category.js
FN:4,(anonymous_0)
FNF:1
FNH:1
FNDA:18,(anonymous_0)
DA:2,18
DA:4,18
DA:6,18
DA:29,18
LF:4
LH:4
BRF:0
BRH:0
end_of_record
TN:
SF:models/event.js
FN:4,(anonymous_0)
FNF:1
FNH:1
FNDA:18,(anonymous_0)
DA:2,18
DA:4,18
DA:6,18
DA:109,18
LF:4
LH:4
BRF:0
BRH:0
end_of_record
TN:
SF:models/eventregistration.js
FN:5,(anonymous_0)
FNF:1
FNH:1
FNDA:18,(anonymous_0)
DA:3,18
DA:5,18
DA:7,18
DA:51,18
LF:4
LH:4
BRF:0
BRH:0
end_of_record
TN:
SF:models/eventsubscription.js
FN:4,(anonymous_0)
FNF:1
FNH:1
FNDA:18,(anonymous_0)
DA:2,18
DA:4,18
DA:6,18
DA:43,18
LF:4
LH:4
BRF:0
BRH:0
end_of_record
TN:
SF:models/eventtag.js
FN:4,(anonymous_0)
FNF:1
FNH:1
FNDA:18,(anonymous_0)
DA:2,18
DA:4,18
DA:6,18
DA:23,18
LF:4
LH:4
BRF:0
BRH:0
end_of_record
TN:
SF:models/eventview.js
FN:4,(anonymous_0)
FNF:1
FNH:1
FNDA:18,(anonymous_0)
DA:2,18
DA:4,18
DA:6,18
DA:37,18
LF:4
LH:4
BRF:0
BRH:0
end_of_record
TN:
SF:models/eventwaitlist.js
FN:4,(anonymous_0)
FNF:1
FNH:1
FNDA:18,(anonymous_0)
DA:2,18
DA:4,18
DA:6,18
DA:44,18
LF:4
LH:4
BRF:0
BRH:0
end_of_record
TN:
SF:models/index.js
FN:21,(anonymous_0)
FN:30,(anonymous_1)
FNF:2
FNH:2
FNDA:360,(anonymous_0)
FNDA:306,(anonymous_1)
DA:4,18
DA:5,18
DA:6,18
DA:7,18
DA:8,18
DA:9,18
DA:10,18
DA:13,18
DA:14,0
DA:16,18
DA:19,18
DA:22,360
DA:31,306
DA:32,306
DA:36,18
DA:37,18
DA:39,18
DA:40,18
DA:42,18
LF:19
LH:18
BRDA:8,0,0,18
BRDA:8,0,1,0
BRDA:13,1,0,0
BRDA:13,1,1,18
BRDA:23,2,0,360
BRDA:23,2,1,360
BRDA:23,2,2,342
BRDA:23,2,3,324
BRDA:23,2,4,306
BRF:9
BRH:7
end_of_record
TN:
SF:models/organizerrequest.js
FN:4,(anonymous_0)
FNF:1
FNH:1
FNDA:18,(anonymous_0)
DA:2,18
DA:4,18
DA:6,18
DA:36,18
LF:4
LH:4
BRF:0
BRH:0
end_of_record
TN:
SF:models/promotion.js
FN:3,(anonymous_0)
FNF:1
FNH:1
FNDA:18,(anonymous_0)
DA:3,18
DA:4,18
DA:61,18
LF:3
LH:3
BRF:0
BRH:0
end_of_record
TN:
SF:models/pushsubscription.js
FN:4,(anonymous_0)
FNF:1
FNH:1
FNDA:18,(anonymous_0)
DA:2,18
DA:4,18
DA:6,18
DA:40,18
LF:4
LH:4
BRF:0
BRH:0
end_of_record
TN:
SF:models/relations.js
FN:3,(anonymous_0)
FNF:1
FNH:1
FNDA:18,(anonymous_0)
DA:3,18
DA:22,18
DA:25,18
DA:26,18
DA:29,18
DA:30,18
DA:33,18
DA:34,18
DA:37,18
DA:38,18
DA:41,18
DA:42,18
DA:45,18
DA:46,18
DA:49,18
DA:50,18
DA:53,18
DA:54,18
DA:55,18
DA:56,18
DA:57,18
DA:58,18
DA:61,18
DA:62,18
DA:65,18
DA:66,18
DA:67,18
DA:68,18
DA:69,18
DA:73,18
DA:74,18
DA:77,18
DA:78,18
DA:79,18
DA:81,18
DA:82,18
DA:86,18
DA:87,18
DA:88,18
DA:92,18
DA:93,18
DA:94,18
DA:98,18
DA:99,18
DA:100,18
LF:45
LH:45
BRDA:65,0,0,18
BRDA:65,0,1,0
BRDA:77,1,0,18
BRDA:77,1,1,0
BRDA:77,2,0,18
BRDA:77,2,1,18
BRDA:86,3,0,18
BRDA:86,3,1,0
BRDA:86,4,0,18
BRDA:86,4,1,18
BRDA:86,4,2,18
BRDA:92,5,0,18
BRDA:92,5,1,0
BRDA:92,6,0,18
BRDA:92,6,1,18
BRDA:98,7,0,18
BRDA:98,7,1,0
BRDA:98,8,0,18
BRDA:98,8,1,18
BRF:19
BRH:14
end_of_record
TN:
SF:models/review.js
FN:5,(anonymous_0)
FNF:1
FNH:1
FNDA:18,(anonymous_0)
DA:3,18
DA:5,18
DA:7,18
DA:45,18
LF:4
LH:4
BRF:0
BRH:0
end_of_record
TN:
SF:models/role.js
FN:4,(anonymous_0)
FNF:1
FNH:1
FNDA:18,(anonymous_0)
DA:2,18
DA:4,18
DA:6,18
DA:22,18
LF:4
LH:4
BRF:0
BRH:0
end_of_record
TN:
SF:models/status.js
FN:4,(anonymous_0)
FNF:1
FNH:1
FNDA:18,(anonymous_0)
DA:2,18
DA:4,18
DA:6,18
DA:22,18
LF:4
LH:4
BRF:0
BRH:0
end_of_record
TN:
SF:models/tag.js
FN:4,(anonymous_0)
FNF:1
FNH:1
FNDA:18,(anonymous_0)
DA:2,18
DA:4,18
DA:6,18
DA:35,18
LF:4
LH:4
BRF:0
BRH:0
end_of_record
TN:
SF:models/user.js
FN:4,(anonymous_0)
FNF:1
FNH:1
FNDA:18,(anonymous_0)
DA:2,18
DA:4,18
DA:6,18
DA:52,18
LF:4
LH:4
BRF:0
BRH:0
end_of_record
TN:
SF:models/userachievement.js
FN:4,(anonymous_0)
FNF:1
FNH:1
FNDA:18,(anonymous_0)
DA:2,18
DA:4,18
DA:6,18
DA:52,18
LF:4
LH:4
BRF:0
BRH:0
end_of_record
TN:
SF:repository/achievementRepository.js
FN:4,(anonymous_0)
FN:9,(anonymous_1)
FN:13,(anonymous_2)
FN:17,(anonymous_3)
FN:21,(anonymous_4)
FNF:5
FNH:4
FNDA:0,(anonymous_0)
FNDA:2,(anonymous_1)
FNDA:3,(anonymous_2)
FNDA:2,(anonymous_3)
FNDA:1,(anonymous_4)
DA:1,7
DA:5,0
DA:6,0
DA:10,2
DA:14,3
DA:18,2
DA:22,1
DA:26,7
LF:8
LH:6
BRF:0
BRH:0
end_of_record
TN:
SF:repository/adminRepository.js
FN:7,(anonymous_0)
FN:10,(anonymous_1)
FN:13,(anonymous_2)
FN:16,(anonymous_3)
FN:28,(anonymous_4)
FN:49,(anonymous_5)
FN:53,(anonymous_6)
FN:57,(anonymous_7)
FN:69,(anonymous_8)
FN:73,(anonymous_9)
FN:77,(anonymous_10)
FN:81,(anonymous_11)
FN:118,(anonymous_12)
FNF:13
FNH:10
FNDA:0,(anonymous_0)
FNDA:1,(anonymous_1)
FNDA:1,(anonymous_2)
FNDA:2,(anonymous_3)
FNDA:0,(anonymous_4)
FNDA:1,(anonymous_5)
FNDA:1,(anonymous_6)
FNDA:1,(anonymous_7)
FNDA:1,(anonymous_8)
FNDA:1,(anonymous_9)
FNDA:0,(anonymous_10)
FNDA:4,(anonymous_11)
FNDA:1,(anonymous_12)
DA:1,7
DA:2,7
DA:3,7
DA:8,0
DA:11,1
DA:14,1
DA:18,2
DA:19,2
DA:20,1
DA:24,1
DA:28,1
DA:31,1
DA:37,1
DA:43,1
DA:50,1
DA:54,1
DA:58,1
DA:70,1
DA:74,1
DA:78,0
DA:82,4
DA:83,4
DA:95,4
DA:96,1
DA:99,4
DA:103,4
DA:104,1
DA:105,1
DA:106,1
DA:110,4
DA:111,0
DA:112,0
DA:115,4
DA:119,1
DA:124,7
LF:35
LH:31
BRDA:19,0,0,1
BRDA:19,0,1,1
BRDA:95,1,0,1
BRDA:95,1,1,3
BRDA:103,2,0,1
BRDA:103,2,1,3
BRDA:103,3,0,4
BRDA:103,3,1,1
BRDA:105,4,0,1
BRDA:105,4,1,0
BRDA:110,5,0,0
BRDA:110,5,1,4
BRDA:110,6,0,4
BRDA:110,6,1,3
BRDA:110,6,2,3
BRDA:110,6,3,0
BRF:16
BRH:13
end_of_record
TN:
SF:repository/eventViewRepository.js
FN:5,(anonymous_0)
FN:10,(anonymous_1)
FN:22,(anonymous_2)
FN:73,(anonymous_3)
FN:74,(anonymous_4)
FN:76,(anonymous_5)
FN:95,(anonymous_6)
FN:96,(anonymous_7)
FN:97,(anonymous_8)
FN:101,(anonymous_9)
FNF:10
FNH:10
FNDA:2,(anonymous_0)
FNDA:2,(anonymous_1)
FNDA:1,(anonymous_2)
FNDA:1,(anonymous_3)
FNDA:1,(anonymous_4)
FNDA:1,(anonymous_5)
FNDA:1,(anonymous_6)
FNDA:1,(anonymous_7)
FNDA:1,(anonymous_8)
FNDA:1,(anonymous_9)
DA:1,7
DA:2,7
DA:6,2
DA:7,2
DA:11,2
DA:13,2
DA:22,2
DA:24,2
DA:25,1
DA:32,1
DA:43,1
DA:55,1
DA:56,1
DA:58,1
DA:73,1
DA:74,1
DA:76,1
DA:77,1
DA:78,1
DA:79,1
DA:80,1
DA:81,1
DA:83,1
DA:95,1
DA:96,1
DA:97,1
DA:99,1
DA:101,1
DA:116,7
LF:29
LH:29
BRDA:6,0,0,2
BRDA:6,0,1,0
BRDA:7,1,0,2
BRDA:7,1,1,2
BRDA:24,2,0,1
BRDA:24,2,1,1
BRDA:79,3,0,1
BRDA:79,3,1,0
BRDA:80,4,0,1
BRDA:80,4,1,0
BRDA:81,5,0,1
BRDA:81,5,1,0
BRDA:87,6,0,1
BRDA:87,6,1,0
BRDA:91,7,0,1
BRDA:91,7,1,0
BRDA:110,8,0,1
BRDA:110,8,1,0
BRF:18
BRH:11
end_of_record
TN:
SF:repository/organizerRepository.js
FN:8,(anonymous_0)
FN:25,(anonymous_1)
FN:44,(anonymous_2)
FN:63,(anonymous_3)
FN:100,(anonymous_4)
FN:104,(anonymous_5)
FN:164,(anonymous_6)
FN:183,(anonymous_7)
FNF:8
FNH:8
FNDA:4,(anonymous_0)
FNDA:1,(anonymous_1)
FNDA:3,(anonymous_2)
FNDA:2,(anonymous_3)
FNDA:1,(anonymous_4)
FNDA:1,(anonymous_5)
FNDA:1,(anonymous_6)
FNDA:4,(anonymous_7)
DA:1,7
DA:2,7
DA:3,7
DA:4,7
DA:5,7
DA:9,4
DA:12,4
DA:13,0
DA:16,4
DA:18,4
DA:19,1
DA:22,4
DA:26,1
DA:45,3
DA:64,2
DA:65,2
DA:77,2
DA:78,1
DA:81,2
DA:85,2
DA:86,0
DA:87,0
DA:88,0
DA:92,2
DA:93,0
DA:94,0
DA:97,2
DA:101,1
DA:105,1
DA:106,1
DA:107,0
DA:110,1
DA:113,1
DA:114,0
DA:116,1
DA:117,1
DA:120,1
DA:121,0
DA:124,1
DA:127,1
DA:128,1
DA:129,0
DA:132,1
DA:133,1
DA:134,0
DA:137,1
DA:140,1
DA:146,1
DA:150,1
DA:152,1
DA:153,0
DA:154,0
DA:158,1
DA:165,1
DA:185,4
DA:186,4
DA:187,1
DA:191,3
DA:199,3
DA:200,1
DA:204,2
DA:205,1
DA:209,1
DA:210,0
DA:214,1
DA:215,1
DA:218,1
DA:219,1
DA:220,1
DA:221,0
DA:222,0
DA:224,0
DA:228,1
DA:238,7
LF:74
LH:57
BRDA:12,0,0,0
BRDA:12,0,1,4
BRDA:18,1,0,1
BRDA:18,1,1,3
BRDA:18,2,0,4
BRDA:18,2,1,4
BRDA:18,2,2,4
BRDA:77,3,0,1
BRDA:77,3,1,1
BRDA:85,4,0,0
BRDA:85,4,1,2
BRDA:85,5,0,2
BRDA:85,5,1,0
BRDA:87,6,0,0
BRDA:87,6,1,0
BRDA:92,7,0,0
BRDA:92,7,1,2
BRDA:92,8,0,2
BRDA:92,8,1,2
BRDA:92,8,2,2
BRDA:92,8,3,0
BRDA:106,9,0,0
BRDA:106,9,1,1
BRDA:113,10,0,0
BRDA:113,10,1,1
BRDA:120,11,0,0
BRDA:120,11,1,1
BRDA:120,12,0,1
BRDA:120,12,1,1
BRDA:127,13,0,1
BRDA:127,13,1,0
BRDA:128,14,0,0
BRDA:128,14,1,1
BRDA:133,15,0,0
BRDA:133,15,1,1
BRDA:152,16,0,0
BRDA:152,16,1,1
BRDA:152,17,0,1
BRDA:152,17,1,0
BRDA:152,17,2,0
BRDA:186,18,0,1
BRDA:186,18,1,3
BRDA:199,19,0,1
BRDA:199,19,1,2
BRDA:204,20,0,1
BRDA:204,20,1,1
BRDA:209,21,0,0
BRDA:209,21,1,1
BRDA:209,22,0,1
BRDA:209,22,1,1
BRDA:220,23,0,0
BRDA:220,23,1,1
BRF:52
BRH:34
end_of_record
TN:
SF:repository/promotionRepository.js
FN:15,(anonymous_0)
FN:19,(anonymous_1)
FN:36,(anonymous_2)
FN:49,(anonymous_3)
FN:53,(anonymous_4)
FN:70,(anonymous_5)
FN:78,(anonymous_6)
FN:91,(anonymous_7)
FN:96,(anonymous_8)
FN:105,(anonymous_9)
FNF:10
FNH:9
FNDA:0,(anonymous_0)
FNDA:7,(anonymous_1)
FNDA:2,(anonymous_2)
FNDA:1,(anonymous_3)
FNDA:2,(anonymous_4)
FNDA:2,(anonymous_5)
FNDA:1,(anonymous_6)
FNDA:1,(anonymous_7)
FNDA:1,(anonymous_8)
FNDA:1,(anonymous_9)
DA:3,8
DA:4,8
DA:6,8
DA:16,0
DA:20,7
DA:21,7
DA:22,5
DA:23,1
DA:25,4
DA:26,1
DA:28,3
DA:29,3
DA:37,2
DA:38,2
DA:40,1
DA:50,1
DA:54,2
DA:55,2
DA:57,1
DA:58,1
DA:59,1
DA:61,1
DA:62,1
DA:63,1
DA:64,1
DA:65,1
DA:66,1
DA:67,1
DA:71,2
DA:72,2
DA:73,1
DA:74,1
DA:75,1
DA:79,1
DA:80,1
DA:92,1
DA:96,1
DA:98,1
DA:106,1
DA:107,1
DA:119,8
DA:120,8
LF:42
LH:41
BRDA:21,0,0,2
BRDA:21,0,1,5
BRDA:22,1,0,1
BRDA:22,1,1,4
BRDA:25,2,0,1
BRDA:25,2,1,3
BRDA:28,3,0,2
BRDA:28,3,1,1
BRDA:38,4,0,1
BRDA:38,4,1,1
BRDA:55,5,0,1
BRDA:55,5,1,1
BRDA:72,6,0,1
BRDA:72,6,1,1
BRF:14
BRH:14
end_of_record
TN:
SF:repository/subscriptionRepository.js
FN:6,(anonymous_0)
FN:13,(anonymous_1)
FN:20,(anonymous_2)
FN:25,(anonymous_3)
FNF:4
FNH:4
FNDA:3,(anonymous_0)
FNDA:2,(anonymous_1)
FNDA:1,(anonymous_2)
FNDA:8,(anonymous_3)
DA:1,7
DA:2,7
DA:7,3
DA:14,2
DA:21,1
DA:26,8
DA:33,7
LF:7
LH:7
BRF:0
BRH:0
end_of_record
TN:
SF:repository/userRepository.js
FN:5,(anonymous_0)
FN:9,(anonymous_1)
FN:88,(anonymous_2)
FN:181,(anonymous_3)
FN:187,(anonymous_4)
FN:202,(anonymous_5)
FN:235,(anonymous_6)
FN:239,(anonymous_7)
FN:268,(anonymous_8)
FN:272,(anonymous_9)
FN:278,(anonymous_10)
FNF:11
FNH:10
FNDA:1,(anonymous_0)
FNDA:7,(anonymous_1)
FNDA:5,(anonymous_2)
FNDA:1,(anonymous_3)
FNDA:2,(anonymous_4)
FNDA:1,(anonymous_5)
FNDA:0,(anonymous_6)
FNDA:2,(anonymous_7)
FNDA:1,(anonymous_8)
FNDA:1,(anonymous_9)
FNDA:2,(anonymous_10)
DA:1,7
DA:6,1
DA:10,7
DA:11,7
DA:12,7
DA:14,7
DA:44,7
DA:80,7
DA:81,5
DA:82,5
DA:85,7
DA:90,5
DA:91,3
DA:128,2
DA:129,2
DA:140,2
DA:141,1
DA:145,1
DA:151,1
DA:152,1
DA:153,1
DA:156,1
DA:160,1
DA:175,0
DA:176,0
DA:182,1
DA:183,1
DA:184,1
DA:188,2
DA:191,2
DA:192,1
DA:195,1
DA:196,1
DA:197,1
DA:199,1
DA:204,1
DA:205,1
DA:206,0
DA:210,1
DA:217,1
DA:218,0
DA:223,1
DA:224,0
DA:228,1
DA:229,0
DA:232,1
DA:236,0
DA:240,2
DA:269,1
DA:273,1
DA:279,2
DA:285,7
LF:52
LH:45
BRDA:9,0,0,0
BRDA:80,1,0,5
BRDA:80,1,1,2
BRDA:80,2,0,7
BRDA:80,2,1,5
BRDA:80,2,2,5
BRDA:90,3,0,3
BRDA:90,3,1,2
BRDA:140,4,0,1
BRDA:140,4,1,1
BRDA:152,5,0,1
BRDA:152,5,1,0
BRDA:152,6,0,1
BRDA:152,6,1,1
BRDA:162,7,0,1
BRDA:162,7,1,0
BRDA:166,8,0,1
BRDA:166,8,1,1
BRDA:168,9,0,0
BRDA:168,9,1,1
BRDA:191,10,0,1
BRDA:191,10,1,1
BRDA:205,11,0,0
BRDA:205,11,1,1
BRDA:217,12,0,0
BRDA:217,12,1,1
BRDA:223,13,0,0
BRDA:223,13,1,1
BRDA:228,14,0,0
BRDA:228,14,1,1
BRDA:228,15,0,1
BRDA:228,15,1,0
BRF:32
BRH:23
end_of_record
TN:
SF:repository/waitlistRepository.js
FN:5,(anonymous_0)
FN:24,(anonymous_1)
FN:28,(anonymous_2)
FN:32,(anonymous_3)
FN:51,(anonymous_4)
FNF:5
FNH:3
FNDA:2,(anonymous_0)
FNDA:2,(anonymous_1)
FNDA:0,(anonymous_2)
FNDA:1,(anonymous_3)
FNDA:0,(anonymous_4)
DA:1,7
DA:2,7
DA:6,2
DA:7,2
DA:8,0
DA:10,2
DA:11,1
DA:14,1
DA:17,1
DA:18,0
DA:21,1
DA:25,2
DA:29,0
DA:33,1
DA:52,0
DA:59,7
LF:16
LH:12
BRDA:7,0,0,0
BRDA:7,0,1,2
BRDA:10,1,0,1
BRDA:10,1,1,1
BRDA:17,2,0,0
BRDA:17,2,1,1
BRF:6
BRH:4
end_of_record
TN:
SF:routes/adminRoutes.js
FN:13,(anonymous_0)
FNF:1
FNH:1
FNDA:1,(anonymous_0)
DA:1,7
DA:2,7
DA:3,7
DA:4,7
DA:5,7
DA:7,7
DA:9,7
DA:10,7
DA:11,7
DA:14,1
DA:15,1
DA:16,1
DA:17,1
DA:18,1
DA:20,0
DA:25,7
DA:26,7
DA:27,7
DA:28,7
DA:29,7
DA:31,7
DA:32,7
DA:34,7
DA:35,7
DA:36,7
DA:38,7
DA:39,7
DA:42,7
DA:43,7
DA:44,7
DA:45,7
DA:48,7
DA:49,7
DA:50,7
DA:54,7
LF:35
LH:34
BRDA:17,0,0,1
BRDA:17,0,1,0
BRDA:17,1,0,1
BRDA:17,1,1,1
BRF:4
BRH:3
end_of_record
TN:
SF:routes/authRoutes.js
FNF:0
FNH:0
DA:1,7
DA:2,7
DA:4,7
DA:6,7
DA:7,7
DA:8,7
DA:9,7
DA:11,7
LF:8
LH:8
BRF:0
BRH:0
end_of_record
TN:
SF:routes/guestRouter.js
FNF:0
FNH:0
DA:1,7
DA:2,7
DA:3,7
DA:4,7
DA:5,7
DA:7,7
DA:9,7
DA:10,7
DA:11,7
DA:12,7
DA:13,7
DA:14,7
DA:16,7
LF:13
LH:13
BRF:0
BRH:0
end_of_record
TN:
SF:routes/organizerRoutes.js
FN:12,(anonymous_0)
FNF:1
FNH:1
FNDA:3,(anonymous_0)
DA:1,7
DA:2,7
DA:3,7
DA:4,7
DA:6,7
DA:8,7
DA:9,7
DA:10,7
DA:13,3
DA:14,3
DA:15,3
DA:16,3
DA:17,3
DA:19,0
DA:24,7
DA:25,7
DA:26,7
DA:27,7
DA:28,7
DA:29,7
DA:30,7
DA:31,7
DA:33,7
DA:34,7
DA:35,7
DA:38,7
LF:26
LH:25
BRDA:16,0,0,3
BRDA:16,0,1,0
BRDA:16,1,0,3
BRDA:16,1,1,3
BRF:4
BRH:3
end_of_record
TN:
SF:routes/userRoutes.js
FN:38,(anonymous_0)
FN:46,(anonymous_1)
FN:57,(anonymous_2)
FNF:3
FNH:0
FNDA:0,(anonymous_0)
FNDA:0,(anonymous_1)
FNDA:0,(anonymous_2)
DA:1,7
DA:2,7
DA:3,7
DA:4,7
DA:5,7
DA:6,7
DA:8,7
DA:10,7
DA:11,7
DA:12,7
DA:13,7
DA:15,7
DA:16,7
DA:17,7
DA:18,7
DA:19,7
DA:20,7
DA:21,7
DA:22,7
DA:24,7
DA:25,7
DA:28,7
DA:29,7
DA:30,7
DA:33,7
DA:34,7
DA:35,7
DA:38,7
DA:39,0
DA:40,0
DA:41,0
DA:43,0
DA:46,7
DA:47,0
DA:48,0
DA:49,0
DA:50,0
DA:51,0
DA:53,0
DA:57,7
DA:58,0
DA:59,0
DA:60,0
DA:61,0
DA:63,0
DA:68,7
LF:46
LH:31
BRDA:40,0,0,0
BRDA:40,0,1,0
BRF:2
BRH:0
end_of_record
TN:
SF:services/achievementService.js
FN:7,(anonymous_0)
FN:46,(anonymous_1)
FN:62,(anonymous_2)
FNF:3
FNH:3
FNDA:198,(anonymous_0)
FNDA:2,(anonymous_1)
FNDA:1,(anonymous_2)
DA:1,8
DA:8,198
DA:9,198
DA:11,197
DA:22,197
DA:23,196
DA:24,196
DA:25,1
DA:27,195
DA:31,196
DA:33,196
DA:34,196
DA:35,19
DA:36,19
DA:38,196
DA:39,196
DA:47,2
DA:50,2
DA:51,175
DA:52,175
DA:63,1
DA:66,1
DA:67,22
DA:68,22
DA:69,22
DA:70,0
DA:71,0
DA:72,0
DA:78,8
LF:29
LH:26
BRDA:7,0,0,1
BRDA:7,1,0,2
BRDA:9,2,0,1
BRDA:9,2,1,197
BRDA:22,3,0,196
BRDA:22,3,1,1
BRDA:23,4,0,196
BRDA:23,4,1,0
BRDA:24,5,0,1
BRDA:24,5,1,195
BRDA:31,6,0,0
BRDA:31,6,1,196
BRDA:33,7,0,196
BRDA:33,7,1,195
BRDA:34,8,0,19
BRDA:34,8,1,177
BRDA:51,9,0,0
BRDA:51,9,1,175
BRDA:51,10,0,175
BRDA:51,10,1,1
BRDA:67,11,0,22
BRDA:67,11,1,0
BRDA:68,12,0,0
BRDA:68,12,1,22
BRDA:68,13,0,22
BRDA:68,13,1,0
BRDA:70,14,0,0
BRDA:70,14,1,0
BRDA:71,15,0,0
BRDA:71,15,1,0
BRDA:71,16,0,0
BRDA:71,16,1,0
BRF:32
BRH:20
end_of_record
TN:
SF:services/baseValidators.js
FN:8,validateStringLength
FN:19,validateNumberRange
FN:28,validatePresence
FN:36,validateLogin
FN:44,validateText
FN:52,validateRating
FNF:6
FNH:5
FNDA:53,validateStringLength
FNDA:65,validateNumberRange
FNDA:162,validatePresence
FNDA:0,validateLogin
FNDA:39,validateText
FNDA:14,validateRating
DA:9,53
DA:10,52
DA:20,65
DA:21,63
DA:29,162
DA:37,0
DA:45,39
DA:53,14
DA:56,9
LF:9
LH:8
BRDA:9,0,0,1
BRDA:9,0,1,52
BRDA:10,1,0,52
BRDA:10,1,1,50
BRDA:20,2,0,2
BRDA:20,2,1,63
BRDA:21,3,0,63
BRDA:21,3,1,54
BRDA:29,4,0,162
BRDA:29,4,1,161
BRDA:29,4,2,134
BRF:11
BRH:11
end_of_record
TN:
SF:services/eventValidator.js
FN:8,(anonymous_0)
FN:12,(anonymous_1)
FNF:2
FNH:2
FNDA:23,(anonymous_0)
FNDA:18,(anonymous_1)
DA:6,8
DA:8,8
DA:9,23
DA:12,8
DA:13,18
DA:14,18
DA:16,18
DA:17,18
DA:18,18
DA:19,18
DA:20,18
DA:21,18
DA:22,18
DA:24,18
DA:26,14
DA:27,14
DA:28,14
DA:30,14
DA:31,1
DA:34,14
DA:35,14
DA:36,0
DA:37,14
DA:38,0
DA:39,14
DA:40,1
DA:43,14
DA:44,0
DA:46,14
DA:47,1
DA:50,14
DA:56,8
LF:32
LH:29
BRDA:16,0,0,2
BRDA:16,0,1,16
BRDA:17,1,0,3
BRDA:17,1,1,15
BRDA:18,2,0,3
BRDA:18,2,1,15
BRDA:19,3,0,4
BRDA:19,3,1,14
BRDA:20,4,0,4
BRDA:20,4,1,14
BRDA:21,5,0,4
BRDA:21,5,1,14
BRDA:22,6,0,4
BRDA:22,6,1,14
BRDA:24,7,0,4
BRDA:24,7,1,14
BRDA:26,8,0,0
BRDA:26,8,1,14
BRDA:27,9,0,0
BRDA:27,9,1,14
BRDA:28,10,0,0
BRDA:28,10,1,14
BRDA:30,11,0,1
BRDA:30,11,1,13
BRDA:35,12,0,0
BRDA:35,12,1,14
BRDA:35,13,0,14
BRDA:35,13,1,14
BRDA:37,14,0,0
BRDA:37,14,1,14
BRDA:39,15,0,1
BRDA:39,15,1,13
BRDA:39,16,0,14
BRDA:39,16,1,1
BRDA:43,17,0,0
BRDA:43,17,1,14
BRDA:46,18,0,1
BRDA:46,18,1,13
BRF:38
BRH:32
end_of_record
TN:
SF:services/notificationService.js
FN:7,(anonymous_0)
FN:12,(anonymous_1)
FN:27,(anonymous_2)
FN:27,(anonymous_3)
FN:50,(anonymous_4)
FN:68,(anonymous_5)
FN:75,(anonymous_6)
FN:100,(anonymous_7)
FN:115,(anonymous_8)
FNF:9
FNH:2
FNDA:7,(anonymous_0)
FNDA:4,(anonymous_1)
FNDA:0,(anonymous_2)
FNDA:0,(anonymous_3)
FNDA:0,(anonymous_4)
FNDA:0,(anonymous_5)
FNDA:0,(anonymous_6)
FNDA:0,(anonymous_7)
FNDA:0,(anonymous_8)
DA:1,7
DA:2,7
DA:3,7
DA:4,7
DA:8,7
DA:9,7
DA:13,4
DA:15,4
DA:16,4
DA:19,4
DA:22,4
DA:25,4
DA:26,4
DA:27,0
DA:30,4
DA:32,4
DA:34,0
DA:35,0
DA:36,0
DA:39,0
DA:40,0
DA:41,0
DA:42,0
DA:46,0
DA:51,0
DA:52,0
DA:53,0
DA:57,0
DA:59,0
DA:62,0
DA:63,0
DA:64,0
DA:71,0
DA:72,0
DA:76,0
DA:77,0
DA:78,0
DA:80,0
DA:81,0
DA:82,0
DA:83,0
DA:86,0
DA:87,0
DA:88,0
DA:89,0
DA:92,0
DA:93,0
DA:96,0
DA:101,0
DA:102,0
DA:103,0
DA:106,0
DA:107,0
DA:109,0
DA:110,0
DA:111,0
DA:116,0
DA:117,0
DA:121,7
LF:59
LH:16
BRDA:15,0,0,0
BRDA:15,0,1,4
BRDA:16,1,0,0
BRDA:16,1,1,4
BRDA:27,2,0,0
BRDA:27,2,1,0
BRDA:34,3,0,0
BRDA:34,3,1,0
BRDA:39,4,0,0
BRDA:39,4,1,0
BRDA:41,5,0,0
BRDA:41,5,1,0
BRDA:51,6,0,0
BRDA:51,6,1,0
BRDA:63,7,0,0
BRDA:63,7,1,0
BRDA:71,8,0,0
BRDA:71,8,1,0
BRDA:81,9,0,0
BRDA:81,9,1,0
BRDA:86,10,0,0
BRDA:86,10,1,0
BRDA:88,11,0,0
BRDA:88,11,1,0
BRDA:101,12,0,0
BRDA:101,12,1,0
BRDA:110,13,0,0
BRDA:110,13,1,0
BRDA:116,14,0,0
BRDA:116,14,1,0
BRF:30
BRH:2
end_of_record
TN:
SF:services/qrCodeService.js
FN:15,(anonymous_0)
FN:54,(anonymous_1)
FN:91,(anonymous_2)
FNF:3
FNH:3
FNDA:2,(anonymous_0)
FNDA:2,(anonymous_1)
FNDA:4,(anonymous_2)
DA:1,8
DA:16,2
DA:19,1
DA:30,1
DA:32,1
DA:43,1
DA:45,0
DA:55,2
DA:57,2
DA:68,2
DA:69,2
DA:80,2
DA:82,0
DA:92,4
DA:93,4
DA:95,3
DA:96,1
DA:99,2
DA:100,1
DA:103,1
DA:105,1
DA:110,8
LF:22
LH:20
BRDA:95,0,0,1
BRDA:95,0,1,2
BRDA:99,1,0,1
BRDA:99,1,1,1
BRDA:99,2,0,2
BRDA:99,2,1,2
BRDA:99,2,2,1
BRF:7
BRH:7
end_of_record
TN:
SF:tests/helpers/dbCleanup.js
FN:3,(anonymous_0)
FNF:1
FNH:1
FNDA:125,(anonymous_0)
DA:1,8
DA:3,8
DA:5,125
DA:6,125
DA:7,125
DA:8,125
DA:9,125
DA:10,125
DA:11,125
DA:12,125
DA:13,125
DA:14,125
DA:15,125
DA:16,125
DA:17,125
DA:18,125
DA:21,8
LF:17
LH:17
BRF:0
BRH:0
end_of_record
TN:
SF:tests/helpers/seedReferenceData.js
FN:3,(anonymous_0)
FNF:1
FNH:1
FNDA:125,(anonymous_0)
DA:1,8
DA:3,8
DA:4,125
DA:6,125
DA:12,125
DA:13,375
DA:18,375
DA:19,0
DA:24,125
DA:30,125
DA:31,375
DA:35,375
DA:36,0
DA:40,0
DA:44,8
LF:15
LH:12
BRDA:18,0,0,0
BRDA:18,0,1,375
BRDA:18,1,0,375
BRDA:18,1,1,375
BRDA:35,2,0,0
BRDA:35,2,1,375
BRDA:35,3,0,375
BRDA:35,3,1,375
BRF:8
BRH:6
end_of_record
